<?xml version="1.0" encoding="utf-8"?>
<coverage line-rate="1" branch-rate="0.5" version="1.9" timestamp="1788791373" lines-covered="46" lines-valid="46" branches-covered="13" branches-valid="26">
  <sources>
    <source>I:\</source>
  </sources>
  <packages>
    <package name="KopiKala" line-rate="1" branch-rate="0.5" complexity="27">
      <classes>
        <class name="KopiKala.Services.CashierService" filename="dev\web\KopiKala\.claude\worktrees\ticket-5-cashier-operations\KopiKala\Services\CashierService.cs" line-rate="1" branch-rate="0.5" complexity="27">
          <methods>
            <method name="MapToDto" signature="(KopiKala.Models.Booking)" line-rate="1" branch-rate="0.5" complexity="26">
              <lines>
                <line number="394" hits="3" branch="False" />
                <line number="395" hits="3" branch="True" condition-coverage="50% (1/2)">
                  <conditions>
                    <condition number="7" type="jump" coverage="50%" />
                  </conditions>
                </line>
                <line number="396" hits="3" branch="False" />
                <line number="397" hits="3" branch="False" />
                <line number="399" hits="3" branch="True" condition-coverage="50% (12/24)">
                  <conditions>
                    <condition number="95" type="jump" coverage="50%" />
                    <condition number="107" type="jump" coverage="50%" />
                    <condition number="130" type="jump" coverage="50%" />
                    <condition number="142" type="jump" coverage="50%" />
                    <condition number="177" type="jump" coverage="50%" />
                    <condition number="189" type="jump" coverage="50%" />
                    <condition number="211" type="jump" coverage="50%" />
                    <condition number="223" type="jump" coverage="50%" />
                    <condition number="245" type="jump" coverage="50%" />
                    <condition number="283" type="jump" coverage="50%" />
                    <condition number="295" type="jump" coverage="50%" />
                    <condition number="317" type="jump" coverage="50%" />
                  </conditions>
                </line>
                <line number="400" hits="3" branch="False" />
                <line number="401" hits="3" branch="False" />
                <line number="402" hits="3" branch="False" />
                <line number="403" hits="3" branch="False" />
                <line number="404" hits="3" branch="False" />
                <line number="405" hits="3" branch="False" />
                <line number="406" hits="3" branch="False" />
                <line number="407" hits="3" branch="False" />
                <line number="408" hits="3" branch="False" />
                <line number="409" hits="3" branch="False" />
                <line number="410" hits="3" branch="False" />
                <line number="411" hits="3" branch="False" />
                <line number="412" hits="3" branch="False" />
                <line number="413" hits="3" branch="False" />
                <line number="414" hits="3" branch="False" />
                <line number="415" hits="3" branch="False" />
                <line number="416" hits="3" branch="False" />
                <line number="417" hits="3" branch="False" />
                <line number="418" hits="3" branch="False" />
                <line number="419" hits="3" branch="False" />
                <line number="420" hits="3" branch="False" />
                <line number="421" hits="3" branch="False" />
                <line number="422" hits="3" branch="False" />
                <line number="423" hits="3" branch="False" />
                <line number="424" hits="3" branch="False" />
                <line number="425" hits="3" branch="False" />
                <line number="426" hits="3" branch="False" />
                <line number="427" hits="3" branch="False" />
                <line number="428" hits="3" branch="False" />
                <line number="429" hits="3" branch="False" />
                <line number="430" hits="3" branch="False" />
                <line number="431" hits="3" branch="False" />
                <line number="432" hits="3" branch="False" />
                <line number="433" hits="3" branch="False" />
                <line number="434" hits="3" branch="False" />
              </lines>
            </method>
            <method name=".ctor" signature="(KopiKala.Data.AppDbContext,System.TimeProvider,Microsoft.Extensions.Logging.ILogger`1&lt;KopiKala.Services.CashierService&gt;)" line-rate="1" branch-rate="1" complexity="1">
              <lines>
                <line number="17" hits="13" branch="False" />
                <line number="18" hits="13" branch="False" />
                <line number="19" hits="13" branch="False" />
                <line number="20" hits="13" branch="False" />
                <line number="21" hits="13" branch="False" />
                <line number="22" hits="13" branch="False" />
              </lines>
            </method>
          </methods>
          <lines>
            <line number="394" hits="3" branch="False" />
            <line number="395" hits="3" branch="True" condition-coverage="50% (1/2)">
              <conditions>
                <condition number="7" type="jump" coverage="50%" />
              </conditions>
            </line>
            <line number="396" hits="3" branch="False" />
            <line number="397" hits="3" branch="False" />
            <line number="399" hits="3" branch="True" condition-coverage="50% (12/24)">
              <conditions>
                <condition number="95" type="jump" coverage="50%" />
                <condition number="107" type="jump" coverage="50%" />
                <condition number="130" type="jump" coverage="50%" />
                <condition number="142" type="jump" coverage="50%" />
                <condition number="177" type="jump" coverage="50%" />
                <condition number="189" type="jump" coverage="50%" />
                <condition number="211" type="jump" coverage="50%" />
                <condition number="223" type="jump" coverage="50%" />
                <condition number="245" type="jump" coverage="50%" />
                <condition number="283" type="jump" coverage="50%" />
                <condition number="295" type="jump" coverage="50%" />
                <condition number="317" type="jump" coverage="50%" />
              </conditions>
            </line>
            <line number="400" hits="3" branch="False" />
            <line number="401" hits="3" branch="False" />
            <line number="402" hits="3" branch="False" />
            <line number="403" hits="3" branch="False" />
            <line number="404" hits="3" branch="False" />
            <line number="405" hits="3" branch="False" />
            <line number="406" hits="3" branch="False" />
            <line number="407" hits="3" branch="False" />
            <line number="408" hits="3" branch="False" />
            <line number="409" hits="3" branch="False" />
            <line number="410" hits="3" branch="False" />
            <line number="411" hits="3" branch="False" />
            <line number="412" hits="3" branch="False" />
            <line number="413" hits="3" branch="False" />
            <line number="414" hits="3" branch="False" />
            <line number="415" hits="3" branch="False" />
            <line number="416" hits="3" branch="False" />
            <line number="417" hits="3" branch="False" />
            <line number="418" hits="3" branch="False" />
            <line number="419" hits="3" branch="False" />
            <line number="420" hits="3" branch="False" />
            <line number="421" hits="3" branch="False" />
            <line number="422" hits="3" branch="False" />
            <line number="423" hits="3" branch="False" />
            <line number="424" hits="3" branch="False" />
            <line number="425" hits="3" branch="False" />
            <line number="426" hits="3" branch="False" />
            <line number="427" hits="3" branch="False" />
            <line number="428" hits="3" branch="False" />
            <line number="429" hits="3" branch="False" />
            <line number="430" hits="3" branch="False" />
            <line number="431" hits="3" branch="False" />
            <line number="432" hits="3" branch="False" />
            <line number="433" hits="3" branch="False" />
            <line number="434" hits="3" branch="False" />
            <line number="17" hits="13" branch="False" />
            <line number="18" hits="13" branch="False" />
            <line number="19" hits="13" branch="False" />
            <line number="20" hits="13" branch="False" />
            <line number="21" hits="13" branch="False" />
            <line number="22" hits="13" branch="False" />
          </lines>
        </class>
      </classes>
    </package>
  </packages>
</coverage>