SF:I:\dev\web\KopiKala\.claude\worktrees\feat-aspire-apphost\KopiKala\Components\App.razor
FN:34,Microsoft.AspNetCore.Components.IComponentRenderMode KopiKala.Components.App::get_PageRenderMode()
FNDA:2,Microsoft.AspNetCore.Components.IComponentRenderMode KopiKala.Components.App::get_PageRenderMode()
DA:35,2
BRDA:35,11,0,0
BRDA:35,11,1,2
LF:1
LH:1
BRF:2
BRH:1
FNF:1
FNH:1
end_of_record
SF:I:\dev\web\KopiKala\.claude\worktrees\feat-aspire-apphost\KopiKala\Components\Pages\Counter.razor
FN:6,System.Void KopiKala.Components.Pages.Counter::BuildRenderTree(Microsoft.AspNetCore.Components.Rendering.RenderTreeBuilder)
FNDA:0,System.Void KopiKala.Components.Pages.Counter::BuildRenderTree(Microsoft.AspNetCore.Components.Rendering.RenderTreeBuilder)
DA:7,0
FN:14,System.Void KopiKala.Components.Pages.Counter::IncrementCount()
FNDA:0,System.Void KopiKala.Components.Pages.Counter::IncrementCount()
DA:15,0
DA:16,0
DA:17,0
FN:11,System.Void KopiKala.Components.Pages.Counter::.ctor()
FNDA:0,System.Void KopiKala.Components.Pages.Counter::.ctor()
DA:12,0
LF:5
LH:0
BRF:0
BRH:0
FNF:3
FNH:0
end_of_record
SF:I:\dev\web\KopiKala\.claude\worktrees\feat-aspire-apphost\KopiKala\Components\Pages\Error.razor
FN:8,System.Void KopiKala.Components.Pages.Error::BuildRenderTree(Microsoft.AspNetCore.Components.Rendering.RenderTreeBuilder)
FNDA:0,System.Void KopiKala.Components.Pages.Error::BuildRenderTree(Microsoft.AspNetCore.Components.Rendering.RenderTreeBuilder)
DA:9,0
DA:10,0
DA:12,0
DA:14,0
BRDA:9,107,0,0
BRDA:9,107,1,0
FN:31,System.Boolean KopiKala.Components.Pages.Error::get_ShowRequestId()
FNDA:0,System.Boolean KopiKala.Components.Pages.Error::get_ShowRequestId()
DA:32,0
FN:34,System.Void KopiKala.Components.Pages.Error::OnInitialized()
FNDA:0,System.Void KopiKala.Components.Pages.Error::OnInitialized()
DA:35,0
BRDA:35,7,0,0
BRDA:35,7,1,0
BRDA:35,19,0,0
BRDA:35,29,0,0
BRDA:35,29,1,0
BRDA:35,19,1,0
LF:6
LH:0
BRF:8
BRH:0
FNF:3
FNH:0
end_of_record
SF:I:\dev\web\KopiKala\.claude\worktrees\feat-aspire-apphost\KopiKala\Components\Pages\Weather.razor
FN:8,System.Void KopiKala.Components.Pages.Weather::BuildRenderTree(Microsoft.AspNetCore.Components.Rendering.RenderTreeBuilder)
FNDA:0,System.Void KopiKala.Components.Pages.Weather::BuildRenderTree(Microsoft.AspNetCore.Components.Rendering.RenderTreeBuilder)
DA:9,0
DA:10,0
DA:12,0
DA:14,0
DA:25,0
DA:26,0
DA:28,0
DA:29,0
DA:30,0
DA:31,0
DA:33,0
DA:36,0
BRDA:9,110,0,0
BRDA:9,110,1,0
BRDA:25,447,1,0
BRDA:25,447,0,0
FN:60,System.Int32 KopiKala.Components.Pages.Weather/WeatherForecast::get_TemperatureF()
FNDA:0,System.Int32 KopiKala.Components.Pages.Weather/WeatherForecast::get_TemperatureF()
DA:61,0
LF:13
LH:0
BRF:4
BRH:0
FNF:2
FNH:0
end_of_record
SF:I:\dev\web\KopiKala\.claude\worktrees\feat-aspire-apphost\KopiKala\Components\Pages\Staff\Dashboard.razor
FN:645,System.DateOnly KopiKala.Components.Pages.Staff.Dashboard::get_SelectedDate()
FNDA:0,System.DateOnly KopiKala.Components.Pages.Staff.Dashboard::get_SelectedDate()
DA:646,0
BRDA:646,14,0,0
BRDA:646,14,1,0
FN:763,System.Void KopiKala.Components.Pages.Staff.Dashboard::OpenProofPreview(System.String,System.String)
FNDA:0,System.Void KopiKala.Components.Pages.Staff.Dashboard::OpenProofPreview(System.String,System.String)
DA:764,0
DA:765,0
DA:766,0
DA:767,0
DA:768,0
DA:769,0
FN:842,System.Void KopiKala.Components.Pages.Staff.Dashboard::OpenAddOnDialog(System.Guid)
FNDA:0,System.Void KopiKala.Components.Pages.Staff.Dashboard::OpenAddOnDialog(System.Guid)
DA:843,0
DA:844,0
DA:845,0
DA:846,0
DA:847,0
DA:848,0
FN:849,System.Int32 KopiKala.Components.Pages.Staff.Dashboard::GetAddOnQty(System.Guid)
FNDA:0,System.Int32 KopiKala.Components.Pages.Staff.Dashboard::GetAddOnQty(System.Guid)
DA:850,0
BRDA:850,14,0,0
BRDA:850,14,1,0
FN:852,System.Void KopiKala.Components.Pages.Staff.Dashboard::IncrementAddOnQty(System.Guid)
FNDA:0,System.Void KopiKala.Components.Pages.Staff.Dashboard::IncrementAddOnQty(System.Guid)
DA:853,0
DA:854,0
DA:855,0
DA:856,0
BRDA:854,15,0,0
BRDA:854,15,1,0
FN:858,System.Void KopiKala.Components.Pages.Staff.Dashboard::DecrementAddOnQty(System.Guid)
FNDA:0,System.Void KopiKala.Components.Pages.Staff.Dashboard::DecrementAddOnQty(System.Guid)
DA:859,0
DA:860,0
DA:861,0
DA:862,0
DA:863,0
DA:864,0
DA:865,0
BRDA:860,15,0,0
BRDA:863,64,0,0
BRDA:863,64,1,0
BRDA:860,15,1,0
FN:867,System.Decimal KopiKala.Components.Pages.Staff.Dashboard::CalculateAddOnTotal()
FNDA:0,System.Decimal KopiKala.Components.Pages.Staff.Dashboard::CalculateAddOnTotal()
DA:868,0
DA:869,0
DA:870,0
DA:871,0
DA:872,0
DA:873,0
DA:874,0
DA:875,0
DA:876,0
BRDA:870,120,1,0
BRDA:873,76,0,0
BRDA:873,76,1,0
BRDA:870,120,0,0
FN:947,System.Void KopiKala.Components.Pages.Staff.Dashboard::OpenExtendDialog(System.Guid)
FNDA:0,System.Void KopiKala.Components.Pages.Staff.Dashboard::OpenExtendDialog(System.Guid)
DA:948,0
DA:949,0
DA:950,0
DA:951,0
DA:952,0
DA:953,0
DA:954,0
DA:955,0
DA:956,0
FN:995,MudBlazor.Color KopiKala.Components.Pages.Staff.Dashboard::GetTableAvatarColor(System.String)
FNDA:0,MudBlazor.Color KopiKala.Components.Pages.Staff.Dashboard::GetTableAvatarColor(System.String)
DA:996,0
DA:997,0
DA:998,0
DA:999,0
DA:1000,0
DA:1001,0
DA:1002,0
DA:1003,0
DA:1004,0
BRDA:996,15,0,0
BRDA:996,28,0,0
BRDA:996,41,0,0
BRDA:996,54,0,0
BRDA:996,15,1,0
BRDA:996,28,1,0
BRDA:996,41,1,0
BRDA:996,54,1,0
BRDA:996,67,1,0
BRDA:996,67,0,0
FN:1005,System.String KopiKala.Components.Pages.Staff.Dashboard::GetTableCardStyle(System.String)
FNDA:0,System.String KopiKala.Components.Pages.Staff.Dashboard::GetTableCardStyle(System.String)
DA:1006,0
DA:1007,0
DA:1008,0
DA:1009,0
DA:1010,0
DA:1011,0
DA:1012,0
DA:1013,0
BRDA:1006,15,0,0
BRDA:1006,28,0,0
BRDA:1006,41,0,0
BRDA:1006,15,1,0
BRDA:1006,28,1,0
BRDA:1006,41,1,0
BRDA:1006,54,1,0
BRDA:1006,54,0,0
FN:1014,MudBlazor.Color KopiKala.Components.Pages.Staff.Dashboard::GetStatusChipColor(System.String)
FNDA:0,MudBlazor.Color KopiKala.Components.Pages.Staff.Dashboard::GetStatusChipColor(System.String)
DA:1015,0
DA:1016,0
DA:1017,0
DA:1018,0
DA:1019,0
DA:1020,0
DA:1021,0
DA:1022,0
DA:1023,0
DA:1024,0
BRDA:1015,15,0,0
BRDA:1015,28,0,0
BRDA:1015,41,0,0
BRDA:1015,54,0,0
BRDA:1015,67,0,0
BRDA:1015,15,1,0
BRDA:1015,28,1,0
BRDA:1015,41,1,0
BRDA:1015,54,1,0
BRDA:1015,67,1,0
BRDA:1015,80,1,0
BRDA:1015,80,0,0
FN:644,System.Void KopiKala.Components.Pages.Staff.Dashboard::.ctor()
FNDA:0,System.Void KopiKala.Components.Pages.Staff.Dashboard::.ctor()
DA:645,0
DA:647,0
DA:648,0
DA:650,0
DA:651,0
DA:652,0
DA:653,0
DA:654,0
DA:655,0
DA:657,0
DA:662,0
DA:663,0
DA:666,0
DA:670,0
DA:674,0
DA:677,0
DA:682,0
DA:683,0
LF:88
LH:0
BRF:44
BRH:0
FNF:12
FNH:0
end_of_record
SF:I:\dev\web\KopiKala\.claude\worktrees\feat-aspire-apphost\KopiKala\Components\Pages\Customer\Booking.razor
FN:554,KopiKala.DTOs.Booking.TimeslotDto KopiKala.Components.Pages.Customer.Booking::get__selectedTimeslot()
FNDA:0,KopiKala.DTOs.Booking.TimeslotDto KopiKala.Components.Pages.Customer.Booking::get__selectedTimeslot()
DA:555,0
FN:557,System.Collections.Generic.IEnumerable`1<KopiKala.DTOs.Booking.MenuItemDto> KopiKala.Components.Pages.Customer.Booking::get_FilteredMenuItems()
FNDA:0,System.Collections.Generic.IEnumerable`1<KopiKala.DTOs.Booking.MenuItemDto> KopiKala.Components.Pages.Customer.Booking::get_FilteredMenuItems()
DA:558,0
DA:559,0
DA:560,0
BRDA:558,16,0,0
BRDA:558,16,1,0
FN:561,System.Collections.Generic.List`1<KopiKala.DTOs.Booking.OrderItemDto> KopiKala.Components.Pages.Customer.Booking::get_CartItems()
FNDA:0,System.Collections.Generic.List`1<KopiKala.DTOs.Booking.OrderItemDto> KopiKala.Components.Pages.Customer.Booking::get_CartItems()
DA:562,0
FN:562,System.Decimal KopiKala.Components.Pages.Customer.Booking::get_CartTotal()
FNDA:0,System.Decimal KopiKala.Components.Pages.Customer.Booking::get_CartTotal()
DA:563,0
FN:607,System.Void KopiKala.Components.Pages.Customer.Booking::OnDurationChanged(System.Int32)
FNDA:0,System.Void KopiKala.Components.Pages.Customer.Booking::OnDurationChanged(System.Int32)
DA:608,0
DA:609,0
DA:610,0
FN:612,System.Void KopiKala.Components.Pages.Customer.Booking::OnCategoryFilterChanged(System.String)
FNDA:0,System.Void KopiKala.Components.Pages.Customer.Booking::OnCategoryFilterChanged(System.String)
DA:613,0
DA:614,0
DA:615,0
FN:624,System.Void KopiKala.Components.Pages.Customer.Booking::SelectTable(KopiKala.DTOs.Booking.DiningTableDto)
FNDA:0,System.Void KopiKala.Components.Pages.Customer.Booking::SelectTable(KopiKala.DTOs.Booking.DiningTableDto)
DA:625,0
DA:626,0
DA:627,0
DA:628,0
DA:629,0
DA:632,0
DA:633,0
DA:634,0
BRDA:626,12,0,0
BRDA:626,12,1,0
FN:636,System.Void KopiKala.Components.Pages.Customer.Booking::AddToCart(KopiKala.DTOs.Booking.MenuItemDto)
FNDA:0,System.Void KopiKala.Components.Pages.Customer.Booking::AddToCart(KopiKala.DTOs.Booking.MenuItemDto)
DA:637,0
DA:638,0
DA:639,0
DA:640,0
DA:641,0
DA:643,0
DA:644,0
DA:645,0
DA:646,0
DA:647,0
DA:648,0
DA:649,0
DA:650,0
DA:651,0
DA:652,0
BRDA:638,22,0,0
BRDA:638,22,1,0
FN:654,System.Void KopiKala.Components.Pages.Customer.Booking::DecreaseCart(System.Guid)
FNDA:0,System.Void KopiKala.Components.Pages.Customer.Booking::DecreaseCart(System.Guid)
DA:655,0
DA:656,0
DA:657,0
DA:658,0
DA:659,0
DA:660,0
DA:661,0
DA:662,0
DA:663,0
DA:664,0
BRDA:656,17,0,0
BRDA:659,51,0,0
BRDA:659,51,1,0
BRDA:656,17,1,0
FN:666,System.Int32 KopiKala.Components.Pages.Customer.Booking::GetCartQuantity(System.Guid)
FNDA:0,System.Int32 KopiKala.Components.Pages.Customer.Booking::GetCartQuantity(System.Guid)
DA:667,0
DA:668,0
DA:669,0
BRDA:668,15,0,0
BRDA:668,15,1,0
FN:690,System.String KopiKala.Components.Pages.Customer.Booking::GetTableCardClass(KopiKala.DTOs.Booking.DiningTableDto,System.Boolean)
FNDA:0,System.String KopiKala.Components.Pages.Customer.Booking::GetTableCardClass(KopiKala.DTOs.Booking.DiningTableDto,System.Boolean)
DA:691,0
DA:692,0
DA:693,0
DA:694,0
DA:695,0
BRDA:692,4,0,0
BRDA:692,4,1,0
BRDA:693,25,0,0
BRDA:693,25,1,0
FN:697,MudBlazor.Color KopiKala.Components.Pages.Customer.Booking::GetTableIconColor(KopiKala.DTOs.Booking.DiningTableDto,System.Boolean)
FNDA:0,MudBlazor.Color KopiKala.Components.Pages.Customer.Booking::GetTableIconColor(KopiKala.DTOs.Booking.DiningTableDto,System.Boolean)
DA:698,0
DA:699,0
DA:700,0
DA:701,0
DA:702,0
BRDA:699,4,0,0
BRDA:699,4,1,0
BRDA:700,21,0,0
BRDA:700,21,1,0
FN:535,System.Void KopiKala.Components.Pages.Customer.Booking::.ctor()
FNDA:0,System.Void KopiKala.Components.Pages.Customer.Booking::.ctor()
DA:536,0
DA:537,0
DA:538,0
DA:540,0
DA:541,0
DA:542,0
DA:543,0
DA:546,0
DA:547,0
DA:548,0
DA:550,0
DA:551,0
DA:552,0
DA:553,0
LF:72
LH:0
BRF:20
BRH:0
FNF:13
FNH:0
end_of_record
SF:I:\dev\web\KopiKala\.claude\worktrees\feat-aspire-apphost\KopiKala\Components\Pages\Customer\Invoice.razor
FN:290,System.Void KopiKala.Components.Pages.Customer.Invoice::StartCountdown()
FNDA:0,System.Void KopiKala.Components.Pages.Customer.Invoice::StartCountdown()
DA:291,0
DA:292,0
DA:293,0
DA:295,0
DA:296,0
DA:297,0
DA:298,0
DA:299,0
DA:300,0
DA:301,0
DA:302,0
DA:303,0
BRDA:292,8,0,0
BRDA:292,8,1,0
FN:305,System.Void KopiKala.Components.Pages.Customer.Invoice::UpdateCountdown()
FNDA:0,System.Void KopiKala.Components.Pages.Customer.Invoice::UpdateCountdown()
DA:306,0
DA:307,0
DA:309,0
DA:310,0
DA:311,0
DA:312,0
DA:313,0
DA:314,0
DA:315,0
DA:317,0
DA:318,0
DA:319,0
DA:320,0
BRDA:307,12,1,0
BRDA:310,54,0,0
BRDA:314,82,0,0
BRDA:314,82,1,0
BRDA:310,54,1,0
BRDA:307,12,0,0
FN:368,MudBlazor.Color KopiKala.Components.Pages.Customer.Invoice::GetStatusChipColor(System.String)
FNDA:0,MudBlazor.Color KopiKala.Components.Pages.Customer.Invoice::GetStatusChipColor(System.String)
DA:369,0
DA:370,0
DA:371,0
DA:372,0
DA:373,0
DA:374,0
DA:375,0
DA:376,0
DA:377,0
DA:378,0
BRDA:369,17,0,0
BRDA:369,25,0,0
BRDA:369,33,0,0
BRDA:369,25,1,0
BRDA:369,62,0,0
BRDA:369,17,1,0
BRDA:369,88,0,0
BRDA:369,96,0,0
BRDA:369,88,1,0
BRDA:369,119,0,0
BRDA:369,129,0,0
BRDA:369,106,1,0
BRDA:369,62,1,0
BRDA:369,119,1,0
BRDA:369,33,1,0
BRDA:369,96,1,0
BRDA:369,72,1,0
BRDA:369,142,1,0
BRDA:369,129,1,0
BRDA:369,46,1,0
BRDA:369,160,1,0
BRDA:369,181,1,0
BRDA:369,199,1,0
BRDA:369,214,1,0
BRDA:369,229,1,0
BRDA:369,244,1,0
BRDA:369,259,1,0
BRDA:369,274,1,0
BRDA:369,289,1,0
BRDA:369,46,0,0
BRDA:369,72,0,0
BRDA:369,106,0,0
BRDA:369,142,0,0
BRDA:369,160,0,0
BRDA:369,181,0,0
BRDA:369,199,0,0
BRDA:369,214,0,0
BRDA:369,229,0,0
BRDA:369,244,0,0
BRDA:369,259,0,0
BRDA:369,274,0,0
BRDA:369,289,0,0
FN:380,System.Void KopiKala.Components.Pages.Customer.Invoice::Dispose()
FNDA:0,System.Void KopiKala.Components.Pages.Customer.Invoice::Dispose()
DA:381,0
DA:382,0
DA:383,0
BRDA:382,8,0,0
BRDA:382,8,1,0
FN:251,System.Void KopiKala.Components.Pages.Customer.Invoice::.ctor()
FNDA:0,System.Void KopiKala.Components.Pages.Customer.Invoice::.ctor()
DA:252,0
DA:253,0
DA:254,0
DA:258,0
LF:42
LH:0
BRF:52
BRH:0
FNF:5
FNH:0
end_of_record
SF:I:\dev\web\KopiKala\.claude\worktrees\feat-aspire-apphost\KopiKala\Components\Pages\Customer\Orders.razor
FN:140,MudBlazor.Color KopiKala.Components.Pages.Customer.Orders::GetStatusChipColor(System.String)
FNDA:0,MudBlazor.Color KopiKala.Components.Pages.Customer.Orders::GetStatusChipColor(System.String)
DA:141,0
DA:142,0
DA:143,0
DA:144,0
DA:145,0
DA:146,0
DA:147,0
DA:148,0
DA:149,0
DA:150,0
BRDA:141,17,0,0
BRDA:141,25,0,0
BRDA:141,33,0,0
BRDA:141,25,1,0
BRDA:141,62,0,0
BRDA:141,17,1,0
BRDA:141,88,0,0
BRDA:141,96,0,0
BRDA:141,88,1,0
BRDA:141,119,0,0
BRDA:141,129,0,0
BRDA:141,106,1,0
BRDA:141,62,1,0
BRDA:141,119,1,0
BRDA:141,33,1,0
BRDA:141,96,1,0
BRDA:141,72,1,0
BRDA:141,142,1,0
BRDA:141,129,1,0
BRDA:141,46,1,0
BRDA:141,160,1,0
BRDA:141,181,1,0
BRDA:141,199,1,0
BRDA:141,214,1,0
BRDA:141,229,1,0
BRDA:141,244,1,0
BRDA:141,259,1,0
BRDA:141,274,1,0
BRDA:141,289,1,0
BRDA:141,46,0,0
BRDA:141,72,0,0
BRDA:141,106,0,0
BRDA:141,142,0,0
BRDA:141,160,0,0
BRDA:141,181,0,0
BRDA:141,199,0,0
BRDA:141,214,0,0
BRDA:141,229,0,0
BRDA:141,244,0,0
BRDA:141,259,0,0
BRDA:141,274,0,0
BRDA:141,289,0,0
FN:115,System.Void KopiKala.Components.Pages.Customer.Orders::.ctor()
FNDA:0,System.Void KopiKala.Components.Pages.Customer.Orders::.ctor()
DA:116,0
DA:117,0
LF:12
LH:0
BRF:42
BRH:0
FNF:2
FNH:0
end_of_record
SF:I:\dev\web\KopiKala\.claude\worktrees\feat-aspire-apphost\KopiKala\Components\Pages\Admin\Dashboard.razor
FN:379,System.Void KopiKala.Components.Pages.Admin.Dashboard::BuildRenderTree(Microsoft.AspNetCore.Components.Rendering.RenderTreeBuilder)
FNDA:0,System.Void KopiKala.Components.Pages.Admin.Dashboard::BuildRenderTree(Microsoft.AspNetCore.Components.Rendering.RenderTreeBuilder)
DA:380,0
DA:381,0
DA:407,0
DA:410,0
DA:411,0
DA:430,0
DA:433,0
DA:434,0
DA:458,0
DA:461,0
DA:462,0
DA:492,0
BRDA:380,163,0,0
BRDA:380,163,1,0
BRDA:410,364,0,0
BRDA:410,364,1,0
BRDA:410,380,0,0
BRDA:410,380,1,0
BRDA:433,583,0,0
BRDA:433,583,1,0
BRDA:461,786,0,0
BRDA:461,786,1,0
FN:554,System.Void KopiKala.Components.Pages.Admin.Dashboard::OnRoleSelected(System.Int32)
FNDA:0,System.Void KopiKala.Components.Pages.Admin.Dashboard::OnRoleSelected(System.Int32)
DA:555,0
DA:556,0
DA:557,0
DA:558,0
DA:559,0
DA:560,0
DA:561,0
DA:562,0
DA:563,0
DA:564,0
DA:565,0
DA:566,0
DA:567,0
DA:568,0
DA:569,0
BRDA:558,56,0,0
BRDA:558,56,1,0
FN:571,System.Void KopiKala.Components.Pages.Admin.Dashboard::PrepareNewRole()
FNDA:0,System.Void KopiKala.Components.Pages.Admin.Dashboard::PrepareNewRole()
DA:572,0
DA:573,0
DA:574,0
DA:575,0
DA:576,0
DA:577,0
DA:578,0
DA:579,0
DA:580,0
DA:581,0
DA:582,0
FN:583,System.Boolean KopiKala.Components.Pages.Admin.Dashboard::IsPermissionSelected(System.Int32)
FNDA:0,System.Boolean KopiKala.Components.Pages.Admin.Dashboard::IsPermissionSelected(System.Int32)
DA:584,0
FN:586,System.Void KopiKala.Components.Pages.Admin.Dashboard::TogglePermission(System.Int32,System.Boolean)
FNDA:0,System.Void KopiKala.Components.Pages.Admin.Dashboard::TogglePermission(System.Int32,System.Boolean)
DA:587,0
DA:588,0
DA:589,0
DA:590,0
DA:591,0
DA:592,0
DA:593,0
DA:594,0
DA:595,0
DA:596,0
BRDA:588,2,0,0
BRDA:588,2,1,0
BRDA:588,29,0,0
BRDA:588,29,1,0
BRDA:592,59,0,0
BRDA:592,59,1,0
FN:598,System.Void KopiKala.Components.Pages.Admin.Dashboard::ApplyTemplate(System.String)
FNDA:0,System.Void KopiKala.Components.Pages.Admin.Dashboard::ApplyTemplate(System.String)
DA:599,0
DA:600,0
DA:601,0
DA:602,0
DA:603,0
DA:604,0
DA:605,0
DA:606,0
DA:607,0
DA:609,0
DA:610,0
DA:611,0
DA:612,0
DA:614,0
DA:615,0
DA:616,0
BRDA:600,22,0,0
BRDA:600,35,0,0
BRDA:600,48,0,0
BRDA:600,22,1,0
BRDA:600,35,1,0
BRDA:600,48,1,0
BRDA:600,61,1,0
BRDA:600,61,0,0
FN:660,System.Void KopiKala.Components.Pages.Admin.Dashboard::OpenCreateStaffDialog()
FNDA:0,System.Void KopiKala.Components.Pages.Admin.Dashboard::OpenCreateStaffDialog()
DA:661,0
DA:662,0
DA:663,0
DA:664,0
DA:665,0
DA:666,0
DA:667,0
BRDA:662,51,0,0
BRDA:662,66,0,0
BRDA:662,66,1,0
BRDA:662,51,1,0
FN:690,System.Void KopiKala.Components.Pages.Admin.Dashboard::OpenResetPasswordDialog(KopiKala.DTOs.Admin.StaffOverviewDto)
FNDA:0,System.Void KopiKala.Components.Pages.Admin.Dashboard::OpenResetPasswordDialog(KopiKala.DTOs.Admin.StaffOverviewDto)
DA:691,0
DA:692,0
DA:693,0
DA:694,0
DA:695,0
FN:714,System.Void KopiKala.Components.Pages.Admin.Dashboard::OpenAddTableDialog()
FNDA:0,System.Void KopiKala.Components.Pages.Admin.Dashboard::OpenAddTableDialog()
DA:715,0
DA:716,0
DA:717,0
DA:718,0
DA:719,0
DA:720,0
DA:721,0
DA:722,0
DA:723,0
DA:724,0
FN:726,System.Void KopiKala.Components.Pages.Admin.Dashboard::OpenEditTableDialog(KopiKala.DTOs.Admin.ManageTableDto)
FNDA:0,System.Void KopiKala.Components.Pages.Admin.Dashboard::OpenEditTableDialog(KopiKala.DTOs.Admin.ManageTableDto)
DA:727,0
DA:728,0
DA:729,0
DA:730,0
DA:731,0
DA:732,0
DA:733,0
DA:734,0
DA:735,0
DA:736,0
DA:737,0
FN:776,System.Void KopiKala.Components.Pages.Admin.Dashboard::OpenAddMenuItemDialog()
FNDA:0,System.Void KopiKala.Components.Pages.Admin.Dashboard::OpenAddMenuItemDialog()
DA:777,0
DA:778,0
DA:779,0
DA:780,0
DA:781,0
DA:782,0
DA:783,0
DA:784,0
DA:785,0
DA:786,0
DA:787,0
DA:788,0
FN:790,System.Void KopiKala.Components.Pages.Admin.Dashboard::OpenEditMenuItemDialog(KopiKala.DTOs.Admin.ManageMenuItemDto)
FNDA:0,System.Void KopiKala.Components.Pages.Admin.Dashboard::OpenEditMenuItemDialog(KopiKala.DTOs.Admin.ManageMenuItemDto)
DA:791,0
DA:792,0
DA:793,0
DA:794,0
DA:795,0
DA:796,0
DA:797,0
DA:798,0
DA:799,0
DA:800,0
DA:801,0
DA:802,0
DA:803,0
FN:840,MudBlazor.Color KopiKala.Components.Pages.Admin.Dashboard::GetRoleColor(System.String)
FNDA:0,MudBlazor.Color KopiKala.Components.Pages.Admin.Dashboard::GetRoleColor(System.String)
DA:841,0
DA:842,0
DA:843,0
DA:844,0
DA:845,0
DA:846,0
DA:847,0
DA:848,0
BRDA:841,15,0,0
BRDA:841,28,0,0
BRDA:841,41,0,0
BRDA:841,15,1,0
BRDA:841,28,1,0
BRDA:841,41,1,0
BRDA:841,54,1,0
BRDA:841,54,0,0
FN:494,System.Void KopiKala.Components.Pages.Admin.Dashboard::.ctor()
FNDA:0,System.Void KopiKala.Components.Pages.Admin.Dashboard::.ctor()
DA:495,0
DA:496,0
DA:497,0
DA:498,0
DA:499,0
DA:500,0
DA:501,0
DA:505,0
DA:509,0
DA:513,0
DA:516,0
DA:519,0
LF:143
LH:0
BRF:38
BRH:0
FNF:14
FNH:0
end_of_record
SF:I:\dev\web\KopiKala\.claude\worktrees\feat-aspire-apphost\KopiKala\Components\Pages\Account\ForgotPassword.razor
FN:99,System.Void KopiKala.Components.Pages.Account.ForgotPassword::.ctor()
FNDA:0,System.Void KopiKala.Components.Pages.Account.ForgotPassword::.ctor()
DA:100,0
LF:1
LH:0
BRF:0
BRH:0
FNF:1
FNH:0
end_of_record
SF:I:\dev\web\KopiKala\.claude\worktrees\feat-aspire-apphost\KopiKala\Components\Pages\Account\Login.razor
FN:111,System.Void KopiKala.Components.Pages.Account.Login::OnInitialized()
FNDA:0,System.Void KopiKala.Components.Pages.Account.Login::OnInitialized()
DA:112,0
DA:113,0
DA:114,0
DA:115,0
DA:116,0
DA:117,0
LF:6
LH:0
BRF:0
BRH:0
FNF:1
FNH:0
end_of_record
SF:I:\dev\web\KopiKala\.claude\worktrees\feat-aspire-apphost\KopiKala\Components\Pages\Account\Register.razor
FN:136,System.Void KopiKala.Components.Pages.Account.Register::OnInitialized()
FNDA:0,System.Void KopiKala.Components.Pages.Account.Register::OnInitialized()
DA:137,0
DA:138,0
DA:139,0
DA:140,0
DA:141,0
LF:5
LH:0
BRF:0
BRH:0
FNF:1
FNH:0
end_of_record
SF:I:\dev\web\KopiKala\.claude\worktrees\feat-aspire-apphost\KopiKala\Components\Pages\Account\ResetPassword.razor
FN:115,System.Void KopiKala.Components.Pages.Account.ResetPassword::OnInitialized()
FNDA:0,System.Void KopiKala.Components.Pages.Account.ResetPassword::OnInitialized()
DA:116,0
DA:117,0
DA:118,0
DA:119,0
DA:120,0
DA:122,0
DA:123,0
DA:124,0
DA:125,0
DA:126,0
BRDA:119,48,0,0
BRDA:119,48,1,0
BRDA:122,92,0,0
BRDA:122,92,1,0
FN:108,System.Void KopiKala.Components.Pages.Account.ResetPassword::.ctor()
FNDA:0,System.Void KopiKala.Components.Pages.Account.ResetPassword::.ctor()
DA:109,0
LF:11
LH:0
BRF:4
BRH:0
FNF:2
FNH:0
end_of_record
SF:I:\dev\web\KopiKala\.claude\worktrees\feat-aspire-apphost\KopiKala\Components\Layout\RedirectToLogin.razor
FN:4,System.Void KopiKala.Components.Layout.RedirectToLogin::OnInitialized()
FNDA:0,System.Void KopiKala.Components.Layout.RedirectToLogin::OnInitialized()
DA:5,0
DA:6,0
DA:7,0
DA:8,0
LF:4
LH:0
BRF:0
BRH:0
FNF:1
FNH:0
end_of_record
SF:I:\dev\web\KopiKala\.claude\worktrees\feat-aspire-apphost\KopiKala\Components\Layout\MainLayout.razor
FN:186,System.Void KopiKala.Components.Layout.MainLayout::OnInitialized()
FNDA:0,System.Void KopiKala.Components.Layout.MainLayout::OnInitialized()
DA:187,0
DA:188,0
DA:189,0
DA:190,0
FN:192,System.Void KopiKala.Components.Layout.MainLayout::OnLocationChanged(System.Object,Microsoft.AspNetCore.Components.Routing.LocationChangedEventArgs)
FNDA:0,System.Void KopiKala.Components.Layout.MainLayout::OnLocationChanged(System.Object,Microsoft.AspNetCore.Components.Routing.LocationChangedEventArgs)
DA:193,0
DA:194,0
DA:195,0
DA:196,0
FN:198,System.Void KopiKala.Components.Layout.MainLayout::ToggleDarkMode()
FNDA:0,System.Void KopiKala.Components.Layout.MainLayout::ToggleDarkMode()
DA:199,0
DA:200,0
DA:201,0
FN:203,System.Void KopiKala.Components.Layout.MainLayout::HandleLogout()
FNDA:0,System.Void KopiKala.Components.Layout.MainLayout::HandleLogout()
DA:204,0
DA:205,0
DA:206,0
FN:208,System.Void KopiKala.Components.Layout.MainLayout::Dispose()
FNDA:0,System.Void KopiKala.Components.Layout.MainLayout::Dispose()
DA:209,0
DA:210,0
DA:211,0
LF:17
LH:0
BRF:0
BRH:0
FNF:5
FNH:0
end_of_record
SF:I:\dev\web\KopiKala\.claude\worktrees\feat-aspire-apphost\KopiKala\Workers\BackgroundTaskQueue.cs
FN:8,System.Void KopiKala.Workers.BackgroundTaskQueue::.ctor(System.Int32)
FNDA:5,System.Void KopiKala.Workers.BackgroundTaskQueue::.ctor(System.Int32)
DA:9,5
DA:10,5
DA:11,5
DA:12,5
DA:13,5
DA:14,5
DA:15,5
DA:16,5
LF:8
LH:8
BRF:0
BRH:0
FNF:1
FNH:1
end_of_record
SF:I:\dev\web\KopiKala\.claude\worktrees\feat-aspire-apphost\KopiKala\Workers\BookingMaintenanceWorker.cs
FN:15,System.Void KopiKala.Workers.BookingMaintenanceWorker::.ctor(Microsoft.Extensions.DependencyInjection.IServiceScopeFactory,System.TimeProvider,Microsoft.Extensions.Logging.ILogger`1<KopiKala.Workers.BookingMaintenanceWorker>,System.Nullable`1<System.TimeSpan>)
FNDA:6,System.Void KopiKala.Workers.BookingMaintenanceWorker::.ctor(Microsoft.Extensions.DependencyInjection.IServiceScopeFactory,System.TimeProvider,Microsoft.Extensions.Logging.ILogger`1<KopiKala.Workers.BookingMaintenanceWorker>,System.Nullable`1<System.TimeSpan>)
DA:16,6
DA:17,6
DA:18,6
DA:19,6
DA:20,6
DA:21,6
DA:22,6
DA:23,6
DA:24,6
DA:25,6
DA:26,6
BRDA:25,40,0,1
BRDA:25,40,1,5
LF:11
LH:11
BRF:2
BRH:2
FNF:1
FNH:1
end_of_record
SF:I:\dev\web\KopiKala\.claude\worktrees\feat-aspire-apphost\KopiKala\Workers\MidnightReconciliationWorker.cs
FN:139,System.Int32 KopiKala.Workers.MidnightReconciliationWorker::PerformFileCleanup(System.Int32)
FNDA:1,System.Int32 KopiKala.Workers.MidnightReconciliationWorker::PerformFileCleanup(System.Int32)
DA:140,1
DA:142,1
DA:143,1
DA:144,1
DA:145,0
DA:146,0
DA:149,1
DA:150,1
DA:151,1
DA:153,7
DA:154,2
DA:155,2
DA:156,2
DA:157,1
DA:159,1
DA:160,1
DA:161,1
DA:162,1
DA:163,1
DA:164,0
DA:165,0
DA:166,0
DA:167,0
DA:168,1
DA:169,2
DA:171,1
DA:172,1
DA:174,0
DA:175,0
DA:176,0
DA:177,0
DA:179,1
BRDA:143,14,0,0
BRDA:143,14,1,1
BRDA:144,61,0,0
BRDA:144,61,1,1
BRDA:153,267,1,2
BRDA:156,160,0,1
BRDA:156,160,1,2
BRDA:153,267,0,1
FN:19,System.Void KopiKala.Workers.MidnightReconciliationWorker::.ctor(Microsoft.Extensions.DependencyInjection.IServiceScopeFactory,Microsoft.AspNetCore.Hosting.IWebHostEnvironment,System.TimeProvider,Microsoft.Extensions.Logging.ILogger`1<KopiKala.Workers.MidnightReconciliationWorker>,System.Nullable`1<System.TimeSpan>)
FNDA:6,System.Void KopiKala.Workers.MidnightReconciliationWorker::.ctor(Microsoft.Extensions.DependencyInjection.IServiceScopeFactory,Microsoft.AspNetCore.Hosting.IWebHostEnvironment,System.TimeProvider,Microsoft.Extensions.Logging.ILogger`1<KopiKala.Workers.MidnightReconciliationWorker>,System.Nullable`1<System.TimeSpan>)
DA:20,6
DA:21,6
DA:22,6
DA:23,6
DA:24,6
DA:25,6
DA:26,6
DA:27,6
DA:28,6
DA:29,6
DA:30,6
DA:31,6
DA:32,6
BRDA:31,48,0,1
BRDA:31,48,1,5
LF:45
LH:35
BRF:10
BRH:8
FNF:2
FNH:2
end_of_record
SF:I:\dev\web\KopiKala\.claude\worktrees\feat-aspire-apphost\KopiKala\Workers\QueuedHostedService.cs
FN:10,System.Void KopiKala.Workers.QueuedHostedService::.ctor(KopiKala.Workers.IBackgroundTaskQueue,Microsoft.Extensions.Logging.ILogger`1<KopiKala.Workers.QueuedHostedService>)
FNDA:3,System.Void KopiKala.Workers.QueuedHostedService::.ctor(KopiKala.Workers.IBackgroundTaskQueue,Microsoft.Extensions.Logging.ILogger`1<KopiKala.Workers.QueuedHostedService>)
DA:11,3
DA:12,3
DA:13,3
DA:14,3
DA:15,3
DA:16,3
DA:17,3
LF:7
LH:7
BRF:0
BRH:0
FNF:1
FNH:1
end_of_record
SF:I:\dev\web\KopiKala\.claude\worktrees\feat-aspire-apphost\KopiKala\Theme\KopiKalaTheme.cs
FN:7,MudBlazor.MudTheme KopiKala.Theme.KopiKalaTheme::CreateTheme()
FNDA:1,MudBlazor.MudTheme KopiKala.Theme.KopiKalaTheme::CreateTheme()
DA:8,1
DA:9,1
DA:10,1
DA:11,1
DA:12,1
DA:13,1
DA:14,1
DA:15,1
DA:16,1
DA:17,1
DA:18,1
DA:19,1
DA:20,1
DA:21,1
DA:22,1
DA:23,1
DA:24,1
DA:25,1
DA:26,1
DA:27,1
DA:28,1
DA:29,1
DA:30,1
DA:31,1
DA:32,1
DA:33,1
DA:34,1
DA:35,1
DA:36,1
DA:37,1
DA:38,1
DA:39,1
DA:40,1
DA:41,1
DA:42,1
DA:43,1
DA:44,1
DA:45,1
DA:46,1
DA:47,1
DA:48,1
DA:49,1
DA:50,1
DA:51,1
DA:52,1
DA:53,1
DA:54,1
DA:55,1
DA:56,1
DA:57,1
DA:58,1
DA:59,1
DA:60,1
DA:61,1
DA:62,1
DA:63,1
DA:64,1
DA:65,1
DA:66,1
DA:67,1
DA:68,1
DA:69,1
DA:70,1
DA:71,1
DA:72,1
DA:73,1
DA:74,1
DA:75,1
DA:76,1
DA:77,1
DA:78,1
DA:79,1
DA:80,1
DA:81,1
DA:82,1
DA:83,1
DA:84,1
DA:85,1
DA:86,1
DA:87,1
DA:88,1
DA:89,1
DA:90,1
DA:91,1
DA:92,1
DA:93,1
DA:94,1
DA:95,1
DA:96,1
DA:97,1
DA:98,1
DA:99,1
DA:100,1
DA:101,1
DA:102,1
DA:103,1
DA:104,1
DA:105,1
DA:106,1
DA:107,1
DA:108,1
DA:109,1
DA:110,1
DA:111,1
DA:112,1
DA:113,1
DA:114,1
DA:115,1
DA:116,1
DA:117,1
DA:118,1
DA:119,1
DA:120,1
DA:121,1
DA:122,1
DA:123,1
DA:124,1
DA:125,1
DA:126,1
DA:127,1
DA:128,1
DA:129,1
DA:130,1
DA:131,1
DA:132,1
DA:133,1
DA:134,1
DA:135,1
DA:136,1
DA:137,1
DA:138,1
LF:131
LH:131
BRF:0
BRH:0
FNF:1
FNH:1
end_of_record
SF:I:\dev\web\KopiKala\.claude\worktrees\feat-aspire-apphost\KopiKala\Services\AuthService.cs
FN:215,System.Security.Claims.ClaimsPrincipal KopiKala.Services.AuthService::CreateClaimsPrincipal(KopiKala.Models.User)
FNDA:4,System.Security.Claims.ClaimsPrincipal KopiKala.Services.AuthService::CreateClaimsPrincipal(KopiKala.Models.User)
DA:216,4
DA:217,4
DA:218,4
DA:219,4
DA:220,4
DA:221,4
DA:222,4
DA:224,18
DA:225,3
DA:226,3
DA:227,3
DA:229,4
DA:230,4
DA:231,4
DA:232,4
DA:234,14
DA:235,1
DA:236,1
DA:237,1
DA:239,4
DA:240,4
DA:241,4
BRDA:224,148,1,3
BRDA:224,148,0,4
BRDA:234,297,1,1
BRDA:234,297,0,4
FN:15,System.Void KopiKala.Services.AuthService::.ctor(KopiKala.Data.AppDbContext,Microsoft.Extensions.Logging.ILogger`1<KopiKala.Services.AuthService>)
FNDA:17,System.Void KopiKala.Services.AuthService::.ctor(KopiKala.Data.AppDbContext,Microsoft.Extensions.Logging.ILogger`1<KopiKala.Services.AuthService>)
DA:16,17
DA:17,17
DA:18,17
DA:19,17
DA:20,17
LF:27
LH:27
BRF:4
BRH:4
FNF:2
FNH:2
end_of_record
SF:I:\dev\web\KopiKala\.claude\worktrees\feat-aspire-apphost\KopiKala\Services\BookingService.cs
FN:342,KopiKala.DTOs.Booking.InvoiceResponseDto KopiKala.Services.BookingService::MapToInvoiceDto(KopiKala.Models.Booking)
FNDA:6,KopiKala.DTOs.Booking.InvoiceResponseDto KopiKala.Services.BookingService::MapToInvoiceDto(KopiKala.Models.Booking)
DA:343,6
DA:344,6
DA:346,6
DA:347,6
DA:349,6
DA:350,6
DA:351,6
DA:352,6
DA:353,6
DA:354,6
DA:355,6
DA:356,6
DA:357,6
DA:358,6
DA:359,6
DA:360,6
DA:361,6
DA:362,6
DA:363,6
DA:364,6
DA:365,6
DA:366,6
DA:367,6
DA:368,6
DA:369,6
DA:370,6
DA:371,6
DA:372,6
DA:373,6
DA:374,6
DA:375,6
DA:376,6
BRDA:346,35,0,0
BRDA:346,35,1,6
BRDA:349,116,0,0
BRDA:349,116,1,6
BRDA:349,128,0,0
BRDA:349,128,1,6
BRDA:349,150,0,0
BRDA:349,150,1,6
BRDA:349,162,0,0
BRDA:349,162,1,6
BRDA:349,184,0,0
BRDA:349,184,1,6
BRDA:349,222,0,0
BRDA:349,222,1,6
BRDA:349,234,0,0
BRDA:349,234,1,6
FN:16,System.Void KopiKala.Services.BookingService::.ctor(Microsoft.Extensions.DependencyInjection.IServiceScopeFactory,Microsoft.AspNetCore.Hosting.IWebHostEnvironment,System.TimeProvider,Microsoft.Extensions.Logging.ILogger`1<KopiKala.Services.BookingService>)
FNDA:15,System.Void KopiKala.Services.BookingService::.ctor(Microsoft.Extensions.DependencyInjection.IServiceScopeFactory,Microsoft.AspNetCore.Hosting.IWebHostEnvironment,System.TimeProvider,Microsoft.Extensions.Logging.ILogger`1<KopiKala.Services.BookingService>)
DA:17,15
DA:18,15
DA:19,15
DA:20,15
DA:21,15
DA:22,15
DA:23,15
DA:24,15
DA:25,15
DA:26,15
DA:27,15
LF:43
LH:43
BRF:16
BRH:8
FNF:2
FNH:2
end_of_record
SF:I:\dev\web\KopiKala\.claude\worktrees\feat-aspire-apphost\KopiKala\Services\CashierService.cs
FN:439,KopiKala.DTOs.Staff.CashierBookingDto KopiKala.Services.CashierService::MapToDto(KopiKala.Models.Booking)
FNDA:3,KopiKala.DTOs.Staff.CashierBookingDto KopiKala.Services.CashierService::MapToDto(KopiKala.Models.Booking)
DA:440,3
DA:441,3
DA:442,3
DA:443,3
DA:445,3
DA:446,3
DA:447,3
DA:448,3
DA:449,3
DA:450,3
DA:451,3
DA:452,3
DA:453,3
DA:454,3
DA:455,3
DA:456,3
DA:457,3
DA:458,3
DA:459,3
DA:460,3
DA:461,3
DA:462,3
DA:463,3
DA:464,3
DA:465,3
DA:466,3
DA:467,3
DA:468,3
DA:469,3
DA:470,3
DA:471,3
DA:472,3
DA:473,3
DA:474,3
DA:475,3
DA:476,3
DA:477,3
DA:478,3
DA:479,3
DA:480,3
BRDA:441,7,0,0
BRDA:441,7,1,3
BRDA:445,95,0,0
BRDA:445,95,1,3
BRDA:445,107,0,0
BRDA:445,107,1,3
BRDA:445,130,0,0
BRDA:445,130,1,3
BRDA:445,142,0,0
BRDA:445,142,1,3
BRDA:445,177,0,0
BRDA:445,177,1,3
BRDA:445,189,0,0
BRDA:445,189,1,3
BRDA:445,211,0,0
BRDA:445,211,1,3
BRDA:445,223,0,0
BRDA:445,223,1,3
BRDA:445,245,0,0
BRDA:445,245,1,3
BRDA:445,283,0,0
BRDA:445,283,1,3
BRDA:445,295,0,0
BRDA:445,295,1,3
BRDA:445,317,0,0
BRDA:445,317,1,3
FN:17,System.Void KopiKala.Services.CashierService::.ctor(Microsoft.Extensions.DependencyInjection.IServiceScopeFactory,System.TimeProvider,Microsoft.Extensions.Logging.ILogger`1<KopiKala.Services.CashierService>)
FNDA:13,System.Void KopiKala.Services.CashierService::.ctor(Microsoft.Extensions.DependencyInjection.IServiceScopeFactory,System.TimeProvider,Microsoft.Extensions.Logging.ILogger`1<KopiKala.Services.CashierService>)
DA:18,13
DA:19,13
DA:20,13
DA:21,13
DA:22,13
DA:23,13
LF:46
LH:46
BRF:26
BRH:13
FNF:2
FNH:2
end_of_record
SF:I:\dev\web\KopiKala\.claude\worktrees\feat-aspire-apphost\KopiKala\Services\SuperAdminService.cs
FN:18,System.Void KopiKala.Services.SuperAdminService::.ctor(Microsoft.Extensions.DependencyInjection.IServiceScopeFactory,Microsoft.AspNetCore.Hosting.IWebHostEnvironment,System.TimeProvider,Microsoft.Extensions.Logging.ILogger`1<KopiKala.Services.SuperAdminService>)
FNDA:19,System.Void KopiKala.Services.SuperAdminService::.ctor(Microsoft.Extensions.DependencyInjection.IServiceScopeFactory,Microsoft.AspNetCore.Hosting.IWebHostEnvironment,System.TimeProvider,Microsoft.Extensions.Logging.ILogger`1<KopiKala.Services.SuperAdminService>)
DA:19,19
DA:20,19
DA:21,19
DA:22,19
DA:23,19
DA:24,19
DA:25,19
DA:26,19
DA:27,19
DA:28,19
DA:29,19
LF:11
LH:11
BRF:0
BRH:0
FNF:1
FNH:1
end_of_record
SF:I:\dev\web\KopiKala\.claude\worktrees\feat-aspire-apphost\KopiKala\Migrations\20260906194059_InitialDatabaseSetup.cs
FN:13,System.Void KopiKala.Migrations.InitialDatabaseSetup::Up(Microsoft.EntityFrameworkCore.Migrations.MigrationBuilder)
FNDA:0,System.Void KopiKala.Migrations.InitialDatabaseSetup::Up(Microsoft.EntityFrameworkCore.Migrations.MigrationBuilder)
DA:14,0
DA:15,0
DA:16,0
DA:18,0
DA:19,0
DA:20,0
DA:21,0
DA:22,0
DA:23,0
DA:24,0
DA:25,0
DA:26,0
DA:27,0
DA:28,0
DA:29,0
DA:30,0
DA:31,0
DA:33,0
DA:34,0
DA:35,0
DA:36,0
DA:37,0
DA:38,0
DA:39,0
DA:40,0
DA:41,0
DA:42,0
DA:43,0
DA:44,0
DA:45,0
DA:46,0
DA:47,0
DA:48,0
DA:50,0
DA:51,0
DA:52,0
DA:53,0
DA:54,0
DA:55,0
DA:56,0
DA:57,0
DA:58,0
DA:59,0
DA:60,0
DA:61,0
DA:62,0
DA:64,0
DA:65,0
DA:66,0
DA:67,0
DA:68,0
DA:69,0
DA:70,0
DA:71,0
DA:72,0
DA:73,0
DA:74,0
DA:75,0
DA:76,0
DA:77,0
DA:79,0
DA:80,0
DA:81,0
DA:82,0
DA:83,0
DA:84,0
DA:85,0
DA:86,0
DA:87,0
DA:88,0
DA:89,0
DA:90,0
DA:91,0
DA:92,0
DA:94,0
DA:95,0
DA:96,0
DA:97,0
DA:98,0
DA:99,0
DA:100,0
DA:101,0
DA:102,0
DA:103,0
DA:104,0
DA:105,0
DA:106,0
DA:107,0
DA:108,0
DA:109,0
DA:111,0
DA:112,0
DA:113,0
DA:114,0
DA:115,0
DA:116,0
DA:117,0
DA:118,0
DA:119,0
DA:120,0
DA:121,0
DA:122,0
DA:123,0
DA:124,0
DA:125,0
DA:126,0
DA:127,0
DA:128,0
DA:129,0
DA:130,0
DA:131,0
DA:132,0
DA:133,0
DA:135,0
DA:136,0
DA:137,0
DA:138,0
DA:139,0
DA:140,0
DA:141,0
DA:142,0
DA:143,0
DA:144,0
DA:145,0
DA:146,0
DA:147,0
DA:148,0
DA:149,0
DA:150,0
DA:151,0
DA:152,0
DA:153,0
DA:154,0
DA:155,0
DA:156,0
DA:157,0
DA:158,0
DA:159,0
DA:160,0
DA:161,0
DA:162,0
DA:163,0
DA:164,0
DA:165,0
DA:166,0
DA:167,0
DA:168,0
DA:169,0
DA:170,0
DA:171,0
DA:172,0
DA:173,0
DA:174,0
DA:175,0
DA:176,0
DA:178,0
DA:179,0
DA:180,0
DA:181,0
DA:182,0
DA:183,0
DA:184,0
DA:185,0
DA:186,0
DA:187,0
DA:188,0
DA:189,0
DA:190,0
DA:191,0
DA:192,0
DA:193,0
DA:194,0
DA:195,0
DA:196,0
DA:197,0
DA:198,0
DA:199,0
DA:200,0
DA:202,0
DA:203,0
DA:204,0
DA:205,0
DA:206,0
DA:207,0
DA:208,0
DA:209,0
DA:210,0
DA:211,0
DA:212,0
DA:213,0
DA:214,0
DA:215,0
DA:216,0
DA:217,0
DA:218,0
DA:219,0
DA:220,0
DA:221,0
DA:222,0
DA:223,0
DA:224,0
DA:225,0
DA:226,0
DA:227,0
DA:228,0
DA:229,0
DA:231,0
DA:232,0
DA:233,0
DA:234,0
DA:236,0
DA:237,0
DA:238,0
DA:239,0
DA:241,0
DA:242,0
DA:243,0
DA:244,0
DA:245,0
DA:247,0
DA:248,0
DA:249,0
DA:250,0
DA:252,0
DA:253,0
DA:254,0
DA:255,0
DA:257,0
DA:258,0
DA:259,0
DA:260,0
DA:261,0
DA:262,0
DA:264,0
DA:265,0
DA:266,0
DA:267,0
DA:268,0
DA:270,0
DA:271,0
DA:272,0
DA:273,0
DA:274,0
DA:276,0
DA:277,0
DA:278,0
DA:279,0
DA:281,0
DA:282,0
DA:283,0
DA:284,0
DA:285,0
DA:287,0
DA:288,0
DA:289,0
DA:290,0
DA:292,0
DA:293,0
DA:294,0
DA:295,0
DA:296,0
DA:297,0
FN:300,System.Void KopiKala.Migrations.InitialDatabaseSetup::Down(Microsoft.EntityFrameworkCore.Migrations.MigrationBuilder)
FNDA:0,System.Void KopiKala.Migrations.InitialDatabaseSetup::Down(Microsoft.EntityFrameworkCore.Migrations.MigrationBuilder)
DA:301,0
DA:302,0
DA:303,0
DA:305,0
DA:306,0
DA:308,0
DA:309,0
DA:311,0
DA:312,0
DA:314,0
DA:315,0
DA:317,0
DA:318,0
DA:320,0
DA:321,0
DA:323,0
DA:324,0
DA:326,0
DA:327,0
DA:329,0
DA:330,0
DA:331,0
LF:284
LH:0
BRF:0
BRH:0
FNF:2
FNH:0
end_of_record
SF:I:\dev\web\KopiKala\.claude\worktrees\feat-aspire-apphost\KopiKala\Migrations\20260906194059_InitialDatabaseSetup.Designer.cs
FN:19,System.Void KopiKala.Migrations.InitialDatabaseSetup::BuildTargetModel(Microsoft.EntityFrameworkCore.ModelBuilder)
FNDA:0,System.Void KopiKala.Migrations.InitialDatabaseSetup::BuildTargetModel(Microsoft.EntityFrameworkCore.ModelBuilder)
DA:20,0
DA:22,0
DA:23,0
DA:24,0
DA:26,0
DA:27,0
DA:29,0
DA:30,0
DA:31,0
DA:32,0
DA:33,0
DA:34,0
DA:35,0
DA:36,0
DA:37,0
DA:38,0
DA:39,0
DA:40,0
DA:41,0
DA:42,0
DA:43,0
DA:44,0
DA:45,0
DA:46,0
DA:47,0
DA:48,0
DA:49,0
DA:50,0
DA:51,0
DA:52,0
DA:53,0
DA:54,0
DA:55,0
DA:56,0
DA:57,0
DA:58,0
DA:59,0
DA:60,0
DA:61,0
DA:62,0
DA:63,0
DA:64,0
DA:65,0
DA:66,0
DA:67,0
DA:68,0
DA:69,0
DA:70,0
DA:71,0
DA:72,0
DA:73,0
DA:74,0
DA:75,0
DA:76,0
DA:77,0
DA:78,0
DA:79,0
DA:80,0
DA:81,0
DA:82,0
DA:83,0
DA:84,0
DA:85,0
DA:86,0
DA:87,0
DA:88,0
DA:89,0
DA:90,0
DA:91,0
DA:92,0
DA:93,0
DA:94,0
DA:95,0
DA:96,0
DA:97,0
DA:98,0
DA:99,0
DA:100,0
DA:101,0
DA:102,0
DA:103,0
DA:104,0
DA:105,0
DA:106,0
DA:107,0
DA:108,0
DA:109,0
DA:110,0
DA:111,0
DA:112,0
DA:113,0
DA:114,0
DA:115,0
DA:116,0
DA:117,0
DA:118,0
DA:119,0
DA:120,0
DA:121,0
DA:122,0
DA:123,0
DA:124,0
DA:126,0
DA:127,0
DA:128,0
DA:129,0
DA:130,0
DA:131,0
DA:132,0
DA:133,0
DA:134,0
DA:135,0
DA:136,0
DA:137,0
DA:138,0
DA:139,0
DA:140,0
DA:141,0
DA:142,0
DA:143,0
DA:144,0
DA:145,0
DA:146,0
DA:147,0
DA:148,0
DA:149,0
DA:150,0
DA:151,0
DA:152,0
DA:153,0
DA:154,0
DA:155,0
DA:156,0
DA:157,0
DA:158,0
DA:159,0
DA:160,0
DA:161,0
DA:162,0
DA:163,0
DA:164,0
DA:165,0
DA:166,0
DA:167,0
DA:168,0
DA:169,0
DA:170,0
DA:171,0
DA:172,0
DA:174,0
DA:175,0
DA:176,0
DA:177,0
DA:178,0
DA:179,0
DA:180,0
DA:181,0
DA:182,0
DA:183,0
DA:184,0
DA:185,0
DA:186,0
DA:187,0
DA:188,0
DA:189,0
DA:190,0
DA:191,0
DA:192,0
DA:193,0
DA:194,0
DA:195,0
DA:196,0
DA:197,0
DA:198,0
DA:199,0
DA:200,0
DA:201,0
DA:202,0
DA:203,0
DA:204,0
DA:205,0
DA:206,0
DA:207,0
DA:208,0
DA:209,0
DA:210,0
DA:211,0
DA:213,0
DA:214,0
DA:215,0
DA:216,0
DA:217,0
DA:218,0
DA:219,0
DA:220,0
DA:221,0
DA:222,0
DA:223,0
DA:224,0
DA:225,0
DA:226,0
DA:227,0
DA:228,0
DA:229,0
DA:230,0
DA:231,0
DA:232,0
DA:233,0
DA:234,0
DA:235,0
DA:236,0
DA:237,0
DA:238,0
DA:239,0
DA:240,0
DA:241,0
DA:242,0
DA:243,0
DA:244,0
DA:245,0
DA:246,0
DA:247,0
DA:248,0
DA:249,0
DA:250,0
DA:251,0
DA:252,0
DA:253,0
DA:254,0
DA:255,0
DA:256,0
DA:257,0
DA:259,0
DA:260,0
DA:261,0
DA:262,0
DA:263,0
DA:264,0
DA:265,0
DA:266,0
DA:267,0
DA:268,0
DA:269,0
DA:270,0
DA:271,0
DA:272,0
DA:273,0
DA:274,0
DA:275,0
DA:276,0
DA:277,0
DA:278,0
DA:279,0
DA:280,0
DA:281,0
DA:282,0
DA:283,0
DA:284,0
DA:285,0
DA:286,0
DA:287,0
DA:289,0
DA:290,0
DA:291,0
DA:292,0
DA:293,0
DA:294,0
DA:295,0
DA:296,0
DA:297,0
DA:298,0
DA:299,0
DA:300,0
DA:301,0
DA:302,0
DA:303,0
DA:304,0
DA:305,0
DA:306,0
DA:307,0
DA:308,0
DA:309,0
DA:310,0
DA:311,0
DA:312,0
DA:313,0
DA:314,0
DA:315,0
DA:316,0
DA:317,0
DA:318,0
DA:319,0
DA:320,0
DA:322,0
DA:323,0
DA:324,0
DA:325,0
DA:326,0
DA:327,0
DA:328,0
DA:329,0
DA:330,0
DA:331,0
DA:332,0
DA:333,0
DA:334,0
DA:335,0
DA:336,0
DA:337,0
DA:338,0
DA:339,0
DA:340,0
DA:341,0
DA:342,0
DA:343,0
DA:344,0
DA:345,0
DA:346,0
DA:347,0
DA:348,0
DA:349,0
DA:351,0
DA:352,0
DA:353,0
DA:354,0
DA:355,0
DA:356,0
DA:357,0
DA:358,0
DA:359,0
DA:360,0
DA:361,0
DA:362,0
DA:363,0
DA:364,0
DA:365,0
DA:366,0
DA:367,0
DA:368,0
DA:369,0
DA:370,0
DA:371,0
DA:372,0
DA:373,0
DA:374,0
DA:375,0
DA:376,0
DA:377,0
DA:378,0
DA:379,0
DA:380,0
DA:381,0
DA:382,0
DA:383,0
DA:384,0
DA:385,0
DA:386,0
DA:387,0
DA:388,0
DA:389,0
DA:390,0
DA:391,0
DA:392,0
DA:393,0
DA:394,0
DA:395,0
DA:396,0
DA:397,0
DA:398,0
DA:399,0
DA:400,0
DA:402,0
DA:403,0
DA:404,0
DA:405,0
DA:406,0
DA:407,0
DA:408,0
DA:409,0
DA:410,0
DA:411,0
DA:412,0
DA:413,0
DA:414,0
DA:415,0
DA:416,0
DA:417,0
DA:418,0
DA:420,0
DA:421,0
DA:422,0
DA:423,0
DA:424,0
DA:425,0
DA:426,0
DA:427,0
DA:428,0
DA:429,0
DA:430,0
DA:431,0
DA:432,0
DA:433,0
DA:434,0
DA:435,0
DA:436,0
DA:438,0
DA:439,0
DA:440,0
DA:441,0
DA:442,0
DA:443,0
DA:444,0
DA:445,0
DA:446,0
DA:447,0
DA:448,0
DA:449,0
DA:450,0
DA:451,0
DA:452,0
DA:453,0
DA:454,0
DA:455,0
DA:456,0
DA:457,0
DA:458,0
DA:459,0
DA:460,0
DA:461,0
DA:462,0
DA:463,0
DA:464,0
DA:465,0
DA:466,0
DA:468,0
DA:469,0
DA:470,0
DA:471,0
DA:472,0
DA:473,0
DA:474,0
DA:475,0
DA:476,0
DA:477,0
DA:478,0
DA:479,0
DA:480,0
DA:481,0
DA:482,0
DA:483,0
DA:484,0
DA:485,0
DA:486,0
DA:487,0
DA:489,0
DA:490,0
DA:491,0
DA:492,0
DA:493,0
DA:494,0
DA:495,0
DA:496,0
DA:497,0
DA:498,0
DA:499,0
DA:500,0
DA:501,0
DA:502,0
DA:503,0
DA:504,0
DA:506,0
DA:507,0
DA:508,0
DA:509,0
DA:510,0
DA:511,0
DA:512,0
DA:513,0
DA:514,0
DA:515,0
DA:516,0
DA:517,0
DA:518,0
DA:519,0
DA:520,0
DA:521,0
DA:523,0
DA:524,0
DA:525,0
DA:526,0
DA:528,0
DA:529,0
DA:530,0
DA:531,0
DA:533,0
DA:534,0
DA:535,0
DA:536,0
DA:538,0
DA:539,0
DA:540,0
DA:541,0
DA:543,0
DA:544,0
DA:545,0
DA:546,0
DA:548,0
LF:507
LH:0
BRF:0
BRH:0
FNF:1
FNH:0
end_of_record
SF:I:\dev\web\KopiKala\.claude\worktrees\feat-aspire-apphost\KopiKala\Migrations\20260907085410_AddOpenIddictTables.cs
FN:12,System.Void KopiKala.Migrations.AddOpenIddictTables::Up(Microsoft.EntityFrameworkCore.Migrations.MigrationBuilder)
FNDA:0,System.Void KopiKala.Migrations.AddOpenIddictTables::Up(Microsoft.EntityFrameworkCore.Migrations.MigrationBuilder)
DA:13,0
DA:14,0
DA:15,0
DA:16,0
DA:17,0
DA:18,0
DA:19,0
DA:20,0
DA:21,0
DA:22,0
DA:23,0
DA:24,0
DA:25,0
DA:26,0
DA:27,0
DA:28,0
DA:29,0
DA:30,0
DA:31,0
DA:32,0
DA:33,0
DA:34,0
DA:35,0
DA:36,0
DA:37,0
DA:38,0
DA:40,0
DA:41,0
DA:42,0
DA:43,0
DA:44,0
DA:45,0
DA:46,0
DA:47,0
DA:48,0
DA:49,0
DA:50,0
DA:51,0
DA:52,0
DA:53,0
DA:54,0
DA:55,0
DA:56,0
DA:57,0
DA:59,0
DA:60,0
DA:61,0
DA:62,0
DA:63,0
DA:64,0
DA:65,0
DA:66,0
DA:67,0
DA:68,0
DA:69,0
DA:70,0
DA:71,0
DA:72,0
DA:73,0
DA:74,0
DA:75,0
DA:76,0
DA:77,0
DA:78,0
DA:79,0
DA:80,0
DA:81,0
DA:83,0
DA:84,0
DA:85,0
DA:86,0
DA:87,0
DA:88,0
DA:89,0
DA:90,0
DA:91,0
DA:92,0
DA:93,0
DA:94,0
DA:95,0
DA:96,0
DA:97,0
DA:98,0
DA:99,0
DA:100,0
DA:101,0
DA:102,0
DA:103,0
DA:104,0
DA:105,0
DA:106,0
DA:107,0
DA:108,0
DA:109,0
DA:110,0
DA:111,0
DA:112,0
DA:113,0
DA:114,0
DA:116,0
DA:117,0
DA:118,0
DA:119,0
DA:120,0
DA:122,0
DA:123,0
DA:124,0
DA:125,0
DA:127,0
DA:128,0
DA:129,0
DA:130,0
DA:131,0
DA:133,0
DA:134,0
DA:135,0
DA:136,0
DA:138,0
DA:139,0
DA:140,0
DA:141,0
DA:143,0
DA:144,0
DA:145,0
DA:146,0
DA:147,0
DA:148,0
FN:151,System.Void KopiKala.Migrations.AddOpenIddictTables::Down(Microsoft.EntityFrameworkCore.Migrations.MigrationBuilder)
FNDA:0,System.Void KopiKala.Migrations.AddOpenIddictTables::Down(Microsoft.EntityFrameworkCore.Migrations.MigrationBuilder)
DA:152,0
DA:153,0
DA:154,0
DA:156,0
DA:157,0
DA:159,0
DA:160,0
DA:162,0
DA:163,0
DA:164,0
LF:137
LH:0
BRF:0
BRH:0
FNF:2
FNH:0
end_of_record
SF:I:\dev\web\KopiKala\.claude\worktrees\feat-aspire-apphost\KopiKala\Migrations\20260907085410_AddOpenIddictTables.Designer.cs
FN:19,System.Void KopiKala.Migrations.AddOpenIddictTables::BuildTargetModel(Microsoft.EntityFrameworkCore.ModelBuilder)
FNDA:0,System.Void KopiKala.Migrations.AddOpenIddictTables::BuildTargetModel(Microsoft.EntityFrameworkCore.ModelBuilder)
DA:20,0
DA:22,0
DA:23,0
DA:24,0
DA:26,0
DA:27,0
DA:29,0
DA:30,0
DA:31,0
DA:32,0
DA:33,0
DA:34,0
DA:35,0
DA:36,0
DA:37,0
DA:38,0
DA:39,0
DA:40,0
DA:41,0
DA:42,0
DA:43,0
DA:44,0
DA:45,0
DA:46,0
DA:47,0
DA:48,0
DA:49,0
DA:50,0
DA:51,0
DA:52,0
DA:53,0
DA:54,0
DA:55,0
DA:56,0
DA:57,0
DA:58,0
DA:59,0
DA:60,0
DA:61,0
DA:62,0
DA:63,0
DA:64,0
DA:65,0
DA:66,0
DA:67,0
DA:68,0
DA:69,0
DA:70,0
DA:71,0
DA:72,0
DA:73,0
DA:74,0
DA:75,0
DA:76,0
DA:77,0
DA:78,0
DA:79,0
DA:80,0
DA:81,0
DA:82,0
DA:83,0
DA:84,0
DA:85,0
DA:86,0
DA:87,0
DA:88,0
DA:89,0
DA:90,0
DA:91,0
DA:92,0
DA:93,0
DA:94,0
DA:95,0
DA:96,0
DA:97,0
DA:98,0
DA:99,0
DA:100,0
DA:101,0
DA:102,0
DA:103,0
DA:104,0
DA:105,0
DA:106,0
DA:107,0
DA:108,0
DA:109,0
DA:110,0
DA:111,0
DA:112,0
DA:113,0
DA:114,0
DA:115,0
DA:116,0
DA:117,0
DA:118,0
DA:119,0
DA:120,0
DA:121,0
DA:122,0
DA:123,0
DA:124,0
DA:126,0
DA:127,0
DA:128,0
DA:129,0
DA:130,0
DA:131,0
DA:132,0
DA:133,0
DA:134,0
DA:135,0
DA:136,0
DA:137,0
DA:138,0
DA:139,0
DA:140,0
DA:141,0
DA:142,0
DA:143,0
DA:144,0
DA:145,0
DA:146,0
DA:147,0
DA:148,0
DA:149,0
DA:150,0
DA:151,0
DA:152,0
DA:153,0
DA:154,0
DA:155,0
DA:156,0
DA:157,0
DA:158,0
DA:159,0
DA:160,0
DA:161,0
DA:162,0
DA:163,0
DA:164,0
DA:165,0
DA:166,0
DA:167,0
DA:168,0
DA:169,0
DA:170,0
DA:171,0
DA:172,0
DA:174,0
DA:175,0
DA:176,0
DA:177,0
DA:178,0
DA:179,0
DA:180,0
DA:181,0
DA:182,0
DA:183,0
DA:184,0
DA:185,0
DA:186,0
DA:187,0
DA:188,0
DA:189,0
DA:190,0
DA:191,0
DA:192,0
DA:193,0
DA:194,0
DA:195,0
DA:196,0
DA:197,0
DA:198,0
DA:199,0
DA:200,0
DA:201,0
DA:202,0
DA:203,0
DA:204,0
DA:205,0
DA:206,0
DA:207,0
DA:208,0
DA:209,0
DA:210,0
DA:211,0
DA:213,0
DA:214,0
DA:215,0
DA:216,0
DA:217,0
DA:218,0
DA:219,0
DA:220,0
DA:221,0
DA:222,0
DA:223,0
DA:224,0
DA:225,0
DA:226,0
DA:227,0
DA:228,0
DA:229,0
DA:230,0
DA:231,0
DA:232,0
DA:233,0
DA:234,0
DA:235,0
DA:236,0
DA:237,0
DA:238,0
DA:239,0
DA:240,0
DA:241,0
DA:242,0
DA:243,0
DA:244,0
DA:245,0
DA:246,0
DA:247,0
DA:248,0
DA:249,0
DA:250,0
DA:251,0
DA:252,0
DA:253,0
DA:254,0
DA:255,0
DA:256,0
DA:257,0
DA:259,0
DA:260,0
DA:261,0
DA:262,0
DA:263,0
DA:264,0
DA:265,0
DA:266,0
DA:267,0
DA:268,0
DA:269,0
DA:270,0
DA:271,0
DA:272,0
DA:273,0
DA:274,0
DA:275,0
DA:276,0
DA:277,0
DA:278,0
DA:279,0
DA:280,0
DA:281,0
DA:282,0
DA:283,0
DA:284,0
DA:285,0
DA:286,0
DA:287,0
DA:289,0
DA:290,0
DA:291,0
DA:292,0
DA:293,0
DA:294,0
DA:295,0
DA:296,0
DA:297,0
DA:298,0
DA:299,0
DA:300,0
DA:301,0
DA:302,0
DA:303,0
DA:304,0
DA:305,0
DA:306,0
DA:307,0
DA:308,0
DA:309,0
DA:310,0
DA:311,0
DA:312,0
DA:313,0
DA:314,0
DA:315,0
DA:316,0
DA:317,0
DA:318,0
DA:319,0
DA:320,0
DA:322,0
DA:323,0
DA:324,0
DA:325,0
DA:326,0
DA:327,0
DA:328,0
DA:329,0
DA:330,0
DA:331,0
DA:332,0
DA:333,0
DA:334,0
DA:335,0
DA:336,0
DA:337,0
DA:338,0
DA:339,0
DA:340,0
DA:341,0
DA:342,0
DA:343,0
DA:344,0
DA:345,0
DA:346,0
DA:347,0
DA:348,0
DA:349,0
DA:351,0
DA:352,0
DA:353,0
DA:354,0
DA:355,0
DA:356,0
DA:357,0
DA:358,0
DA:359,0
DA:360,0
DA:361,0
DA:362,0
DA:363,0
DA:364,0
DA:365,0
DA:366,0
DA:367,0
DA:368,0
DA:369,0
DA:370,0
DA:371,0
DA:372,0
DA:373,0
DA:374,0
DA:375,0
DA:376,0
DA:377,0
DA:378,0
DA:379,0
DA:380,0
DA:381,0
DA:382,0
DA:383,0
DA:384,0
DA:385,0
DA:386,0
DA:387,0
DA:388,0
DA:389,0
DA:390,0
DA:391,0
DA:392,0
DA:393,0
DA:394,0
DA:395,0
DA:396,0
DA:397,0
DA:398,0
DA:399,0
DA:400,0
DA:402,0
DA:403,0
DA:404,0
DA:405,0
DA:406,0
DA:407,0
DA:408,0
DA:409,0
DA:410,0
DA:411,0
DA:412,0
DA:413,0
DA:414,0
DA:415,0
DA:416,0
DA:417,0
DA:418,0
DA:419,0
DA:420,0
DA:421,0
DA:422,0
DA:423,0
DA:424,0
DA:425,0
DA:426,0
DA:427,0
DA:428,0
DA:429,0
DA:430,0
DA:431,0
DA:432,0
DA:433,0
DA:434,0
DA:435,0
DA:436,0
DA:437,0
DA:438,0
DA:439,0
DA:440,0
DA:441,0
DA:442,0
DA:443,0
DA:444,0
DA:445,0
DA:446,0
DA:447,0
DA:448,0
DA:449,0
DA:450,0
DA:451,0
DA:452,0
DA:453,0
DA:454,0
DA:455,0
DA:456,0
DA:457,0
DA:458,0
DA:459,0
DA:460,0
DA:461,0
DA:462,0
DA:463,0
DA:464,0
DA:465,0
DA:467,0
DA:468,0
DA:469,0
DA:470,0
DA:471,0
DA:472,0
DA:473,0
DA:474,0
DA:475,0
DA:476,0
DA:477,0
DA:478,0
DA:479,0
DA:480,0
DA:481,0
DA:482,0
DA:483,0
DA:484,0
DA:485,0
DA:486,0
DA:487,0
DA:488,0
DA:489,0
DA:490,0
DA:491,0
DA:492,0
DA:493,0
DA:494,0
DA:495,0
DA:496,0
DA:497,0
DA:498,0
DA:499,0
DA:500,0
DA:501,0
DA:502,0
DA:503,0
DA:504,0
DA:505,0
DA:506,0
DA:507,0
DA:509,0
DA:510,0
DA:511,0
DA:512,0
DA:513,0
DA:514,0
DA:515,0
DA:516,0
DA:517,0
DA:518,0
DA:519,0
DA:520,0
DA:521,0
DA:522,0
DA:523,0
DA:524,0
DA:525,0
DA:526,0
DA:527,0
DA:528,0
DA:529,0
DA:530,0
DA:531,0
DA:532,0
DA:533,0
DA:534,0
DA:535,0
DA:536,0
DA:537,0
DA:538,0
DA:539,0
DA:540,0
DA:541,0
DA:542,0
DA:543,0
DA:544,0
DA:545,0
DA:546,0
DA:547,0
DA:548,0
DA:550,0
DA:551,0
DA:552,0
DA:553,0
DA:554,0
DA:555,0
DA:556,0
DA:557,0
DA:558,0
DA:559,0
DA:560,0
DA:561,0
DA:562,0
DA:563,0
DA:564,0
DA:565,0
DA:566,0
DA:567,0
DA:568,0
DA:569,0
DA:570,0
DA:571,0
DA:572,0
DA:573,0
DA:574,0
DA:575,0
DA:576,0
DA:577,0
DA:578,0
DA:579,0
DA:580,0
DA:581,0
DA:582,0
DA:583,0
DA:584,0
DA:585,0
DA:586,0
DA:587,0
DA:588,0
DA:589,0
DA:590,0
DA:591,0
DA:592,0
DA:593,0
DA:594,0
DA:595,0
DA:596,0
DA:597,0
DA:598,0
DA:599,0
DA:600,0
DA:601,0
DA:602,0
DA:603,0
DA:604,0
DA:605,0
DA:606,0
DA:607,0
DA:608,0
DA:610,0
DA:611,0
DA:612,0
DA:613,0
DA:614,0
DA:615,0
DA:616,0
DA:617,0
DA:618,0
DA:619,0
DA:620,0
DA:621,0
DA:622,0
DA:623,0
DA:624,0
DA:625,0
DA:626,0
DA:628,0
DA:629,0
DA:630,0
DA:631,0
DA:632,0
DA:633,0
DA:634,0
DA:635,0
DA:636,0
DA:637,0
DA:638,0
DA:639,0
DA:640,0
DA:641,0
DA:642,0
DA:643,0
DA:644,0
DA:646,0
DA:647,0
DA:648,0
DA:649,0
DA:650,0
DA:651,0
DA:652,0
DA:653,0
DA:654,0
DA:655,0
DA:656,0
DA:657,0
DA:658,0
DA:659,0
DA:660,0
DA:661,0
DA:662,0
DA:663,0
DA:664,0
DA:665,0
DA:666,0
DA:667,0
DA:668,0
DA:669,0
DA:670,0
DA:671,0
DA:672,0
DA:673,0
DA:674,0
DA:676,0
DA:677,0
DA:678,0
DA:679,0
DA:680,0
DA:681,0
DA:682,0
DA:683,0
DA:684,0
DA:685,0
DA:686,0
DA:687,0
DA:688,0
DA:689,0
DA:690,0
DA:691,0
DA:692,0
DA:693,0
DA:694,0
DA:695,0
DA:697,0
DA:698,0
DA:699,0
DA:700,0
DA:701,0
DA:702,0
DA:703,0
DA:704,0
DA:706,0
DA:707,0
DA:708,0
DA:709,0
DA:710,0
DA:711,0
DA:712,0
DA:713,0
DA:714,0
DA:715,0
DA:716,0
DA:717,0
DA:718,0
DA:719,0
DA:721,0
DA:722,0
DA:723,0
DA:724,0
DA:725,0
DA:726,0
DA:727,0
DA:728,0
DA:729,0
DA:730,0
DA:731,0
DA:732,0
DA:733,0
DA:734,0
DA:735,0
DA:736,0
DA:738,0
DA:739,0
DA:740,0
DA:741,0
DA:742,0
DA:743,0
DA:744,0
DA:745,0
DA:746,0
DA:747,0
DA:748,0
DA:749,0
DA:750,0
DA:751,0
DA:752,0
DA:753,0
DA:755,0
DA:756,0
DA:757,0
DA:758,0
DA:760,0
DA:761,0
DA:762,0
DA:763,0
DA:765,0
DA:766,0
DA:767,0
DA:768,0
DA:770,0
DA:771,0
DA:772,0
DA:773,0
DA:775,0
DA:776,0
DA:777,0
DA:778,0
DA:780,0
DA:781,0
DA:782,0
DA:783,0
DA:784,0
DA:785,0
DA:787,0
DA:788,0
DA:789,0
DA:790,0
DA:792,0
LF:743
LH:0
BRF:0
BRH:0
FNF:1
FNH:0
end_of_record
SF:I:\dev\web\KopiKala\.claude\worktrees\feat-aspire-apphost\KopiKala\Migrations\20260908014349_AddDailyReportTable.cs
FN:12,System.Void KopiKala.Migrations.AddDailyReportTable::Up(Microsoft.EntityFrameworkCore.Migrations.MigrationBuilder)
FNDA:0,System.Void KopiKala.Migrations.AddDailyReportTable::Up(Microsoft.EntityFrameworkCore.Migrations.MigrationBuilder)
DA:13,0
DA:14,0
DA:15,0
DA:16,0
DA:17,0
DA:18,0
DA:19,0
DA:20,0
DA:21,0
DA:22,0
DA:23,0
DA:24,0
DA:25,0
DA:26,0
DA:27,0
DA:28,0
DA:29,0
DA:30,0
DA:32,0
DA:33,0
DA:34,0
DA:35,0
DA:36,0
DA:37,0
FN:40,System.Void KopiKala.Migrations.AddDailyReportTable::Down(Microsoft.EntityFrameworkCore.Migrations.MigrationBuilder)
FNDA:0,System.Void KopiKala.Migrations.AddDailyReportTable::Down(Microsoft.EntityFrameworkCore.Migrations.MigrationBuilder)
DA:41,0
DA:42,0
DA:43,0
DA:44,0
LF:28
LH:0
BRF:0
BRH:0
FNF:2
FNH:0
end_of_record
SF:I:\dev\web\KopiKala\.claude\worktrees\feat-aspire-apphost\KopiKala\Migrations\20260908014349_AddDailyReportTable.Designer.cs
FN:19,System.Void KopiKala.Migrations.AddDailyReportTable::BuildTargetModel(Microsoft.EntityFrameworkCore.ModelBuilder)
FNDA:0,System.Void KopiKala.Migrations.AddDailyReportTable::BuildTargetModel(Microsoft.EntityFrameworkCore.ModelBuilder)
DA:20,0
DA:22,0
DA:23,0
DA:24,0
DA:26,0
DA:27,0
DA:29,0
DA:30,0
DA:31,0
DA:32,0
DA:33,0
DA:34,0
DA:35,0
DA:36,0
DA:37,0
DA:38,0
DA:39,0
DA:40,0
DA:41,0
DA:42,0
DA:43,0
DA:44,0
DA:45,0
DA:46,0
DA:47,0
DA:48,0
DA:49,0
DA:50,0
DA:51,0
DA:52,0
DA:53,0
DA:54,0
DA:55,0
DA:56,0
DA:57,0
DA:58,0
DA:59,0
DA:60,0
DA:61,0
DA:62,0
DA:63,0
DA:64,0
DA:65,0
DA:66,0
DA:67,0
DA:68,0
DA:69,0
DA:70,0
DA:71,0
DA:72,0
DA:73,0
DA:74,0
DA:75,0
DA:76,0
DA:77,0
DA:78,0
DA:79,0
DA:80,0
DA:81,0
DA:82,0
DA:83,0
DA:84,0
DA:85,0
DA:86,0
DA:87,0
DA:88,0
DA:89,0
DA:90,0
DA:91,0
DA:92,0
DA:93,0
DA:94,0
DA:95,0
DA:96,0
DA:97,0
DA:98,0
DA:99,0
DA:100,0
DA:101,0
DA:102,0
DA:103,0
DA:104,0
DA:105,0
DA:106,0
DA:107,0
DA:108,0
DA:109,0
DA:110,0
DA:111,0
DA:112,0
DA:113,0
DA:114,0
DA:115,0
DA:116,0
DA:117,0
DA:118,0
DA:119,0
DA:120,0
DA:121,0
DA:122,0
DA:123,0
DA:124,0
DA:126,0
DA:127,0
DA:128,0
DA:129,0
DA:130,0
DA:131,0
DA:132,0
DA:133,0
DA:134,0
DA:135,0
DA:136,0
DA:137,0
DA:138,0
DA:139,0
DA:140,0
DA:141,0
DA:142,0
DA:143,0
DA:144,0
DA:145,0
DA:146,0
DA:147,0
DA:148,0
DA:149,0
DA:150,0
DA:151,0
DA:152,0
DA:153,0
DA:154,0
DA:155,0
DA:156,0
DA:157,0
DA:158,0
DA:159,0
DA:160,0
DA:161,0
DA:162,0
DA:163,0
DA:164,0
DA:165,0
DA:166,0
DA:167,0
DA:168,0
DA:169,0
DA:170,0
DA:171,0
DA:172,0
DA:174,0
DA:175,0
DA:176,0
DA:177,0
DA:178,0
DA:179,0
DA:180,0
DA:181,0
DA:182,0
DA:183,0
DA:184,0
DA:185,0
DA:186,0
DA:187,0
DA:188,0
DA:189,0
DA:190,0
DA:191,0
DA:192,0
DA:193,0
DA:194,0
DA:195,0
DA:196,0
DA:197,0
DA:198,0
DA:199,0
DA:200,0
DA:201,0
DA:202,0
DA:203,0
DA:204,0
DA:205,0
DA:206,0
DA:207,0
DA:208,0
DA:209,0
DA:210,0
DA:211,0
DA:212,0
DA:213,0
DA:214,0
DA:215,0
DA:216,0
DA:217,0
DA:218,0
DA:219,0
DA:220,0
DA:221,0
DA:222,0
DA:224,0
DA:225,0
DA:226,0
DA:227,0
DA:228,0
DA:229,0
DA:230,0
DA:231,0
DA:232,0
DA:233,0
DA:234,0
DA:235,0
DA:236,0
DA:237,0
DA:238,0
DA:239,0
DA:240,0
DA:241,0
DA:242,0
DA:243,0
DA:244,0
DA:245,0
DA:246,0
DA:247,0
DA:248,0
DA:249,0
DA:250,0
DA:251,0
DA:252,0
DA:253,0
DA:254,0
DA:255,0
DA:256,0
DA:257,0
DA:258,0
DA:259,0
DA:260,0
DA:261,0
DA:263,0
DA:264,0
DA:265,0
DA:266,0
DA:267,0
DA:268,0
DA:269,0
DA:270,0
DA:271,0
DA:272,0
DA:273,0
DA:274,0
DA:275,0
DA:276,0
DA:277,0
DA:278,0
DA:279,0
DA:280,0
DA:281,0
DA:282,0
DA:283,0
DA:284,0
DA:285,0
DA:286,0
DA:287,0
DA:288,0
DA:289,0
DA:290,0
DA:291,0
DA:292,0
DA:293,0
DA:294,0
DA:295,0
DA:296,0
DA:297,0
DA:298,0
DA:299,0
DA:300,0
DA:301,0
DA:302,0
DA:303,0
DA:304,0
DA:305,0
DA:306,0
DA:307,0
DA:309,0
DA:310,0
DA:311,0
DA:312,0
DA:313,0
DA:314,0
DA:315,0
DA:316,0
DA:317,0
DA:318,0
DA:319,0
DA:320,0
DA:321,0
DA:322,0
DA:323,0
DA:324,0
DA:325,0
DA:326,0
DA:327,0
DA:328,0
DA:329,0
DA:330,0
DA:331,0
DA:332,0
DA:333,0
DA:334,0
DA:335,0
DA:336,0
DA:337,0
DA:339,0
DA:340,0
DA:341,0
DA:342,0
DA:343,0
DA:344,0
DA:345,0
DA:346,0
DA:347,0
DA:348,0
DA:349,0
DA:350,0
DA:351,0
DA:352,0
DA:353,0
DA:354,0
DA:355,0
DA:356,0
DA:357,0
DA:358,0
DA:359,0
DA:360,0
DA:361,0
DA:362,0
DA:363,0
DA:364,0
DA:365,0
DA:366,0
DA:367,0
DA:368,0
DA:369,0
DA:370,0
DA:372,0
DA:373,0
DA:374,0
DA:375,0
DA:376,0
DA:377,0
DA:378,0
DA:379,0
DA:380,0
DA:381,0
DA:382,0
DA:383,0
DA:384,0
DA:385,0
DA:386,0
DA:387,0
DA:388,0
DA:389,0
DA:390,0
DA:391,0
DA:392,0
DA:393,0
DA:394,0
DA:395,0
DA:396,0
DA:397,0
DA:398,0
DA:399,0
DA:401,0
DA:402,0
DA:403,0
DA:404,0
DA:405,0
DA:406,0
DA:407,0
DA:408,0
DA:409,0
DA:410,0
DA:411,0
DA:412,0
DA:413,0
DA:414,0
DA:415,0
DA:416,0
DA:417,0
DA:418,0
DA:419,0
DA:420,0
DA:421,0
DA:422,0
DA:423,0
DA:424,0
DA:425,0
DA:426,0
DA:427,0
DA:428,0
DA:429,0
DA:430,0
DA:431,0
DA:432,0
DA:433,0
DA:434,0
DA:435,0
DA:436,0
DA:437,0
DA:438,0
DA:439,0
DA:440,0
DA:441,0
DA:442,0
DA:443,0
DA:444,0
DA:445,0
DA:446,0
DA:447,0
DA:448,0
DA:449,0
DA:450,0
DA:452,0
DA:453,0
DA:454,0
DA:455,0
DA:456,0
DA:457,0
DA:458,0
DA:459,0
DA:460,0
DA:461,0
DA:462,0
DA:463,0
DA:464,0
DA:465,0
DA:466,0
DA:467,0
DA:468,0
DA:469,0
DA:470,0
DA:471,0
DA:472,0
DA:473,0
DA:474,0
DA:475,0
DA:476,0
DA:477,0
DA:478,0
DA:479,0
DA:480,0
DA:481,0
DA:482,0
DA:483,0
DA:484,0
DA:485,0
DA:486,0
DA:487,0
DA:488,0
DA:489,0
DA:490,0
DA:491,0
DA:492,0
DA:493,0
DA:494,0
DA:495,0
DA:496,0
DA:497,0
DA:498,0
DA:499,0
DA:500,0
DA:501,0
DA:502,0
DA:503,0
DA:504,0
DA:505,0
DA:506,0
DA:507,0
DA:508,0
DA:509,0
DA:510,0
DA:511,0
DA:512,0
DA:513,0
DA:514,0
DA:515,0
DA:517,0
DA:518,0
DA:519,0
DA:520,0
DA:521,0
DA:522,0
DA:523,0
DA:524,0
DA:525,0
DA:526,0
DA:527,0
DA:528,0
DA:529,0
DA:530,0
DA:531,0
DA:532,0
DA:533,0
DA:534,0
DA:535,0
DA:536,0
DA:537,0
DA:538,0
DA:539,0
DA:540,0
DA:541,0
DA:542,0
DA:543,0
DA:544,0
DA:545,0
DA:546,0
DA:547,0
DA:548,0
DA:549,0
DA:550,0
DA:551,0
DA:552,0
DA:553,0
DA:554,0
DA:555,0
DA:556,0
DA:557,0
DA:559,0
DA:560,0
DA:561,0
DA:562,0
DA:563,0
DA:564,0
DA:565,0
DA:566,0
DA:567,0
DA:568,0
DA:569,0
DA:570,0
DA:571,0
DA:572,0
DA:573,0
DA:574,0
DA:575,0
DA:576,0
DA:577,0
DA:578,0
DA:579,0
DA:580,0
DA:581,0
DA:582,0
DA:583,0
DA:584,0
DA:585,0
DA:586,0
DA:587,0
DA:588,0
DA:589,0
DA:590,0
DA:591,0
DA:592,0
DA:593,0
DA:594,0
DA:595,0
DA:596,0
DA:597,0
DA:598,0
DA:600,0
DA:601,0
DA:602,0
DA:603,0
DA:604,0
DA:605,0
DA:606,0
DA:607,0
DA:608,0
DA:609,0
DA:610,0
DA:611,0
DA:612,0
DA:613,0
DA:614,0
DA:615,0
DA:616,0
DA:617,0
DA:618,0
DA:619,0
DA:620,0
DA:621,0
DA:622,0
DA:623,0
DA:624,0
DA:625,0
DA:626,0
DA:627,0
DA:628,0
DA:629,0
DA:630,0
DA:631,0
DA:632,0
DA:633,0
DA:634,0
DA:635,0
DA:636,0
DA:637,0
DA:638,0
DA:639,0
DA:640,0
DA:641,0
DA:642,0
DA:643,0
DA:644,0
DA:645,0
DA:646,0
DA:647,0
DA:648,0
DA:649,0
DA:650,0
DA:651,0
DA:652,0
DA:653,0
DA:654,0
DA:655,0
DA:656,0
DA:657,0
DA:658,0
DA:660,0
DA:661,0
DA:662,0
DA:663,0
DA:664,0
DA:665,0
DA:666,0
DA:667,0
DA:668,0
DA:669,0
DA:670,0
DA:671,0
DA:672,0
DA:673,0
DA:674,0
DA:675,0
DA:676,0
DA:678,0
DA:679,0
DA:680,0
DA:681,0
DA:682,0
DA:683,0
DA:684,0
DA:685,0
DA:686,0
DA:687,0
DA:688,0
DA:689,0
DA:690,0
DA:691,0
DA:692,0
DA:693,0
DA:694,0
DA:696,0
DA:697,0
DA:698,0
DA:699,0
DA:700,0
DA:701,0
DA:702,0
DA:703,0
DA:704,0
DA:705,0
DA:706,0
DA:707,0
DA:708,0
DA:709,0
DA:710,0
DA:711,0
DA:712,0
DA:713,0
DA:714,0
DA:715,0
DA:716,0
DA:717,0
DA:718,0
DA:719,0
DA:720,0
DA:721,0
DA:722,0
DA:723,0
DA:724,0
DA:726,0
DA:727,0
DA:728,0
DA:729,0
DA:730,0
DA:731,0
DA:732,0
DA:733,0
DA:734,0
DA:735,0
DA:736,0
DA:737,0
DA:738,0
DA:739,0
DA:740,0
DA:741,0
DA:742,0
DA:743,0
DA:744,0
DA:745,0
DA:747,0
DA:748,0
DA:749,0
DA:750,0
DA:751,0
DA:752,0
DA:753,0
DA:754,0
DA:756,0
DA:757,0
DA:758,0
DA:759,0
DA:760,0
DA:761,0
DA:762,0
DA:763,0
DA:764,0
DA:765,0
DA:766,0
DA:767,0
DA:768,0
DA:769,0
DA:771,0
DA:772,0
DA:773,0
DA:774,0
DA:775,0
DA:776,0
DA:777,0
DA:778,0
DA:779,0
DA:780,0
DA:781,0
DA:782,0
DA:783,0
DA:784,0
DA:785,0
DA:786,0
DA:788,0
DA:789,0
DA:790,0
DA:791,0
DA:792,0
DA:793,0
DA:794,0
DA:795,0
DA:796,0
DA:797,0
DA:798,0
DA:799,0
DA:800,0
DA:801,0
DA:802,0
DA:803,0
DA:805,0
DA:806,0
DA:807,0
DA:808,0
DA:810,0
DA:811,0
DA:812,0
DA:813,0
DA:815,0
DA:816,0
DA:817,0
DA:818,0
DA:820,0
DA:821,0
DA:822,0
DA:823,0
DA:825,0
DA:826,0
DA:827,0
DA:828,0
DA:830,0
DA:831,0
DA:832,0
DA:833,0
DA:834,0
DA:835,0
DA:837,0
DA:838,0
DA:839,0
DA:840,0
DA:842,0
LF:792
LH:0
BRF:0
BRH:0
FNF:1
FNH:0
end_of_record
SF:I:\dev\web\KopiKala\.claude\worktrees\feat-aspire-apphost\KopiKala\Migrations\AppDbContextModelSnapshot.cs
FN:16,System.Void KopiKala.Migrations.AppDbContextModelSnapshot::BuildModel(Microsoft.EntityFrameworkCore.ModelBuilder)
FNDA:1,System.Void KopiKala.Migrations.AppDbContextModelSnapshot::BuildModel(Microsoft.EntityFrameworkCore.ModelBuilder)
DA:17,1
DA:19,1
DA:20,1
DA:21,1
DA:23,1
DA:24,1
DA:26,1
DA:27,1
DA:28,1
DA:29,1
DA:30,1
DA:31,1
DA:32,1
DA:33,1
DA:34,1
DA:35,1
DA:36,1
DA:37,1
DA:38,1
DA:39,1
DA:40,1
DA:41,1
DA:42,1
DA:43,1
DA:44,1
DA:45,1
DA:46,1
DA:47,1
DA:48,1
DA:49,1
DA:50,1
DA:51,1
DA:52,1
DA:53,1
DA:54,1
DA:55,1
DA:56,1
DA:57,1
DA:58,1
DA:59,1
DA:60,1
DA:61,1
DA:62,1
DA:63,1
DA:64,1
DA:65,1
DA:66,1
DA:67,1
DA:68,1
DA:69,1
DA:70,1
DA:71,1
DA:72,1
DA:73,1
DA:74,1
DA:75,1
DA:76,1
DA:77,1
DA:78,1
DA:79,1
DA:80,1
DA:81,1
DA:82,1
DA:83,1
DA:84,1
DA:85,1
DA:86,1
DA:87,1
DA:88,1
DA:89,1
DA:90,1
DA:91,1
DA:92,1
DA:93,1
DA:94,1
DA:95,1
DA:96,1
DA:97,1
DA:98,1
DA:99,1
DA:100,1
DA:101,1
DA:102,1
DA:103,1
DA:104,1
DA:105,1
DA:106,1
DA:107,1
DA:108,1
DA:109,1
DA:110,1
DA:111,1
DA:112,1
DA:113,1
DA:114,1
DA:115,1
DA:116,1
DA:117,1
DA:118,1
DA:119,1
DA:120,1
DA:121,1
DA:123,1
DA:124,1
DA:125,1
DA:126,1
DA:127,1
DA:128,1
DA:129,1
DA:130,1
DA:131,1
DA:132,1
DA:133,1
DA:134,1
DA:135,1
DA:136,1
DA:137,1
DA:138,1
DA:139,1
DA:140,1
DA:141,1
DA:142,1
DA:143,1
DA:144,1
DA:145,1
DA:146,1
DA:147,1
DA:148,1
DA:149,1
DA:150,1
DA:151,1
DA:152,1
DA:153,1
DA:154,1
DA:155,1
DA:156,1
DA:157,1
DA:158,1
DA:159,1
DA:160,1
DA:161,1
DA:162,1
DA:163,1
DA:164,1
DA:165,1
DA:166,1
DA:167,1
DA:168,1
DA:169,1
DA:171,1
DA:172,1
DA:173,1
DA:174,1
DA:175,1
DA:176,1
DA:177,1
DA:178,1
DA:179,1
DA:180,1
DA:181,1
DA:182,1
DA:183,1
DA:184,1
DA:185,1
DA:186,1
DA:187,1
DA:188,1
DA:189,1
DA:190,1
DA:191,1
DA:192,1
DA:193,1
DA:194,1
DA:195,1
DA:196,1
DA:197,1
DA:198,1
DA:199,1
DA:200,1
DA:201,1
DA:202,1
DA:203,1
DA:204,1
DA:205,1
DA:206,1
DA:207,1
DA:208,1
DA:209,1
DA:210,1
DA:211,1
DA:212,1
DA:213,1
DA:214,1
DA:215,1
DA:216,1
DA:217,1
DA:218,1
DA:219,1
DA:221,1
DA:222,1
DA:223,1
DA:224,1
DA:225,1
DA:226,1
DA:227,1
DA:228,1
DA:229,1
DA:230,1
DA:231,1
DA:232,1
DA:233,1
DA:234,1
DA:235,1
DA:236,1
DA:237,1
DA:238,1
DA:239,1
DA:240,1
DA:241,1
DA:242,1
DA:243,1
DA:244,1
DA:245,1
DA:246,1
DA:247,1
DA:248,1
DA:249,1
DA:250,1
DA:251,1
DA:252,1
DA:253,1
DA:254,1
DA:255,1
DA:256,1
DA:257,1
DA:258,1
DA:260,1
DA:261,1
DA:262,1
DA:263,1
DA:264,1
DA:265,1
DA:266,1
DA:267,1
DA:268,1
DA:269,1
DA:270,1
DA:271,1
DA:272,1
DA:273,1
DA:274,1
DA:275,1
DA:276,1
DA:277,1
DA:278,1
DA:279,1
DA:280,1
DA:281,1
DA:282,1
DA:283,1
DA:284,1
DA:285,1
DA:286,1
DA:287,1
DA:288,1
DA:289,1
DA:290,1
DA:291,1
DA:292,1
DA:293,1
DA:294,1
DA:295,1
DA:296,1
DA:297,1
DA:298,1
DA:299,1
DA:300,1
DA:301,1
DA:302,1
DA:303,1
DA:304,1
DA:306,1
DA:307,1
DA:308,1
DA:309,1
DA:310,1
DA:311,1
DA:312,1
DA:313,1
DA:314,1
DA:315,1
DA:316,1
DA:317,1
DA:318,1
DA:319,1
DA:320,1
DA:321,1
DA:322,1
DA:323,1
DA:324,1
DA:325,1
DA:326,1
DA:327,1
DA:328,1
DA:329,1
DA:330,1
DA:331,1
DA:332,1
DA:333,1
DA:334,1
DA:336,1
DA:337,1
DA:338,1
DA:339,1
DA:340,1
DA:341,1
DA:342,1
DA:343,1
DA:344,1
DA:345,1
DA:346,1
DA:347,1
DA:348,1
DA:349,1
DA:350,1
DA:351,1
DA:352,1
DA:353,1
DA:354,1
DA:355,1
DA:356,1
DA:357,1
DA:358,1
DA:359,1
DA:360,1
DA:361,1
DA:362,1
DA:363,1
DA:364,1
DA:365,1
DA:366,1
DA:367,1
DA:369,1
DA:370,1
DA:371,1
DA:372,1
DA:373,1
DA:374,1
DA:375,1
DA:376,1
DA:377,1
DA:378,1
DA:379,1
DA:380,1
DA:381,1
DA:382,1
DA:383,1
DA:384,1
DA:385,1
DA:386,1
DA:387,1
DA:388,1
DA:389,1
DA:390,1
DA:391,1
DA:392,1
DA:393,1
DA:394,1
DA:395,1
DA:396,1
DA:398,1
DA:399,1
DA:400,1
DA:401,1
DA:402,1
DA:403,1
DA:404,1
DA:405,1
DA:406,1
DA:407,1
DA:408,1
DA:409,1
DA:410,1
DA:411,1
DA:412,1
DA:413,1
DA:414,1
DA:415,1
DA:416,1
DA:417,1
DA:418,1
DA:419,1
DA:420,1
DA:421,1
DA:422,1
DA:423,1
DA:424,1
DA:425,1
DA:426,1
DA:427,1
DA:428,1
DA:429,1
DA:430,1
DA:431,1
DA:432,1
DA:433,1
DA:434,1
DA:435,1
DA:436,1
DA:437,1
DA:438,1
DA:439,1
DA:440,1
DA:441,1
DA:442,1
DA:443,1
DA:444,1
DA:445,1
DA:446,1
DA:447,1
DA:449,1
DA:450,1
DA:451,1
DA:452,1
DA:453,1
DA:454,1
DA:455,1
DA:456,1
DA:457,1
DA:458,1
DA:459,1
DA:460,1
DA:461,1
DA:462,1
DA:463,1
DA:464,1
DA:465,1
DA:466,1
DA:467,1
DA:468,1
DA:469,1
DA:470,1
DA:471,1
DA:472,1
DA:473,1
DA:474,1
DA:475,1
DA:476,1
DA:477,1
DA:478,1
DA:479,1
DA:480,1
DA:481,1
DA:482,1
DA:483,1
DA:484,1
DA:485,1
DA:486,1
DA:487,1
DA:488,1
DA:489,1
DA:490,1
DA:491,1
DA:492,1
DA:493,1
DA:494,1
DA:495,1
DA:496,1
DA:497,1
DA:498,1
DA:499,1
DA:500,1
DA:501,1
DA:502,1
DA:503,1
DA:504,1
DA:505,1
DA:506,1
DA:507,1
DA:508,1
DA:509,1
DA:510,1
DA:511,1
DA:512,1
DA:514,1
DA:515,1
DA:516,1
DA:517,1
DA:518,1
DA:519,1
DA:520,1
DA:521,1
DA:522,1
DA:523,1
DA:524,1
DA:525,1
DA:526,1
DA:527,1
DA:528,1
DA:529,1
DA:530,1
DA:531,1
DA:532,1
DA:533,1
DA:534,1
DA:535,1
DA:536,1
DA:537,1
DA:538,1
DA:539,1
DA:540,1
DA:541,1
DA:542,1
DA:543,1
DA:544,1
DA:545,1
DA:546,1
DA:547,1
DA:548,1
DA:549,1
DA:550,1
DA:551,1
DA:552,1
DA:553,1
DA:554,1
DA:556,1
DA:557,1
DA:558,1
DA:559,1
DA:560,1
DA:561,1
DA:562,1
DA:563,1
DA:564,1
DA:565,1
DA:566,1
DA:567,1
DA:568,1
DA:569,1
DA:570,1
DA:571,1
DA:572,1
DA:573,1
DA:574,1
DA:575,1
DA:576,1
DA:577,1
DA:578,1
DA:579,1
DA:580,1
DA:581,1
DA:582,1
DA:583,1
DA:584,1
DA:585,1
DA:586,1
DA:587,1
DA:588,1
DA:589,1
DA:590,1
DA:591,1
DA:592,1
DA:593,1
DA:594,1
DA:595,1
DA:597,1
DA:598,1
DA:599,1
DA:600,1
DA:601,1
DA:602,1
DA:603,1
DA:604,1
DA:605,1
DA:606,1
DA:607,1
DA:608,1
DA:609,1
DA:610,1
DA:611,1
DA:612,1
DA:613,1
DA:614,1
DA:615,1
DA:616,1
DA:617,1
DA:618,1
DA:619,1
DA:620,1
DA:621,1
DA:622,1
DA:623,1
DA:624,1
DA:625,1
DA:626,1
DA:627,1
DA:628,1
DA:629,1
DA:630,1
DA:631,1
DA:632,1
DA:633,1
DA:634,1
DA:635,1
DA:636,1
DA:637,1
DA:638,1
DA:639,1
DA:640,1
DA:641,1
DA:642,1
DA:643,1
DA:644,1
DA:645,1
DA:646,1
DA:647,1
DA:648,1
DA:649,1
DA:650,1
DA:651,1
DA:652,1
DA:653,1
DA:654,1
DA:655,1
DA:657,1
DA:658,1
DA:659,1
DA:660,1
DA:661,1
DA:662,1
DA:663,1
DA:664,1
DA:665,1
DA:666,1
DA:667,1
DA:668,1
DA:669,1
DA:670,1
DA:671,1
DA:672,1
DA:673,1
DA:675,1
DA:676,1
DA:677,1
DA:678,1
DA:679,1
DA:680,1
DA:681,1
DA:682,1
DA:683,1
DA:684,1
DA:685,1
DA:686,1
DA:687,1
DA:688,1
DA:689,1
DA:690,1
DA:691,1
DA:693,1
DA:694,1
DA:695,1
DA:696,1
DA:697,1
DA:698,1
DA:699,1
DA:700,1
DA:701,1
DA:702,1
DA:703,1
DA:704,1
DA:705,1
DA:706,1
DA:707,1
DA:708,1
DA:709,1
DA:710,1
DA:711,1
DA:712,1
DA:713,1
DA:714,1
DA:715,1
DA:716,1
DA:717,1
DA:718,1
DA:719,1
DA:720,1
DA:721,1
DA:723,1
DA:724,1
DA:725,1
DA:726,1
DA:727,1
DA:728,1
DA:729,1
DA:730,1
DA:731,1
DA:732,1
DA:733,1
DA:734,1
DA:735,1
DA:736,1
DA:737,1
DA:738,1
DA:739,1
DA:740,1
DA:741,1
DA:742,1
DA:744,1
DA:745,1
DA:746,1
DA:747,1
DA:748,1
DA:749,1
DA:750,1
DA:751,1
DA:753,1
DA:754,1
DA:755,1
DA:756,1
DA:757,1
DA:758,1
DA:759,1
DA:760,1
DA:761,1
DA:762,1
DA:763,1
DA:764,1
DA:765,1
DA:766,1
DA:768,1
DA:769,1
DA:770,1
DA:771,1
DA:772,1
DA:773,1
DA:774,1
DA:775,1
DA:776,1
DA:777,1
DA:778,1
DA:779,1
DA:780,1
DA:781,1
DA:782,1
DA:783,1
DA:785,1
DA:786,1
DA:787,1
DA:788,1
DA:789,1
DA:790,1
DA:791,1
DA:792,1
DA:793,1
DA:794,1
DA:795,1
DA:796,1
DA:797,1
DA:798,1
DA:799,1
DA:800,1
DA:802,1
DA:803,1
DA:804,1
DA:805,1
DA:807,1
DA:808,1
DA:809,1
DA:810,1
DA:812,1
DA:813,1
DA:814,1
DA:815,1
DA:817,1
DA:818,1
DA:819,1
DA:820,1
DA:822,1
DA:823,1
DA:824,1
DA:825,1
DA:827,1
DA:828,1
DA:829,1
DA:830,1
DA:831,1
DA:832,1
DA:834,1
DA:835,1
DA:836,1
DA:837,1
DA:839,1
LF:792
LH:792
BRF:0
BRH:0
FNF:1
FNH:1
end_of_record
SF:I:\dev\web\KopiKala\.claude\worktrees\feat-aspire-apphost\KopiKala\Helpers\CurrencyHelper.cs
FN:9,System.String KopiKala.Helpers.CurrencyHelper::ToRupiah(System.Decimal)
FNDA:2,System.String KopiKala.Helpers.CurrencyHelper::ToRupiah(System.Decimal)
DA:10,2
DA:11,2
DA:12,2
FN:6,System.Void KopiKala.Helpers.CurrencyHelper::.cctor()
FNDA:1,System.Void KopiKala.Helpers.CurrencyHelper::.cctor()
DA:7,1
LF:4
LH:4
BRF:0
BRH:0
FNF:2
FNH:2
end_of_record
SF:I:\dev\web\KopiKala\.claude\worktrees\feat-aspire-apphost\KopiKala\Helpers\FileSecurityHelper.cs
FN:15,System.Boolean KopiKala.Helpers.FileSecurityHelper::IsValidImageExtension(System.String)
FNDA:12,System.Boolean KopiKala.Helpers.FileSecurityHelper::IsValidImageExtension(System.String)
DA:16,12
DA:17,12
DA:18,2
DA:20,10
DA:21,10
DA:22,12
BRDA:17,9,0,2
BRDA:17,9,1,10
FN:24,System.Boolean KopiKala.Helpers.FileSecurityHelper::ValidateMagicBytes(System.Byte[],System.String)
FNDA:10,System.Boolean KopiKala.Helpers.FileSecurityHelper::ValidateMagicBytes(System.Byte[],System.String)
DA:25,10
DA:26,10
DA:27,3
DA:29,7
DA:30,7
DA:31,4
DA:32,4
DA:33,4
DA:34,4
DA:35,4
DA:37,3
DA:38,2
DA:39,2
DA:40,2
DA:41,2
DA:42,2
DA:43,2
DA:44,2
DA:45,2
DA:46,2
DA:47,2
DA:50,1
DA:51,10
BRDA:26,2,0,9
BRDA:26,2,1,1
BRDA:26,15,0,3
BRDA:26,15,1,7
BRDA:30,47,0,4
BRDA:30,47,1,4
BRDA:30,60,1,4
BRDA:30,60,0,3
BRDA:30,75,0,4
BRDA:32,82,0,4
BRDA:32,94,0,4
BRDA:32,106,0,4
BRDA:32,82,1,0
BRDA:32,94,1,0
BRDA:32,106,1,0
BRDA:30,75,1,3
BRDA:37,144,0,2
BRDA:39,151,0,2
BRDA:39,163,0,2
BRDA:39,175,0,2
BRDA:39,187,0,2
BRDA:39,199,0,2
BRDA:39,211,0,2
BRDA:39,223,0,2
BRDA:39,235,0,2
BRDA:39,151,1,0
BRDA:39,163,1,0
BRDA:39,175,1,0
BRDA:39,187,1,0
BRDA:39,199,1,0
BRDA:39,211,1,0
BRDA:39,223,1,0
BRDA:39,235,1,0
BRDA:37,144,1,1
FN:53,System.String KopiKala.Helpers.FileSecurityHelper::GenerateSafeFileName(System.String)
FNDA:4,System.String KopiKala.Helpers.FileSecurityHelper::GenerateSafeFileName(System.String)
DA:54,4
DA:55,4
DA:56,4
DA:57,4
FN:6,System.Void KopiKala.Helpers.FileSecurityHelper::.cctor()
FNDA:1,System.Void KopiKala.Helpers.FileSecurityHelper::.cctor()
DA:7,1
DA:8,1
DA:9,1
DA:10,1
DA:12,1
DA:13,1
LF:39
LH:39
BRF:36
BRH:25
FNF:4
FNH:4
end_of_record
SF:I:\dev\web\KopiKala\.claude\worktrees\feat-aspire-apphost\KopiKala\Helpers\InvoiceCodeHelper.cs
FN:5,System.String KopiKala.Helpers.InvoiceCodeHelper::GenerateInvoiceCode(System.DateOnly)
FNDA:9,System.String KopiKala.Helpers.InvoiceCodeHelper::GenerateInvoiceCode(System.DateOnly)
DA:6,9
DA:7,9
DA:8,9
DA:9,9
DA:10,9
LF:5
LH:5
BRF:0
BRH:0
FNF:1
FNH:1
end_of_record
SF:I:\dev\web\KopiKala\.claude\worktrees\feat-aspire-apphost\KopiKala\Helpers\PasswordHelper.cs
FN:8,System.String KopiKala.Helpers.PasswordHelper::HashPassword(System.String)
FNDA:66,System.String KopiKala.Helpers.PasswordHelper::HashPassword(System.String)
DA:9,66
DA:10,66
DA:11,66
DA:12,66
DA:13,66
DA:14,66
DA:15,66
DA:16,66
DA:18,66
DA:19,66
FN:21,System.Boolean KopiKala.Helpers.PasswordHelper::VerifyPassword(System.String,System.String)
FNDA:5,System.Boolean KopiKala.Helpers.PasswordHelper::VerifyPassword(System.String,System.String)
DA:22,5
DA:23,5
DA:24,5
DA:26,5
DA:27,5
DA:29,5
DA:30,5
DA:31,5
DA:32,5
DA:33,5
DA:34,5
DA:36,5
DA:37,5
DA:38,5
DA:39,5
BRDA:24,25,0,0
BRDA:24,25,1,5
LF:25
LH:25
BRF:2
BRH:1
FNF:2
FNH:2
end_of_record
SF:I:\dev\web\KopiKala\.claude\worktrees\feat-aspire-apphost\KopiKala\Helpers\PermissionAuthorizationHandler.cs
FN:7,System.Threading.Tasks.Task KopiKala.Helpers.PermissionAuthorizationHandler::HandleRequirementAsync(Microsoft.AspNetCore.Authorization.AuthorizationHandlerContext,KopiKala.Helpers.PermissionRequirement)
FNDA:0,System.Threading.Tasks.Task KopiKala.Helpers.PermissionAuthorizationHandler::HandleRequirementAsync(Microsoft.AspNetCore.Authorization.AuthorizationHandlerContext,KopiKala.Helpers.PermissionRequirement)
DA:8,0
DA:10,0
DA:11,0
DA:12,0
DA:13,0
DA:17,0
DA:18,0
DA:19,0
DA:20,0
DA:22,0
DA:23,0
BRDA:10,37,0,0
BRDA:10,37,1,0
BRDA:17,86,0,0
BRDA:17,86,1,0
LF:11
LH:0
BRF:4
BRH:0
FNF:1
FNH:0
end_of_record
SF:I:\dev\web\KopiKala\.claude\worktrees\feat-aspire-apphost\KopiKala\Helpers\PermissionPolicyProvider.cs
FN:15,System.Threading.Tasks.Task`1<Microsoft.AspNetCore.Authorization.AuthorizationPolicy> KopiKala.Helpers.PermissionPolicyProvider::GetDefaultPolicyAsync()
FNDA:0,System.Threading.Tasks.Task`1<Microsoft.AspNetCore.Authorization.AuthorizationPolicy> KopiKala.Helpers.PermissionPolicyProvider::GetDefaultPolicyAsync()
DA:16,0
FN:18,System.Threading.Tasks.Task`1<Microsoft.AspNetCore.Authorization.AuthorizationPolicy> KopiKala.Helpers.PermissionPolicyProvider::GetFallbackPolicyAsync()
FNDA:2,System.Threading.Tasks.Task`1<Microsoft.AspNetCore.Authorization.AuthorizationPolicy> KopiKala.Helpers.PermissionPolicyProvider::GetFallbackPolicyAsync()
DA:19,2
FN:9,System.Void KopiKala.Helpers.PermissionPolicyProvider::.ctor(Microsoft.Extensions.Options.IOptions`1<Microsoft.AspNetCore.Authorization.AuthorizationOptions>)
FNDA:1,System.Void KopiKala.Helpers.PermissionPolicyProvider::.ctor(Microsoft.Extensions.Options.IOptions`1<Microsoft.AspNetCore.Authorization.AuthorizationOptions>)
DA:10,1
DA:11,1
DA:12,1
DA:13,1
LF:6
LH:5
BRF:0
BRH:0
FNF:3
FNH:2
end_of_record
SF:I:\dev\web\KopiKala\.claude\worktrees\feat-aspire-apphost\KopiKala\Helpers\PermissionRequirement.cs
FN:8,System.Void KopiKala.Helpers.PermissionRequirement::.ctor(System.String)
FNDA:0,System.Void KopiKala.Helpers.PermissionRequirement::.ctor(System.String)
DA:9,0
DA:10,0
DA:11,0
DA:12,0
LF:4
LH:0
BRF:0
BRH:0
FNF:1
FNH:0
end_of_record
SF:I:\dev\web\KopiKala\.claude\worktrees\feat-aspire-apphost\KopiKala\DTOs\Booking\OrderItemDto.cs
FN:16,System.Decimal KopiKala.DTOs.Booking.OrderItemDto::get_SubTotal()
FNDA:1,System.Decimal KopiKala.DTOs.Booking.OrderItemDto::get_SubTotal()
DA:17,1
LF:1
LH:1
BRF:0
BRH:0
FNF:1
FNH:1
end_of_record
SF:I:\dev\web\KopiKala\.claude\worktrees\feat-aspire-apphost\KopiKala\Data\AppDbContext.cs
FN:17,System.Void KopiKala.Data.AppDbContext::OnConfiguring(Microsoft.EntityFrameworkCore.DbContextOptionsBuilder)
FNDA:244,System.Void KopiKala.Data.AppDbContext::OnConfiguring(Microsoft.EntityFrameworkCore.DbContextOptionsBuilder)
DA:18,244
DA:19,244
DA:20,0
DA:21,0
DA:22,0
DA:23,0
DA:24,0
DA:25,0
DA:26,0
DA:28,0
DA:29,0
DA:30,0
DA:31,244
BRDA:19,12,0,0
BRDA:19,12,1,244
FN:51,System.Void KopiKala.Data.AppDbContext::OnModelCreating(Microsoft.EntityFrameworkCore.ModelBuilder)
FNDA:2,System.Void KopiKala.Data.AppDbContext::OnModelCreating(Microsoft.EntityFrameworkCore.ModelBuilder)
DA:52,2
DA:53,2
DA:56,2
DA:58,2
DA:59,2
DA:60,2
DA:61,2
DA:62,2
DA:63,2
DA:64,2
DA:65,2
DA:66,2
DA:67,2
DA:68,2
DA:69,2
DA:70,2
DA:71,2
DA:72,2
DA:73,2
DA:74,2
DA:75,2
DA:76,2
DA:77,2
DA:78,2
DA:79,2
DA:80,2
DA:81,2
DA:82,2
DA:83,2
DA:84,2
DA:85,2
DA:86,2
DA:87,2
DA:88,2
DA:89,2
DA:90,2
DA:91,2
DA:92,2
DA:93,2
DA:94,2
DA:95,2
DA:96,2
DA:97,2
DA:98,2
DA:99,2
DA:100,2
DA:101,2
DA:102,2
DA:103,2
DA:104,2
DA:105,2
DA:106,2
DA:107,2
DA:108,2
DA:109,2
DA:110,2
DA:111,2
DA:112,2
DA:113,2
DA:114,2
DA:115,2
DA:116,2
DA:117,2
DA:118,2
DA:119,2
DA:121,2
DA:122,2
DA:123,2
DA:124,2
DA:125,2
DA:126,2
DA:127,2
DA:128,2
DA:129,2
DA:130,2
DA:131,2
DA:132,2
DA:133,2
DA:134,2
DA:135,2
DA:136,2
DA:137,2
DA:138,2
DA:139,2
DA:140,2
DA:141,2
DA:142,2
DA:143,2
DA:144,2
DA:145,2
DA:146,2
DA:147,2
DA:148,2
DA:149,2
DA:150,2
DA:151,2
DA:152,2
DA:154,2
DA:155,2
DA:156,2
DA:157,2
DA:158,2
DA:159,2
DA:160,2
DA:161,2
DA:162,2
DA:163,2
DA:164,2
DA:165,2
DA:166,2
DA:167,2
DA:168,2
DA:169,2
DA:170,2
DA:171,2
DA:172,2
DA:173,2
DA:174,2
DA:175,2
DA:176,2
DA:177,2
DA:178,2
DA:180,2
DA:181,2
DA:182,2
DA:183,2
DA:184,2
DA:185,2
DA:186,2
DA:187,2
DA:188,2
DA:189,2
DA:190,2
DA:191,2
DA:192,2
DA:193,2
DA:194,2
DA:195,2
DA:196,2
DA:197,2
DA:198,2
DA:199,2
DA:200,2
DA:201,2
DA:203,2
DA:204,2
DA:205,2
DA:206,2
DA:207,2
DA:208,2
DA:209,2
DA:210,2
DA:211,2
DA:212,2
DA:213,2
DA:214,2
DA:215,2
DA:216,2
DA:217,2
DA:218,2
DA:219,2
DA:220,2
DA:221,2
DA:222,2
DA:223,2
DA:224,2
DA:225,2
DA:226,2
DA:227,2
DA:228,2
DA:230,2
DA:231,2
DA:232,2
DA:233,2
DA:234,2
DA:235,2
DA:236,2
DA:237,2
DA:238,2
DA:239,2
DA:240,2
DA:241,2
DA:242,2
DA:243,2
DA:244,2
DA:245,2
DA:247,2
DA:248,2
DA:249,2
DA:250,2
DA:251,2
DA:252,2
DA:253,2
DA:254,2
DA:255,2
DA:256,2
DA:257,2
DA:258,2
DA:259,2
DA:260,2
DA:261,2
DA:262,2
DA:263,2
DA:264,2
DA:265,2
DA:266,2
DA:267,2
DA:268,2
DA:269,2
DA:270,2
DA:271,2
DA:272,2
DA:273,2
DA:274,2
DA:275,2
DA:276,2
DA:277,2
DA:278,2
DA:279,2
DA:280,2
DA:282,2
DA:283,2
DA:284,2
DA:285,2
DA:286,2
DA:287,2
DA:288,2
DA:289,2
DA:290,2
DA:291,2
DA:292,2
DA:293,2
DA:294,2
DA:296,2
DA:297,2
DA:298,2
DA:299,2
DA:300,2
DA:301,2
DA:302,2
DA:303,2
DA:304,2
DA:305,2
DA:306,2
DA:307,2
DA:308,2
DA:309,2
DA:310,2
DA:311,2
DA:312,2
DA:313,2
DA:314,2
DA:315,2
DA:316,2
DA:317,2
DA:318,2
DA:319,2
DA:320,2
DA:321,2
DA:322,2
DA:323,2
DA:324,2
DA:325,2
DA:326,2
DA:327,2
DA:328,2
DA:329,2
DA:330,2
DA:331,2
DA:332,2
DA:333,2
DA:334,2
DA:335,2
DA:336,2
DA:337,2
DA:338,2
DA:339,2
DA:340,2
DA:341,2
DA:342,2
DA:343,2
DA:346,2
FN:7,System.Void KopiKala.Data.AppDbContext::.ctor()
FNDA:0,System.Void KopiKala.Data.AppDbContext::.ctor()
DA:8,0
DA:9,0
DA:10,0
FN:12,System.Void KopiKala.Data.AppDbContext::.ctor(Microsoft.EntityFrameworkCore.DbContextOptions`1<KopiKala.Data.AppDbContext>)
FNDA:245,System.Void KopiKala.Data.AppDbContext::.ctor(Microsoft.EntityFrameworkCore.DbContextOptions`1<KopiKala.Data.AppDbContext>)
DA:13,245
DA:14,245
DA:15,245
LF:301
LH:288
BRF:2
BRH:1
FNF:4
FNH:3
end_of_record
SF:I:\dev\web\KopiKala\.claude\worktrees\feat-aspire-apphost\KopiKala\Data\ApplicationDbContext.cs
FN:6,System.Void KopiKala.Data.ApplicationDbContext::.ctor(Microsoft.EntityFrameworkCore.DbContextOptions`1<KopiKala.Data.ApplicationDbContext>)
FNDA:0,System.Void KopiKala.Data.ApplicationDbContext::.ctor(Microsoft.EntityFrameworkCore.DbContextOptions`1<KopiKala.Data.ApplicationDbContext>)
DA:7,0
LF:1
LH:0
BRF:0
BRH:0
FNF:1
FNH:0
end_of_record
SF:I:\dev\web\KopiKala\.claude\worktrees\feat-aspire-apphost\KopiKala\Controllers\AuthorizationController.cs
FN:24,System.Void KopiKala.Controllers.AuthorizationController::.ctor(OpenIddict.Abstractions.IOpenIddictApplicationManager,OpenIddict.Abstractions.IOpenIddictAuthorizationManager,OpenIddict.Abstractions.IOpenIddictScopeManager,KopiKala.Data.AppDbContext)
FNDA:1,System.Void KopiKala.Controllers.AuthorizationController::.ctor(OpenIddict.Abstractions.IOpenIddictApplicationManager,OpenIddict.Abstractions.IOpenIddictAuthorizationManager,OpenIddict.Abstractions.IOpenIddictScopeManager,KopiKala.Data.AppDbContext)
DA:25,1
DA:26,1
DA:27,1
DA:28,1
DA:29,1
DA:30,1
DA:31,1
DA:32,1
DA:33,1
DA:34,1
DA:35,1
LF:11
LH:11
BRF:0
BRH:0
FNF:1
FNH:1
end_of_record