SF:I:\dev\web\KopiKala\KopiKala\Services\CashierService.cs
FN:439,KopiKala.DTOs.Staff.CashierBookingDto KopiKala.Services.CashierService::MapToDto(KopiKala.Models.Booking)
FNDA:3,KopiKala.DTOs.Staff.CashierBookingDto KopiKala.Services.CashierService::MapToDto(KopiKala.Models.Booking)
DA:440,3
DA:441,3
DA:442,3
DA:443,3
DA:445,3
DA:446,3
DA:447,3
DA:448,3
DA:449,3
DA:450,3
DA:451,3
DA:452,3
DA:453,3
DA:454,3
DA:455,3
DA:456,3
DA:457,3
DA:458,3
DA:459,3
DA:460,3
DA:461,3
DA:462,3
DA:463,3
DA:464,3
DA:465,3
DA:466,3
DA:467,3
DA:468,3
DA:469,3
DA:470,3
DA:471,3
DA:472,3
DA:473,3
DA:474,3
DA:475,3
DA:476,3
DA:477,3
DA:478,3
DA:479,3
DA:480,3
BRDA:441,7,0,0
BRDA:441,7,1,3
BRDA:445,95,0,0
BRDA:445,95,1,3
BRDA:445,107,0,0
BRDA:445,107,1,3
BRDA:445,130,0,0
BRDA:445,130,1,3
BRDA:445,142,0,0
BRDA:445,142,1,3
BRDA:445,177,0,0
BRDA:445,177,1,3
BRDA:445,189,0,0
BRDA:445,189,1,3
BRDA:445,211,0,0
BRDA:445,211,1,3
BRDA:445,223,0,0
BRDA:445,223,1,3
BRDA:445,245,0,0
BRDA:445,245,1,3
BRDA:445,283,0,0
BRDA:445,283,1,3
BRDA:445,295,0,0
BRDA:445,295,1,3
BRDA:445,317,0,0
BRDA:445,317,1,3
FN:17,System.Void KopiKala.Services.CashierService::.ctor(Microsoft.Extensions.DependencyInjection.IServiceScopeFactory,System.TimeProvider,Microsoft.Extensions.Logging.ILogger`1<KopiKala.Services.CashierService>)
FNDA:13,System.Void KopiKala.Services.CashierService::.ctor(Microsoft.Extensions.DependencyInjection.IServiceScopeFactory,System.TimeProvider,Microsoft.Extensions.Logging.ILogger`1<KopiKala.Services.CashierService>)
DA:18,13
DA:19,13
DA:20,13
DA:21,13
DA:22,13
DA:23,13
LF:46
LH:46
BRF:26
BRH:13
FNF:2
FNH:2
end_of_record