<?xml version="1.0" encoding="utf-8"?>
<coverage line-rate="0.1751" branch-rate="0.24480000000000002" version="1.9" timestamp="1788784007" lines-covered="559" lines-valid="3191" branches-covered="48" branches-valid="196">
  <sources>
    <source>I:\dev\web\KopiKala\.claude\worktrees\ticket-4-booking-wizard\KopiKala\</source>
  </sources>
  <packages>
    <package name="KopiKala" line-rate="0.1751" branch-rate="0.24480000000000002" complexity="245">
      <classes>
        <class name="KopiKala.Components.App" filename="Components\App.razor" line-rate="1" branch-rate="0.5" complexity="2">
          <methods>
            <method name="get_PageRenderMode" signature="()" line-rate="1" branch-rate="0.5" complexity="2">
              <lines>
                <line number="35" hits="2" branch="True" condition-coverage="50% (1/2)">
                  <conditions>
                    <condition number="11" type="jump" coverage="50%" />
                  </conditions>
                </line>
              </lines>
            </method>
          </methods>
          <lines>
            <line number="35" hits="2" branch="True" condition-coverage="50% (1/2)">
              <conditions>
                <condition number="11" type="jump" coverage="50%" />
              </conditions>
            </line>
          </lines>
        </class>
        <class name="KopiKala.Components.Pages.Counter" filename="Components\Pages\Counter.razor" line-rate="0" branch-rate="1" complexity="3">
          <methods>
            <method name="BuildRenderTree" signature="(Microsoft.AspNetCore.Components.Rendering.RenderTreeBuilder)" line-rate="0" branch-rate="1" complexity="1">
              <lines>
                <line number="7" hits="0" branch="False" />
              </lines>
            </method>
            <method name="IncrementCount" signature="()" line-rate="0" branch-rate="1" complexity="1">
              <lines>
                <line number="15" hits="0" branch="False" />
                <line number="16" hits="0" branch="False" />
                <line number="17" hits="0" branch="False" />
              </lines>
            </method>
            <method name=".ctor" signature="()" line-rate="0" branch-rate="1" complexity="1">
              <lines>
                <line number="12" hits="0" branch="False" />
              </lines>
            </method>
          </methods>
          <lines>
            <line number="7" hits="0" branch="False" />
            <line number="15" hits="0" branch="False" />
            <line number="16" hits="0" branch="False" />
            <line number="17" hits="0" branch="False" />
            <line number="12" hits="0" branch="False" />
          </lines>
        </class>
        <class name="KopiKala.Components.Pages.Error" filename="Components\Pages\Error.razor" line-rate="0" branch-rate="0" complexity="9">
          <methods>
            <method name="BuildRenderTree" signature="(Microsoft.AspNetCore.Components.Rendering.RenderTreeBuilder)" line-rate="0" branch-rate="0" complexity="2">
              <lines>
                <line number="9" hits="0" branch="True" condition-coverage="0% (0/2)">
                  <conditions>
                    <condition number="107" type="jump" coverage="0%" />
                  </conditions>
                </line>
                <line number="10" hits="0" branch="False" />
                <line number="12" hits="0" branch="False" />
                <line number="14" hits="0" branch="False" />
              </lines>
            </method>
            <method name="get_ShowRequestId" signature="()" line-rate="0" branch-rate="1" complexity="1">
              <lines>
                <line number="32" hits="0" branch="False" />
              </lines>
            </method>
            <method name="OnInitialized" signature="()" line-rate="0" branch-rate="0" complexity="6">
              <lines>
                <line number="35" hits="0" branch="True" condition-coverage="0% (0/6)">
                  <conditions>
                    <condition number="7" type="jump" coverage="0%" />
                    <condition number="19" type="jump" coverage="0%" />
                    <condition number="29" type="jump" coverage="0%" />
                  </conditions>
                </line>
              </lines>
            </method>
          </methods>
          <lines>
            <line number="9" hits="0" branch="True" condition-coverage="0% (0/2)">
              <conditions>
                <condition number="107" type="jump" coverage="0%" />
              </conditions>
            </line>
            <line number="10" hits="0" branch="False" />
            <line number="12" hits="0" branch="False" />
            <line number="14" hits="0" branch="False" />
            <line number="32" hits="0" branch="False" />
            <line number="35" hits="0" branch="True" condition-coverage="0% (0/6)">
              <conditions>
                <condition number="7" type="jump" coverage="0%" />
                <condition number="19" type="jump" coverage="0%" />
                <condition number="29" type="jump" coverage="0%" />
              </conditions>
            </line>
          </lines>
        </class>
        <class name="KopiKala.Components.Pages.Weather" filename="Components\Pages\Weather.razor" line-rate="0" branch-rate="0" complexity="4">
          <methods>
            <method name="BuildRenderTree" signature="(Microsoft.AspNetCore.Components.Rendering.RenderTreeBuilder)" line-rate="0" branch-rate="0" complexity="4">
              <lines>
                <line number="9" hits="0" branch="True" condition-coverage="0% (0/2)">
                  <conditions>
                    <condition number="110" type="jump" coverage="0%" />
                  </conditions>
                </line>
                <line number="10" hits="0" branch="False" />
                <line number="12" hits="0" branch="False" />
                <line number="14" hits="0" branch="False" />
                <line number="25" hits="0" branch="True" condition-coverage="0% (0/2)">
                  <conditions>
                    <condition number="447" type="jump" coverage="0%" />
                  </conditions>
                </line>
                <line number="26" hits="0" branch="False" />
                <line number="28" hits="0" branch="False" />
                <line number="29" hits="0" branch="False" />
                <line number="30" hits="0" branch="False" />
                <line number="31" hits="0" branch="False" />
                <line number="33" hits="0" branch="False" />
                <line number="36" hits="0" branch="False" />
              </lines>
            </method>
          </methods>
          <lines>
            <line number="9" hits="0" branch="True" condition-coverage="0% (0/2)">
              <conditions>
                <condition number="110" type="jump" coverage="0%" />
              </conditions>
            </line>
            <line number="10" hits="0" branch="False" />
            <line number="12" hits="0" branch="False" />
            <line number="14" hits="0" branch="False" />
            <line number="25" hits="0" branch="True" condition-coverage="0% (0/2)">
              <conditions>
                <condition number="447" type="jump" coverage="0%" />
              </conditions>
            </line>
            <line number="26" hits="0" branch="False" />
            <line number="28" hits="0" branch="False" />
            <line number="29" hits="0" branch="False" />
            <line number="30" hits="0" branch="False" />
            <line number="31" hits="0" branch="False" />
            <line number="33" hits="0" branch="False" />
            <line number="36" hits="0" branch="False" />
          </lines>
        </class>
        <class name="KopiKala.Components.Pages.Weather/WeatherForecast" filename="Components\Pages\Weather.razor" line-rate="0" branch-rate="1" complexity="1">
          <methods>
            <method name="get_TemperatureF" signature="()" line-rate="0" branch-rate="1" complexity="1">
              <lines>
                <line number="61" hits="0" branch="False" />
              </lines>
            </method>
          </methods>
          <lines>
            <line number="61" hits="0" branch="False" />
          </lines>
        </class>
        <class name="KopiKala.Components.Pages.Customer.Booking" filename="Components\Pages\Customer\Booking.razor" line-rate="0" branch-rate="0" complexity="26">
          <methods>
            <method name="get__selectedTimeslot" signature="()" line-rate="0" branch-rate="1" complexity="1">
              <lines>
                <line number="529" hits="0" branch="False" />
              </lines>
            </method>
            <method name="get_FilteredMenuItems" signature="()" line-rate="0" branch-rate="0" complexity="2">
              <lines>
                <line number="532" hits="0" branch="True" condition-coverage="0% (0/2)">
                  <conditions>
                    <condition number="16" type="jump" coverage="0%" />
                  </conditions>
                </line>
                <line number="533" hits="0" branch="False" />
                <line number="534" hits="0" branch="False" />
              </lines>
            </method>
            <method name="get_CartItems" signature="()" line-rate="0" branch-rate="1" complexity="1">
              <lines>
                <line number="536" hits="0" branch="False" />
              </lines>
            </method>
            <method name="get_CartTotal" signature="()" line-rate="0" branch-rate="1" complexity="1">
              <lines>
                <line number="537" hits="0" branch="False" />
              </lines>
            </method>
            <method name="OnDurationChanged" signature="(System.Int32)" line-rate="0" branch-rate="1" complexity="1">
              <lines>
                <line number="582" hits="0" branch="False" />
                <line number="583" hits="0" branch="False" />
                <line number="584" hits="0" branch="False" />
              </lines>
            </method>
            <method name="OnCategoryFilterChanged" signature="(System.String)" line-rate="0" branch-rate="1" complexity="1">
              <lines>
                <line number="587" hits="0" branch="False" />
                <line number="588" hits="0" branch="False" />
                <line number="589" hits="0" branch="False" />
              </lines>
            </method>
            <method name="SelectTable" signature="(KopiKala.DTOs.Booking.DiningTableDto)" line-rate="0" branch-rate="0" complexity="2">
              <lines>
                <line number="599" hits="0" branch="False" />
                <line number="600" hits="0" branch="True" condition-coverage="0% (0/2)">
                  <conditions>
                    <condition number="12" type="jump" coverage="0%" />
                  </conditions>
                </line>
                <line number="601" hits="0" branch="False" />
                <line number="602" hits="0" branch="False" />
                <line number="603" hits="0" branch="False" />
                <line number="606" hits="0" branch="False" />
                <line number="607" hits="0" branch="False" />
              </lines>
            </method>
            <method name="AddToCart" signature="(KopiKala.DTOs.Booking.MenuItemDto)" line-rate="0" branch-rate="0" complexity="2">
              <lines>
                <line number="610" hits="0" branch="False" />
                <line number="611" hits="0" branch="True" condition-coverage="0% (0/2)">
                  <conditions>
                    <condition number="22" type="jump" coverage="0%" />
                  </conditions>
                </line>
                <line number="612" hits="0" branch="False" />
                <line number="613" hits="0" branch="False" />
                <line number="614" hits="0" branch="False" />
                <line number="616" hits="0" branch="False" />
                <line number="617" hits="0" branch="False" />
                <line number="618" hits="0" branch="False" />
                <line number="619" hits="0" branch="False" />
                <line number="620" hits="0" branch="False" />
                <line number="621" hits="0" branch="False" />
                <line number="622" hits="0" branch="False" />
                <line number="623" hits="0" branch="False" />
                <line number="624" hits="0" branch="False" />
                <line number="625" hits="0" branch="False" />
              </lines>
            </method>
            <method name="DecreaseCart" signature="(System.Guid)" line-rate="0" branch-rate="0" complexity="4">
              <lines>
                <line number="628" hits="0" branch="False" />
                <line number="629" hits="0" branch="True" condition-coverage="0% (0/2)">
                  <conditions>
                    <condition number="17" type="jump" coverage="0%" />
                  </conditions>
                </line>
                <line number="630" hits="0" branch="False" />
                <line number="631" hits="0" branch="False" />
                <line number="632" hits="0" branch="True" condition-coverage="0% (0/2)">
                  <conditions>
                    <condition number="51" type="jump" coverage="0%" />
                  </conditions>
                </line>
                <line number="633" hits="0" branch="False" />
                <line number="634" hits="0" branch="False" />
                <line number="635" hits="0" branch="False" />
                <line number="636" hits="0" branch="False" />
                <line number="637" hits="0" branch="False" />
              </lines>
            </method>
            <method name="GetCartQuantity" signature="(System.Guid)" line-rate="0" branch-rate="0" complexity="2">
              <lines>
                <line number="640" hits="0" branch="False" />
                <line number="641" hits="0" branch="True" condition-coverage="0% (0/2)">
                  <conditions>
                    <condition number="15" type="jump" coverage="0%" />
                  </conditions>
                </line>
                <line number="642" hits="0" branch="False" />
              </lines>
            </method>
            <method name="GetTableCardClass" signature="(KopiKala.DTOs.Booking.DiningTableDto,System.Boolean)" line-rate="0" branch-rate="0" complexity="4">
              <lines>
                <line number="664" hits="0" branch="False" />
                <line number="665" hits="0" branch="True" condition-coverage="0% (0/2)">
                  <conditions>
                    <condition number="4" type="jump" coverage="0%" />
                  </conditions>
                </line>
                <line number="666" hits="0" branch="True" condition-coverage="0% (0/2)">
                  <conditions>
                    <condition number="25" type="jump" coverage="0%" />
                  </conditions>
                </line>
                <line number="667" hits="0" branch="False" />
                <line number="668" hits="0" branch="False" />
              </lines>
            </method>
            <method name="GetTableIconColor" signature="(KopiKala.DTOs.Booking.DiningTableDto,System.Boolean)" line-rate="0" branch-rate="0" complexity="4">
              <lines>
                <line number="671" hits="0" branch="False" />
                <line number="672" hits="0" branch="True" condition-coverage="0% (0/2)">
                  <conditions>
                    <condition number="4" type="jump" coverage="0%" />
                  </conditions>
                </line>
                <line number="673" hits="0" branch="True" condition-coverage="0% (0/2)">
                  <conditions>
                    <condition number="21" type="jump" coverage="0%" />
                  </conditions>
                </line>
                <line number="674" hits="0" branch="False" />
                <line number="675" hits="0" branch="False" />
              </lines>
            </method>
            <method name=".ctor" signature="()" line-rate="0" branch-rate="1" complexity="1">
              <lines>
                <line number="510" hits="0" branch="False" />
                <line number="511" hits="0" branch="False" />
                <line number="512" hits="0" branch="False" />
                <line number="514" hits="0" branch="False" />
                <line number="515" hits="0" branch="False" />
                <line number="516" hits="0" branch="False" />
                <line number="517" hits="0" branch="False" />
                <line number="520" hits="0" branch="False" />
                <line number="521" hits="0" branch="False" />
                <line number="522" hits="0" branch="False" />
                <line number="524" hits="0" branch="False" />
                <line number="525" hits="0" branch="False" />
                <line number="526" hits="0" branch="False" />
                <line number="527" hits="0" branch="False" />
              </lines>
            </method>
          </methods>
          <lines>
            <line number="529" hits="0" branch="False" />
            <line number="532" hits="0" branch="True" condition-coverage="0% (0/2)">
              <conditions>
                <condition number="16" type="jump" coverage="0%" />
              </conditions>
            </line>
            <line number="533" hits="0" branch="False" />
            <line number="534" hits="0" branch="False" />
            <line number="536" hits="0" branch="False" />
            <line number="537" hits="0" branch="False" />
            <line number="582" hits="0" branch="False" />
            <line number="583" hits="0" branch="False" />
            <line number="584" hits="0" branch="False" />
            <line number="587" hits="0" branch="False" />
            <line number="588" hits="0" branch="False" />
            <line number="589" hits="0" branch="False" />
            <line number="599" hits="0" branch="False" />
            <line number="600" hits="0" branch="True" condition-coverage="0% (0/2)">
              <conditions>
                <condition number="12" type="jump" coverage="0%" />
              </conditions>
            </line>
            <line number="601" hits="0" branch="False" />
            <line number="602" hits="0" branch="False" />
            <line number="603" hits="0" branch="False" />
            <line number="606" hits="0" branch="False" />
            <line number="607" hits="0" branch="False" />
            <line number="610" hits="0" branch="False" />
            <line number="611" hits="0" branch="True" condition-coverage="0% (0/2)">
              <conditions>
                <condition number="22" type="jump" coverage="0%" />
              </conditions>
            </line>
            <line number="612" hits="0" branch="False" />
            <line number="613" hits="0" branch="False" />
            <line number="614" hits="0" branch="False" />
            <line number="616" hits="0" branch="False" />
            <line number="617" hits="0" branch="False" />
            <line number="618" hits="0" branch="False" />
            <line number="619" hits="0" branch="False" />
            <line number="620" hits="0" branch="False" />
            <line number="621" hits="0" branch="False" />
            <line number="622" hits="0" branch="False" />
            <line number="623" hits="0" branch="False" />
            <line number="624" hits="0" branch="False" />
            <line number="625" hits="0" branch="False" />
            <line number="628" hits="0" branch="False" />
            <line number="629" hits="0" branch="True" condition-coverage="0% (0/2)">
              <conditions>
                <condition number="17" type="jump" coverage="0%" />
              </conditions>
            </line>
            <line number="630" hits="0" branch="False" />
            <line number="631" hits="0" branch="False" />
            <line number="632" hits="0" branch="True" condition-coverage="0% (0/2)">
              <conditions>
                <condition number="51" type="jump" coverage="0%" />
              </conditions>
            </line>
            <line number="633" hits="0" branch="False" />
            <line number="634" hits="0" branch="False" />
            <line number="635" hits="0" branch="False" />
            <line number="636" hits="0" branch="False" />
            <line number="637" hits="0" branch="False" />
            <line number="640" hits="0" branch="False" />
            <line number="641" hits="0" branch="True" condition-coverage="0% (0/2)">
              <conditions>
                <condition number="15" type="jump" coverage="0%" />
              </conditions>
            </line>
            <line number="642" hits="0" branch="False" />
            <line number="664" hits="0" branch="False" />
            <line number="665" hits="0" branch="True" condition-coverage="0% (0/2)">
              <conditions>
                <condition number="4" type="jump" coverage="0%" />
              </conditions>
            </line>
            <line number="666" hits="0" branch="True" condition-coverage="0% (0/2)">
              <conditions>
                <condition number="25" type="jump" coverage="0%" />
              </conditions>
            </line>
            <line number="667" hits="0" branch="False" />
            <line number="668" hits="0" branch="False" />
            <line number="671" hits="0" branch="False" />
            <line number="672" hits="0" branch="True" condition-coverage="0% (0/2)">
              <conditions>
                <condition number="4" type="jump" coverage="0%" />
              </conditions>
            </line>
            <line number="673" hits="0" branch="True" condition-coverage="0% (0/2)">
              <conditions>
                <condition number="21" type="jump" coverage="0%" />
              </conditions>
            </line>
            <line number="674" hits="0" branch="False" />
            <line number="675" hits="0" branch="False" />
            <line number="510" hits="0" branch="False" />
            <line number="511" hits="0" branch="False" />
            <line number="512" hits="0" branch="False" />
            <line number="514" hits="0" branch="False" />
            <line number="515" hits="0" branch="False" />
            <line number="516" hits="0" branch="False" />
            <line number="517" hits="0" branch="False" />
            <line number="520" hits="0" branch="False" />
            <line number="521" hits="0" branch="False" />
            <line number="522" hits="0" branch="False" />
            <line number="524" hits="0" branch="False" />
            <line number="525" hits="0" branch="False" />
            <line number="526" hits="0" branch="False" />
            <line number="527" hits="0" branch="False" />
          </lines>
        </class>
        <class name="KopiKala.Components.Pages.Customer.Invoice" filename="Components\Pages\Customer\Invoice.razor" line-rate="0" branch-rate="0" complexity="53">
          <methods>
            <method name="StartCountdown" signature="()" line-rate="0" branch-rate="0" complexity="2">
              <lines>
                <line number="291" hits="0" branch="False" />
                <line number="292" hits="0" branch="True" condition-coverage="0% (0/2)">
                  <conditions>
                    <condition number="8" type="jump" coverage="0%" />
                  </conditions>
                </line>
                <line number="293" hits="0" branch="False" />
                <line number="295" hits="0" branch="False" />
                <line number="296" hits="0" branch="False" />
                <line number="297" hits="0" branch="False" />
                <line number="298" hits="0" branch="False" />
                <line number="299" hits="0" branch="False" />
                <line number="300" hits="0" branch="False" />
                <line number="301" hits="0" branch="False" />
                <line number="302" hits="0" branch="False" />
                <line number="303" hits="0" branch="False" />
              </lines>
            </method>
            <method name="UpdateCountdown" signature="()" line-rate="0" branch-rate="0" complexity="6">
              <lines>
                <line number="306" hits="0" branch="False" />
                <line number="307" hits="0" branch="True" condition-coverage="0% (0/2)">
                  <conditions>
                    <condition number="12" type="jump" coverage="0%" />
                  </conditions>
                </line>
                <line number="309" hits="0" branch="False" />
                <line number="310" hits="0" branch="True" condition-coverage="0% (0/2)">
                  <conditions>
                    <condition number="54" type="jump" coverage="0%" />
                  </conditions>
                </line>
                <line number="311" hits="0" branch="False" />
                <line number="312" hits="0" branch="False" />
                <line number="313" hits="0" branch="False" />
                <line number="314" hits="0" branch="True" condition-coverage="0% (0/2)">
                  <conditions>
                    <condition number="82" type="jump" coverage="0%" />
                  </conditions>
                </line>
                <line number="315" hits="0" branch="False" />
                <line number="317" hits="0" branch="False" />
                <line number="318" hits="0" branch="False" />
                <line number="319" hits="0" branch="False" />
                <line number="320" hits="0" branch="False" />
              </lines>
            </method>
            <method name="GetStatusChipColor" signature="(System.String)" line-rate="0" branch-rate="0" complexity="42">
              <lines>
                <line number="369" hits="0" branch="True" condition-coverage="0% (0/42)">
                  <conditions>
                    <condition number="17" type="jump" coverage="0%" />
                    <condition number="25" type="jump" coverage="0%" />
                    <condition number="33" type="jump" coverage="0%" />
                    <condition number="62" type="jump" coverage="0%" />
                    <condition number="88" type="jump" coverage="0%" />
                    <condition number="96" type="jump" coverage="0%" />
                    <condition number="119" type="jump" coverage="0%" />
                    <condition number="129" type="jump" coverage="0%" />
                    <condition number="106" type="jump" coverage="0%" />
                    <condition number="72" type="jump" coverage="0%" />
                    <condition number="142" type="jump" coverage="0%" />
                    <condition number="46" type="jump" coverage="0%" />
                    <condition number="160" type="jump" coverage="0%" />
                    <condition number="181" type="jump" coverage="0%" />
                    <condition number="199" type="jump" coverage="0%" />
                    <condition number="214" type="jump" coverage="0%" />
                    <condition number="229" type="jump" coverage="0%" />
                    <condition number="244" type="jump" coverage="0%" />
                    <condition number="259" type="jump" coverage="0%" />
                    <condition number="274" type="jump" coverage="0%" />
                    <condition number="289" type="jump" coverage="0%" />
                  </conditions>
                </line>
                <line number="370" hits="0" branch="False" />
                <line number="371" hits="0" branch="False" />
                <line number="372" hits="0" branch="False" />
                <line number="373" hits="0" branch="False" />
                <line number="374" hits="0" branch="False" />
                <line number="375" hits="0" branch="False" />
                <line number="376" hits="0" branch="False" />
                <line number="377" hits="0" branch="False" />
                <line number="378" hits="0" branch="False" />
              </lines>
            </method>
            <method name="Dispose" signature="()" line-rate="0" branch-rate="0" complexity="2">
              <lines>
                <line number="381" hits="0" branch="False" />
                <line number="382" hits="0" branch="True" condition-coverage="0% (0/2)">
                  <conditions>
                    <condition number="8" type="jump" coverage="0%" />
                  </conditions>
                </line>
                <line number="383" hits="0" branch="False" />
              </lines>
            </method>
            <method name=".ctor" signature="()" line-rate="0" branch-rate="1" complexity="1">
              <lines>
                <line number="252" hits="0" branch="False" />
                <line number="253" hits="0" branch="False" />
                <line number="254" hits="0" branch="False" />
                <line number="258" hits="0" branch="False" />
              </lines>
            </method>
          </methods>
          <lines>
            <line number="291" hits="0" branch="False" />
            <line number="292" hits="0" branch="True" condition-coverage="0% (0/2)">
              <conditions>
                <condition number="8" type="jump" coverage="0%" />
              </conditions>
            </line>
            <line number="293" hits="0" branch="False" />
            <line number="295" hits="0" branch="False" />
            <line number="296" hits="0" branch="False" />
            <line number="297" hits="0" branch="False" />
            <line number="298" hits="0" branch="False" />
            <line number="299" hits="0" branch="False" />
            <line number="300" hits="0" branch="False" />
            <line number="301" hits="0" branch="False" />
            <line number="302" hits="0" branch="False" />
            <line number="303" hits="0" branch="False" />
            <line number="306" hits="0" branch="False" />
            <line number="307" hits="0" branch="True" condition-coverage="0% (0/2)">
              <conditions>
                <condition number="12" type="jump" coverage="0%" />
              </conditions>
            </line>
            <line number="309" hits="0" branch="False" />
            <line number="310" hits="0" branch="True" condition-coverage="0% (0/2)">
              <conditions>
                <condition number="54" type="jump" coverage="0%" />
              </conditions>
            </line>
            <line number="311" hits="0" branch="False" />
            <line number="312" hits="0" branch="False" />
            <line number="313" hits="0" branch="False" />
            <line number="314" hits="0" branch="True" condition-coverage="0% (0/2)">
              <conditions>
                <condition number="82" type="jump" coverage="0%" />
              </conditions>
            </line>
            <line number="315" hits="0" branch="False" />
            <line number="317" hits="0" branch="False" />
            <line number="318" hits="0" branch="False" />
            <line number="319" hits="0" branch="False" />
            <line number="320" hits="0" branch="False" />
            <line number="369" hits="0" branch="True" condition-coverage="0% (0/42)">
              <conditions>
                <condition number="17" type="jump" coverage="0%" />
                <condition number="25" type="jump" coverage="0%" />
                <condition number="33" type="jump" coverage="0%" />
                <condition number="62" type="jump" coverage="0%" />
                <condition number="88" type="jump" coverage="0%" />
                <condition number="96" type="jump" coverage="0%" />
                <condition number="119" type="jump" coverage="0%" />
                <condition number="129" type="jump" coverage="0%" />
                <condition number="106" type="jump" coverage="0%" />
                <condition number="72" type="jump" coverage="0%" />
                <condition number="142" type="jump" coverage="0%" />
                <condition number="46" type="jump" coverage="0%" />
                <condition number="160" type="jump" coverage="0%" />
                <condition number="181" type="jump" coverage="0%" />
                <condition number="199" type="jump" coverage="0%" />
                <condition number="214" type="jump" coverage="0%" />
                <condition number="229" type="jump" coverage="0%" />
                <condition number="244" type="jump" coverage="0%" />
                <condition number="259" type="jump" coverage="0%" />
                <condition number="274" type="jump" coverage="0%" />
                <condition number="289" type="jump" coverage="0%" />
              </conditions>
            </line>
            <line number="370" hits="0" branch="False" />
            <line number="371" hits="0" branch="False" />
            <line number="372" hits="0" branch="False" />
            <line number="373" hits="0" branch="False" />
            <line number="374" hits="0" branch="False" />
            <line number="375" hits="0" branch="False" />
            <line number="376" hits="0" branch="False" />
            <line number="377" hits="0" branch="False" />
            <line number="378" hits="0" branch="False" />
            <line number="381" hits="0" branch="False" />
            <line number="382" hits="0" branch="True" condition-coverage="0% (0/2)">
              <conditions>
                <condition number="8" type="jump" coverage="0%" />
              </conditions>
            </line>
            <line number="383" hits="0" branch="False" />
            <line number="252" hits="0" branch="False" />
            <line number="253" hits="0" branch="False" />
            <line number="254" hits="0" branch="False" />
            <line number="258" hits="0" branch="False" />
          </lines>
        </class>
        <class name="KopiKala.Components.Pages.Customer.Orders" filename="Components\Pages\Customer\Orders.razor" line-rate="0" branch-rate="0" complexity="43">
          <methods>
            <method name="GetStatusChipColor" signature="(System.String)" line-rate="0" branch-rate="0" complexity="42">
              <lines>
                <line number="141" hits="0" branch="True" condition-coverage="0% (0/42)">
                  <conditions>
                    <condition number="17" type="jump" coverage="0%" />
                    <condition number="25" type="jump" coverage="0%" />
                    <condition number="33" type="jump" coverage="0%" />
                    <condition number="62" type="jump" coverage="0%" />
                    <condition number="88" type="jump" coverage="0%" />
                    <condition number="96" type="jump" coverage="0%" />
                    <condition number="119" type="jump" coverage="0%" />
                    <condition number="129" type="jump" coverage="0%" />
                    <condition number="106" type="jump" coverage="0%" />
                    <condition number="72" type="jump" coverage="0%" />
                    <condition number="142" type="jump" coverage="0%" />
                    <condition number="46" type="jump" coverage="0%" />
                    <condition number="160" type="jump" coverage="0%" />
                    <condition number="181" type="jump" coverage="0%" />
                    <condition number="199" type="jump" coverage="0%" />
                    <condition number="214" type="jump" coverage="0%" />
                    <condition number="229" type="jump" coverage="0%" />
                    <condition number="244" type="jump" coverage="0%" />
                    <condition number="259" type="jump" coverage="0%" />
                    <condition number="274" type="jump" coverage="0%" />
                    <condition number="289" type="jump" coverage="0%" />
                  </conditions>
                </line>
                <line number="142" hits="0" branch="False" />
                <line number="143" hits="0" branch="False" />
                <line number="144" hits="0" branch="False" />
                <line number="145" hits="0" branch="False" />
                <line number="146" hits="0" branch="False" />
                <line number="147" hits="0" branch="False" />
                <line number="148" hits="0" branch="False" />
                <line number="149" hits="0" branch="False" />
                <line number="150" hits="0" branch="False" />
              </lines>
            </method>
            <method name=".ctor" signature="()" line-rate="0" branch-rate="1" complexity="1">
              <lines>
                <line number="116" hits="0" branch="False" />
                <line number="117" hits="0" branch="False" />
              </lines>
            </method>
          </methods>
          <lines>
            <line number="141" hits="0" branch="True" condition-coverage="0% (0/42)">
              <conditions>
                <condition number="17" type="jump" coverage="0%" />
                <condition number="25" type="jump" coverage="0%" />
                <condition number="33" type="jump" coverage="0%" />
                <condition number="62" type="jump" coverage="0%" />
                <condition number="88" type="jump" coverage="0%" />
                <condition number="96" type="jump" coverage="0%" />
                <condition number="119" type="jump" coverage="0%" />
                <condition number="129" type="jump" coverage="0%" />
                <condition number="106" type="jump" coverage="0%" />
                <condition number="72" type="jump" coverage="0%" />
                <condition number="142" type="jump" coverage="0%" />
                <condition number="46" type="jump" coverage="0%" />
                <condition number="160" type="jump" coverage="0%" />
                <condition number="181" type="jump" coverage="0%" />
                <condition number="199" type="jump" coverage="0%" />
                <condition number="214" type="jump" coverage="0%" />
                <condition number="229" type="jump" coverage="0%" />
                <condition number="244" type="jump" coverage="0%" />
                <condition number="259" type="jump" coverage="0%" />
                <condition number="274" type="jump" coverage="0%" />
                <condition number="289" type="jump" coverage="0%" />
              </conditions>
            </line>
            <line number="142" hits="0" branch="False" />
            <line number="143" hits="0" branch="False" />
            <line number="144" hits="0" branch="False" />
            <line number="145" hits="0" branch="False" />
            <line number="146" hits="0" branch="False" />
            <line number="147" hits="0" branch="False" />
            <line number="148" hits="0" branch="False" />
            <line number="149" hits="0" branch="False" />
            <line number="150" hits="0" branch="False" />
            <line number="116" hits="0" branch="False" />
            <line number="117" hits="0" branch="False" />
          </lines>
        </class>
        <class name="KopiKala.Components.Pages.Account.ForgotPassword" filename="Components\Pages\Account\ForgotPassword.razor" line-rate="0" branch-rate="1" complexity="1">
          <methods>
            <method name=".ctor" signature="()" line-rate="0" branch-rate="1" complexity="1">
              <lines>
                <line number="100" hits="0" branch="False" />
              </lines>
            </method>
          </methods>
          <lines>
            <line number="100" hits="0" branch="False" />
          </lines>
        </class>
        <class name="KopiKala.Components.Pages.Account.Login" filename="Components\Pages\Account\Login.razor" line-rate="0" branch-rate="1" complexity="1">
          <methods>
            <method name="OnInitialized" signature="()" line-rate="0" branch-rate="1" complexity="1">
              <lines>
                <line number="112" hits="0" branch="False" />
                <line number="113" hits="0" branch="False" />
                <line number="114" hits="0" branch="False" />
                <line number="115" hits="0" branch="False" />
                <line number="116" hits="0" branch="False" />
                <line number="117" hits="0" branch="False" />
              </lines>
            </method>
          </methods>
          <lines>
            <line number="112" hits="0" branch="False" />
            <line number="113" hits="0" branch="False" />
            <line number="114" hits="0" branch="False" />
            <line number="115" hits="0" branch="False" />
            <line number="116" hits="0" branch="False" />
            <line number="117" hits="0" branch="False" />
          </lines>
        </class>
        <class name="KopiKala.Components.Pages.Account.Register" filename="Components\Pages\Account\Register.razor" line-rate="0" branch-rate="1" complexity="1">
          <methods>
            <method name="OnInitialized" signature="()" line-rate="0" branch-rate="1" complexity="1">
              <lines>
                <line number="137" hits="0" branch="False" />
                <line number="138" hits="0" branch="False" />
                <line number="139" hits="0" branch="False" />
                <line number="140" hits="0" branch="False" />
                <line number="141" hits="0" branch="False" />
              </lines>
            </method>
          </methods>
          <lines>
            <line number="137" hits="0" branch="False" />
            <line number="138" hits="0" branch="False" />
            <line number="139" hits="0" branch="False" />
            <line number="140" hits="0" branch="False" />
            <line number="141" hits="0" branch="False" />
          </lines>
        </class>
        <class name="KopiKala.Components.Pages.Account.ResetPassword" filename="Components\Pages\Account\ResetPassword.razor" line-rate="0" branch-rate="0" complexity="5">
          <methods>
            <method name="OnInitialized" signature="()" line-rate="0" branch-rate="0" complexity="4">
              <lines>
                <line number="116" hits="0" branch="False" />
                <line number="117" hits="0" branch="False" />
                <line number="118" hits="0" branch="False" />
                <line number="119" hits="0" branch="True" condition-coverage="0% (0/2)">
                  <conditions>
                    <condition number="48" type="jump" coverage="0%" />
                  </conditions>
                </line>
                <line number="120" hits="0" branch="False" />
                <line number="122" hits="0" branch="True" condition-coverage="0% (0/2)">
                  <conditions>
                    <condition number="92" type="jump" coverage="0%" />
                  </conditions>
                </line>
                <line number="123" hits="0" branch="False" />
                <line number="124" hits="0" branch="False" />
                <line number="125" hits="0" branch="False" />
                <line number="126" hits="0" branch="False" />
              </lines>
            </method>
            <method name=".ctor" signature="()" line-rate="0" branch-rate="1" complexity="1">
              <lines>
                <line number="109" hits="0" branch="False" />
              </lines>
            </method>
          </methods>
          <lines>
            <line number="116" hits="0" branch="False" />
            <line number="117" hits="0" branch="False" />
            <line number="118" hits="0" branch="False" />
            <line number="119" hits="0" branch="True" condition-coverage="0% (0/2)">
              <conditions>
                <condition number="48" type="jump" coverage="0%" />
              </conditions>
            </line>
            <line number="120" hits="0" branch="False" />
            <line number="122" hits="0" branch="True" condition-coverage="0% (0/2)">
              <conditions>
                <condition number="92" type="jump" coverage="0%" />
              </conditions>
            </line>
            <line number="123" hits="0" branch="False" />
            <line number="124" hits="0" branch="False" />
            <line number="125" hits="0" branch="False" />
            <line number="126" hits="0" branch="False" />
            <line number="109" hits="0" branch="False" />
          </lines>
        </class>
        <class name="KopiKala.Components.Layout.RedirectToLogin" filename="Components\Layout\RedirectToLogin.razor" line-rate="0" branch-rate="1" complexity="1">
          <methods>
            <method name="OnInitialized" signature="()" line-rate="0" branch-rate="1" complexity="1">
              <lines>
                <line number="5" hits="0" branch="False" />
                <line number="6" hits="0" branch="False" />
                <line number="7" hits="0" branch="False" />
                <line number="8" hits="0" branch="False" />
              </lines>
            </method>
          </methods>
          <lines>
            <line number="5" hits="0" branch="False" />
            <line number="6" hits="0" branch="False" />
            <line number="7" hits="0" branch="False" />
            <line number="8" hits="0" branch="False" />
          </lines>
        </class>
        <class name="KopiKala.Components.Layout.MainLayout" filename="Components\Layout\MainLayout.razor" line-rate="0.2352" branch-rate="1" complexity="5">
          <methods>
            <method name="OnInitialized" signature="()" line-rate="1" branch-rate="1" complexity="1">
              <lines>
                <line number="187" hits="1" branch="False" />
                <line number="188" hits="1" branch="False" />
                <line number="189" hits="1" branch="False" />
                <line number="190" hits="1" branch="False" />
              </lines>
            </method>
            <method name="OnLocationChanged" signature="(System.Object,Microsoft.AspNetCore.Components.Routing.LocationChangedEventArgs)" line-rate="0" branch-rate="1" complexity="1">
              <lines>
                <line number="193" hits="0" branch="False" />
                <line number="194" hits="0" branch="False" />
                <line number="195" hits="0" branch="False" />
                <line number="196" hits="0" branch="False" />
              </lines>
            </method>
            <method name="ToggleDarkMode" signature="()" line-rate="0" branch-rate="1" complexity="1">
              <lines>
                <line number="199" hits="0" branch="False" />
                <line number="200" hits="0" branch="False" />
                <line number="201" hits="0" branch="False" />
              </lines>
            </method>
            <method name="HandleLogout" signature="()" line-rate="0" branch-rate="1" complexity="1">
              <lines>
                <line number="204" hits="0" branch="False" />
                <line number="205" hits="0" branch="False" />
                <line number="206" hits="0" branch="False" />
              </lines>
            </method>
            <method name="Dispose" signature="()" line-rate="0" branch-rate="1" complexity="1">
              <lines>
                <line number="209" hits="0" branch="False" />
                <line number="210" hits="0" branch="False" />
                <line number="211" hits="0" branch="False" />
              </lines>
            </method>
          </methods>
          <lines>
            <line number="187" hits="1" branch="False" />
            <line number="188" hits="1" branch="False" />
            <line number="189" hits="1" branch="False" />
            <line number="190" hits="1" branch="False" />
            <line number="193" hits="0" branch="False" />
            <line number="194" hits="0" branch="False" />
            <line number="195" hits="0" branch="False" />
            <line number="196" hits="0" branch="False" />
            <line number="199" hits="0" branch="False" />
            <line number="200" hits="0" branch="False" />
            <line number="201" hits="0" branch="False" />
            <line number="204" hits="0" branch="False" />
            <line number="205" hits="0" branch="False" />
            <line number="206" hits="0" branch="False" />
            <line number="209" hits="0" branch="False" />
            <line number="210" hits="0" branch="False" />
            <line number="211" hits="0" branch="False" />
          </lines>
        </class>
        <class name="KopiKala.Theme.KopiKalaTheme" filename="Theme\KopiKalaTheme.cs" line-rate="1" branch-rate="1" complexity="1">
          <methods>
            <method name="CreateTheme" signature="()" line-rate="1" branch-rate="1" complexity="1">
              <lines>
                <line number="8" hits="2" branch="False" />
                <line number="9" hits="2" branch="False" />
                <line number="10" hits="2" branch="False" />
                <line number="11" hits="2" branch="False" />
                <line number="12" hits="2" branch="False" />
                <line number="13" hits="2" branch="False" />
                <line number="14" hits="2" branch="False" />
                <line number="15" hits="2" branch="False" />
                <line number="16" hits="2" branch="False" />
                <line number="17" hits="2" branch="False" />
                <line number="18" hits="2" branch="False" />
                <line number="19" hits="2" branch="False" />
                <line number="20" hits="2" branch="False" />
                <line number="21" hits="2" branch="False" />
                <line number="22" hits="2" branch="False" />
                <line number="23" hits="2" branch="False" />
                <line number="24" hits="2" branch="False" />
                <line number="25" hits="2" branch="False" />
                <line number="26" hits="2" branch="False" />
                <line number="27" hits="2" branch="False" />
                <line number="28" hits="2" branch="False" />
                <line number="29" hits="2" branch="False" />
                <line number="30" hits="2" branch="False" />
                <line number="31" hits="2" branch="False" />
                <line number="32" hits="2" branch="False" />
                <line number="33" hits="2" branch="False" />
                <line number="34" hits="2" branch="False" />
                <line number="35" hits="2" branch="False" />
                <line number="36" hits="2" branch="False" />
                <line number="37" hits="2" branch="False" />
                <line number="38" hits="2" branch="False" />
                <line number="39" hits="2" branch="False" />
                <line number="40" hits="2" branch="False" />
                <line number="41" hits="2" branch="False" />
                <line number="42" hits="2" branch="False" />
                <line number="43" hits="2" branch="False" />
                <line number="44" hits="2" branch="False" />
                <line number="45" hits="2" branch="False" />
                <line number="46" hits="2" branch="False" />
                <line number="47" hits="2" branch="False" />
                <line number="48" hits="2" branch="False" />
                <line number="49" hits="2" branch="False" />
                <line number="50" hits="2" branch="False" />
                <line number="51" hits="2" branch="False" />
                <line number="52" hits="2" branch="False" />
                <line number="53" hits="2" branch="False" />
                <line number="54" hits="2" branch="False" />
                <line number="55" hits="2" branch="False" />
                <line number="56" hits="2" branch="False" />
                <line number="57" hits="2" branch="False" />
                <line number="58" hits="2" branch="False" />
                <line number="59" hits="2" branch="False" />
                <line number="60" hits="2" branch="False" />
                <line number="61" hits="2" branch="False" />
                <line number="62" hits="2" branch="False" />
                <line number="63" hits="2" branch="False" />
                <line number="64" hits="2" branch="False" />
                <line number="65" hits="2" branch="False" />
                <line number="66" hits="2" branch="False" />
                <line number="67" hits="2" branch="False" />
                <line number="68" hits="2" branch="False" />
                <line number="69" hits="2" branch="False" />
                <line number="70" hits="2" branch="False" />
                <line number="71" hits="2" branch="False" />
                <line number="72" hits="2" branch="False" />
                <line number="73" hits="2" branch="False" />
                <line number="74" hits="2" branch="False" />
                <line number="75" hits="2" branch="False" />
                <line number="76" hits="2" branch="False" />
                <line number="77" hits="2" branch="False" />
                <line number="78" hits="2" branch="False" />
                <line number="79" hits="2" branch="False" />
                <line number="80" hits="2" branch="False" />
                <line number="81" hits="2" branch="False" />
                <line number="82" hits="2" branch="False" />
                <line number="83" hits="2" branch="False" />
                <line number="84" hits="2" branch="False" />
                <line number="85" hits="2" branch="False" />
                <line number="86" hits="2" branch="False" />
                <line number="87" hits="2" branch="False" />
                <line number="88" hits="2" branch="False" />
                <line number="89" hits="2" branch="False" />
                <line number="90" hits="2" branch="False" />
                <line number="91" hits="2" branch="False" />
                <line number="92" hits="2" branch="False" />
                <line number="93" hits="2" branch="False" />
                <line number="94" hits="2" branch="False" />
                <line number="95" hits="2" branch="False" />
                <line number="96" hits="2" branch="False" />
                <line number="97" hits="2" branch="False" />
                <line number="98" hits="2" branch="False" />
                <line number="99" hits="2" branch="False" />
                <line number="100" hits="2" branch="False" />
                <line number="101" hits="2" branch="False" />
                <line number="102" hits="2" branch="False" />
                <line number="103" hits="2" branch="False" />
                <line number="104" hits="2" branch="False" />
                <line number="105" hits="2" branch="False" />
                <line number="106" hits="2" branch="False" />
                <line number="107" hits="2" branch="False" />
                <line number="108" hits="2" branch="False" />
                <line number="109" hits="2" branch="False" />
                <line number="110" hits="2" branch="False" />
                <line number="111" hits="2" branch="False" />
                <line number="112" hits="2" branch="False" />
                <line number="113" hits="2" branch="False" />
                <line number="114" hits="2" branch="False" />
                <line number="115" hits="2" branch="False" />
                <line number="116" hits="2" branch="False" />
                <line number="117" hits="2" branch="False" />
                <line number="118" hits="2" branch="False" />
                <line number="119" hits="2" branch="False" />
                <line number="120" hits="2" branch="False" />
                <line number="121" hits="2" branch="False" />
                <line number="122" hits="2" branch="False" />
                <line number="123" hits="2" branch="False" />
                <line number="124" hits="2" branch="False" />
                <line number="125" hits="2" branch="False" />
                <line number="126" hits="2" branch="False" />
                <line number="127" hits="2" branch="False" />
                <line number="128" hits="2" branch="False" />
                <line number="129" hits="2" branch="False" />
                <line number="130" hits="2" branch="False" />
                <line number="131" hits="2" branch="False" />
                <line number="132" hits="2" branch="False" />
                <line number="133" hits="2" branch="False" />
                <line number="134" hits="2" branch="False" />
                <line number="135" hits="2" branch="False" />
                <line number="136" hits="2" branch="False" />
                <line number="137" hits="2" branch="False" />
                <line number="138" hits="2" branch="False" />
              </lines>
            </method>
          </methods>
          <lines>
            <line number="8" hits="2" branch="False" />
            <line number="9" hits="2" branch="False" />
            <line number="10" hits="2" branch="False" />
            <line number="11" hits="2" branch="False" />
            <line number="12" hits="2" branch="False" />
            <line number="13" hits="2" branch="False" />
            <line number="14" hits="2" branch="False" />
            <line number="15" hits="2" branch="False" />
            <line number="16" hits="2" branch="False" />
            <line number="17" hits="2" branch="False" />
            <line number="18" hits="2" branch="False" />
            <line number="19" hits="2" branch="False" />
            <line number="20" hits="2" branch="False" />
            <line number="21" hits="2" branch="False" />
            <line number="22" hits="2" branch="False" />
            <line number="23" hits="2" branch="False" />
            <line number="24" hits="2" branch="False" />
            <line number="25" hits="2" branch="False" />
            <line number="26" hits="2" branch="False" />
            <line number="27" hits="2" branch="False" />
            <line number="28" hits="2" branch="False" />
            <line number="29" hits="2" branch="False" />
            <line number="30" hits="2" branch="False" />
            <line number="31" hits="2" branch="False" />
            <line number="32" hits="2" branch="False" />
            <line number="33" hits="2" branch="False" />
            <line number="34" hits="2" branch="False" />
            <line number="35" hits="2" branch="False" />
            <line number="36" hits="2" branch="False" />
            <line number="37" hits="2" branch="False" />
            <line number="38" hits="2" branch="False" />
            <line number="39" hits="2" branch="False" />
            <line number="40" hits="2" branch="False" />
            <line number="41" hits="2" branch="False" />
            <line number="42" hits="2" branch="False" />
            <line number="43" hits="2" branch="False" />
            <line number="44" hits="2" branch="False" />
            <line number="45" hits="2" branch="False" />
            <line number="46" hits="2" branch="False" />
            <line number="47" hits="2" branch="False" />
            <line number="48" hits="2" branch="False" />
            <line number="49" hits="2" branch="False" />
            <line number="50" hits="2" branch="False" />
            <line number="51" hits="2" branch="False" />
            <line number="52" hits="2" branch="False" />
            <line number="53" hits="2" branch="False" />
            <line number="54" hits="2" branch="False" />
            <line number="55" hits="2" branch="False" />
            <line number="56" hits="2" branch="False" />
            <line number="57" hits="2" branch="False" />
            <line number="58" hits="2" branch="False" />
            <line number="59" hits="2" branch="False" />
            <line number="60" hits="2" branch="False" />
            <line number="61" hits="2" branch="False" />
            <line number="62" hits="2" branch="False" />
            <line number="63" hits="2" branch="False" />
            <line number="64" hits="2" branch="False" />
            <line number="65" hits="2" branch="False" />
            <line number="66" hits="2" branch="False" />
            <line number="67" hits="2" branch="False" />
            <line number="68" hits="2" branch="False" />
            <line number="69" hits="2" branch="False" />
            <line number="70" hits="2" branch="False" />
            <line number="71" hits="2" branch="False" />
            <line number="72" hits="2" branch="False" />
            <line number="73" hits="2" branch="False" />
            <line number="74" hits="2" branch="False" />
            <line number="75" hits="2" branch="False" />
            <line number="76" hits="2" branch="False" />
            <line number="77" hits="2" branch="False" />
            <line number="78" hits="2" branch="False" />
            <line number="79" hits="2" branch="False" />
            <line number="80" hits="2" branch="False" />
            <line number="81" hits="2" branch="False" />
            <line number="82" hits="2" branch="False" />
            <line number="83" hits="2" branch="False" />
            <line number="84" hits="2" branch="False" />
            <line number="85" hits="2" branch="False" />
            <line number="86" hits="2" branch="False" />
            <line number="87" hits="2" branch="False" />
            <line number="88" hits="2" branch="False" />
            <line number="89" hits="2" branch="False" />
            <line number="90" hits="2" branch="False" />
            <line number="91" hits="2" branch="False" />
            <line number="92" hits="2" branch="False" />
            <line number="93" hits="2" branch="False" />
            <line number="94" hits="2" branch="False" />
            <line number="95" hits="2" branch="False" />
            <line number="96" hits="2" branch="False" />
            <line number="97" hits="2" branch="False" />
            <line number="98" hits="2" branch="False" />
            <line number="99" hits="2" branch="False" />
            <line number="100" hits="2" branch="False" />
            <line number="101" hits="2" branch="False" />
            <line number="102" hits="2" branch="False" />
            <line number="103" hits="2" branch="False" />
            <line number="104" hits="2" branch="False" />
            <line number="105" hits="2" branch="False" />
            <line number="106" hits="2" branch="False" />
            <line number="107" hits="2" branch="False" />
            <line number="108" hits="2" branch="False" />
            <line number="109" hits="2" branch="False" />
            <line number="110" hits="2" branch="False" />
            <line number="111" hits="2" branch="False" />
            <line number="112" hits="2" branch="False" />
            <line number="113" hits="2" branch="False" />
            <line number="114" hits="2" branch="False" />
            <line number="115" hits="2" branch="False" />
            <line number="116" hits="2" branch="False" />
            <line number="117" hits="2" branch="False" />
            <line number="118" hits="2" branch="False" />
            <line number="119" hits="2" branch="False" />
            <line number="120" hits="2" branch="False" />
            <line number="121" hits="2" branch="False" />
            <line number="122" hits="2" branch="False" />
            <line number="123" hits="2" branch="False" />
            <line number="124" hits="2" branch="False" />
            <line number="125" hits="2" branch="False" />
            <line number="126" hits="2" branch="False" />
            <line number="127" hits="2" branch="False" />
            <line number="128" hits="2" branch="False" />
            <line number="129" hits="2" branch="False" />
            <line number="130" hits="2" branch="False" />
            <line number="131" hits="2" branch="False" />
            <line number="132" hits="2" branch="False" />
            <line number="133" hits="2" branch="False" />
            <line number="134" hits="2" branch="False" />
            <line number="135" hits="2" branch="False" />
            <line number="136" hits="2" branch="False" />
            <line number="137" hits="2" branch="False" />
            <line number="138" hits="2" branch="False" />
          </lines>
        </class>
        <class name="KopiKala.Services.AuthService" filename="Services\AuthService.cs" line-rate="1" branch-rate="1" complexity="5">
          <methods>
            <method name="CreateClaimsPrincipal" signature="(KopiKala.Models.User)" line-rate="1" branch-rate="1" complexity="4">
              <lines>
                <line number="216" hits="4" branch="False" />
                <line number="217" hits="4" branch="False" />
                <line number="218" hits="4" branch="False" />
                <line number="219" hits="4" branch="False" />
                <line number="220" hits="4" branch="False" />
                <line number="221" hits="4" branch="False" />
                <line number="222" hits="4" branch="False" />
                <line number="224" hits="18" branch="True" condition-coverage="100% (2/2)">
                  <conditions>
                    <condition number="148" type="jump" coverage="100%" />
                  </conditions>
                </line>
                <line number="225" hits="3" branch="False" />
                <line number="226" hits="3" branch="False" />
                <line number="227" hits="3" branch="False" />
                <line number="229" hits="4" branch="False" />
                <line number="230" hits="4" branch="False" />
                <line number="231" hits="4" branch="False" />
                <line number="232" hits="4" branch="False" />
                <line number="234" hits="14" branch="True" condition-coverage="100% (2/2)">
                  <conditions>
                    <condition number="297" type="jump" coverage="100%" />
                  </conditions>
                </line>
                <line number="235" hits="1" branch="False" />
                <line number="236" hits="1" branch="False" />
                <line number="237" hits="1" branch="False" />
                <line number="239" hits="4" branch="False" />
                <line number="240" hits="4" branch="False" />
                <line number="241" hits="4" branch="False" />
              </lines>
            </method>
            <method name=".ctor" signature="(KopiKala.Data.AppDbContext,Microsoft.Extensions.Logging.ILogger`1&lt;KopiKala.Services.AuthService&gt;)" line-rate="1" branch-rate="1" complexity="1">
              <lines>
                <line number="16" hits="17" branch="False" />
                <line number="17" hits="17" branch="False" />
                <line number="18" hits="17" branch="False" />
                <line number="19" hits="17" branch="False" />
                <line number="20" hits="17" branch="False" />
              </lines>
            </method>
          </methods>
          <lines>
            <line number="216" hits="4" branch="False" />
            <line number="217" hits="4" branch="False" />
            <line number="218" hits="4" branch="False" />
            <line number="219" hits="4" branch="False" />
            <line number="220" hits="4" branch="False" />
            <line number="221" hits="4" branch="False" />
            <line number="222" hits="4" branch="False" />
            <line number="224" hits="18" branch="True" condition-coverage="100% (2/2)">
              <conditions>
                <condition number="148" type="jump" coverage="100%" />
              </conditions>
            </line>
            <line number="225" hits="3" branch="False" />
            <line number="226" hits="3" branch="False" />
            <line number="227" hits="3" branch="False" />
            <line number="229" hits="4" branch="False" />
            <line number="230" hits="4" branch="False" />
            <line number="231" hits="4" branch="False" />
            <line number="232" hits="4" branch="False" />
            <line number="234" hits="14" branch="True" condition-coverage="100% (2/2)">
              <conditions>
                <condition number="297" type="jump" coverage="100%" />
              </conditions>
            </line>
            <line number="235" hits="1" branch="False" />
            <line number="236" hits="1" branch="False" />
            <line number="237" hits="1" branch="False" />
            <line number="239" hits="4" branch="False" />
            <line number="240" hits="4" branch="False" />
            <line number="241" hits="4" branch="False" />
            <line number="16" hits="17" branch="False" />
            <line number="17" hits="17" branch="False" />
            <line number="18" hits="17" branch="False" />
            <line number="19" hits="17" branch="False" />
            <line number="20" hits="17" branch="False" />
          </lines>
        </class>
        <class name="KopiKala.Services.BookingService" filename="Services\BookingService.cs" line-rate="1" branch-rate="0.5" complexity="17">
          <methods>
            <method name="MapToInvoiceDto" signature="(KopiKala.Models.Booking)" line-rate="1" branch-rate="0.5" complexity="16">
              <lines>
                <line number="312" hits="6" branch="False" />
                <line number="313" hits="6" branch="True" condition-coverage="50% (1/2)">
                  <conditions>
                    <condition number="7" type="jump" coverage="50%" />
                  </conditions>
                </line>
                <line number="314" hits="6" branch="False" />
                <line number="316" hits="6" branch="True" condition-coverage="50% (7/14)">
                  <conditions>
                    <condition number="93" type="jump" coverage="50%" />
                    <condition number="105" type="jump" coverage="50%" />
                    <condition number="127" type="jump" coverage="50%" />
                    <condition number="139" type="jump" coverage="50%" />
                    <condition number="161" type="jump" coverage="50%" />
                    <condition number="199" type="jump" coverage="50%" />
                    <condition number="211" type="jump" coverage="50%" />
                  </conditions>
                </line>
                <line number="317" hits="6" branch="False" />
                <line number="318" hits="6" branch="False" />
                <line number="319" hits="6" branch="False" />
                <line number="320" hits="6" branch="False" />
                <line number="321" hits="6" branch="False" />
                <line number="322" hits="6" branch="False" />
                <line number="323" hits="6" branch="False" />
                <line number="324" hits="6" branch="False" />
                <line number="325" hits="6" branch="False" />
                <line number="326" hits="6" branch="False" />
                <line number="327" hits="6" branch="False" />
                <line number="328" hits="6" branch="False" />
                <line number="329" hits="6" branch="False" />
                <line number="330" hits="6" branch="False" />
                <line number="331" hits="6" branch="False" />
                <line number="332" hits="6" branch="False" />
                <line number="333" hits="6" branch="False" />
                <line number="334" hits="6" branch="False" />
                <line number="335" hits="6" branch="False" />
                <line number="336" hits="6" branch="False" />
                <line number="337" hits="6" branch="False" />
                <line number="338" hits="6" branch="False" />
                <line number="339" hits="6" branch="False" />
                <line number="340" hits="6" branch="False" />
                <line number="341" hits="6" branch="False" />
                <line number="342" hits="6" branch="False" />
                <line number="343" hits="6" branch="False" />
              </lines>
            </method>
            <method name=".ctor" signature="(KopiKala.Data.AppDbContext,Microsoft.AspNetCore.Hosting.IWebHostEnvironment,System.TimeProvider,Microsoft.Extensions.Logging.ILogger`1&lt;KopiKala.Services.BookingService&gt;)" line-rate="1" branch-rate="1" complexity="1">
              <lines>
                <line number="16" hits="19" branch="False" />
                <line number="17" hits="19" branch="False" />
                <line number="18" hits="19" branch="False" />
                <line number="19" hits="19" branch="False" />
                <line number="20" hits="19" branch="False" />
                <line number="21" hits="19" branch="False" />
                <line number="22" hits="19" branch="False" />
                <line number="23" hits="19" branch="False" />
                <line number="24" hits="19" branch="False" />
                <line number="25" hits="19" branch="False" />
                <line number="26" hits="19" branch="False" />
              </lines>
            </method>
          </methods>
          <lines>
            <line number="312" hits="6" branch="False" />
            <line number="313" hits="6" branch="True" condition-coverage="50% (1/2)">
              <conditions>
                <condition number="7" type="jump" coverage="50%" />
              </conditions>
            </line>
            <line number="314" hits="6" branch="False" />
            <line number="316" hits="6" branch="True" condition-coverage="50% (7/14)">
              <conditions>
                <condition number="93" type="jump" coverage="50%" />
                <condition number="105" type="jump" coverage="50%" />
                <condition number="127" type="jump" coverage="50%" />
                <condition number="139" type="jump" coverage="50%" />
                <condition number="161" type="jump" coverage="50%" />
                <condition number="199" type="jump" coverage="50%" />
                <condition number="211" type="jump" coverage="50%" />
              </conditions>
            </line>
            <line number="317" hits="6" branch="False" />
            <line number="318" hits="6" branch="False" />
            <line number="319" hits="6" branch="False" />
            <line number="320" hits="6" branch="False" />
            <line number="321" hits="6" branch="False" />
            <line number="322" hits="6" branch="False" />
            <line number="323" hits="6" branch="False" />
            <line number="324" hits="6" branch="False" />
            <line number="325" hits="6" branch="False" />
            <line number="326" hits="6" branch="False" />
            <line number="327" hits="6" branch="False" />
            <line number="328" hits="6" branch="False" />
            <line number="329" hits="6" branch="False" />
            <line number="330" hits="6" branch="False" />
            <line number="331" hits="6" branch="False" />
            <line number="332" hits="6" branch="False" />
            <line number="333" hits="6" branch="False" />
            <line number="334" hits="6" branch="False" />
            <line number="335" hits="6" branch="False" />
            <line number="336" hits="6" branch="False" />
            <line number="337" hits="6" branch="False" />
            <line number="338" hits="6" branch="False" />
            <line number="339" hits="6" branch="False" />
            <line number="340" hits="6" branch="False" />
            <line number="341" hits="6" branch="False" />
            <line number="342" hits="6" branch="False" />
            <line number="343" hits="6" branch="False" />
            <line number="16" hits="19" branch="False" />
            <line number="17" hits="19" branch="False" />
            <line number="18" hits="19" branch="False" />
            <line number="19" hits="19" branch="False" />
            <line number="20" hits="19" branch="False" />
            <line number="21" hits="19" branch="False" />
            <line number="22" hits="19" branch="False" />
            <line number="23" hits="19" branch="False" />
            <line number="24" hits="19" branch="False" />
            <line number="25" hits="19" branch="False" />
            <line number="26" hits="19" branch="False" />
          </lines>
        </class>
        <class name="KopiKala.Migrations.InitialDatabaseSetup" filename="Migrations\20260906194059_InitialDatabaseSetup.cs" line-rate="0" branch-rate="1" complexity="2">
          <methods>
            <method name="Up" signature="(Microsoft.EntityFrameworkCore.Migrations.MigrationBuilder)" line-rate="0" branch-rate="1" complexity="1">
              <lines>
                <line number="14" hits="0" branch="False" />
                <line number="15" hits="0" branch="False" />
                <line number="16" hits="0" branch="False" />
                <line number="18" hits="0" branch="False" />
                <line number="19" hits="0" branch="False" />
                <line number="20" hits="0" branch="False" />
                <line number="21" hits="0" branch="False" />
                <line number="22" hits="0" branch="False" />
                <line number="23" hits="0" branch="False" />
                <line number="24" hits="0" branch="False" />
                <line number="25" hits="0" branch="False" />
                <line number="26" hits="0" branch="False" />
                <line number="27" hits="0" branch="False" />
                <line number="28" hits="0" branch="False" />
                <line number="29" hits="0" branch="False" />
                <line number="30" hits="0" branch="False" />
                <line number="31" hits="0" branch="False" />
                <line number="33" hits="0" branch="False" />
                <line number="34" hits="0" branch="False" />
                <line number="35" hits="0" branch="False" />
                <line number="36" hits="0" branch="False" />
                <line number="37" hits="0" branch="False" />
                <line number="38" hits="0" branch="False" />
                <line number="39" hits="0" branch="False" />
                <line number="40" hits="0" branch="False" />
                <line number="41" hits="0" branch="False" />
                <line number="42" hits="0" branch="False" />
                <line number="43" hits="0" branch="False" />
                <line number="44" hits="0" branch="False" />
                <line number="45" hits="0" branch="False" />
                <line number="46" hits="0" branch="False" />
                <line number="47" hits="0" branch="False" />
                <line number="48" hits="0" branch="False" />
                <line number="50" hits="0" branch="False" />
                <line number="51" hits="0" branch="False" />
                <line number="52" hits="0" branch="False" />
                <line number="53" hits="0" branch="False" />
                <line number="54" hits="0" branch="False" />
                <line number="55" hits="0" branch="False" />
                <line number="56" hits="0" branch="False" />
                <line number="57" hits="0" branch="False" />
                <line number="58" hits="0" branch="False" />
                <line number="59" hits="0" branch="False" />
                <line number="60" hits="0" branch="False" />
[...]
                <line number="311" hits="2" branch="False" />
                <line number="312" hits="2" branch="False" />
                <line number="313" hits="2" branch="False" />
                <line number="314" hits="2" branch="False" />
                <line number="315" hits="2" branch="False" />
                <line number="318" hits="2" branch="False" />
              </lines>
            </method>
            <method name=".ctor" signature="()" line-rate="0" branch-rate="1" complexity="1">
              <lines>
                <line number="8" hits="0" branch="False" />
                <line number="9" hits="0" branch="False" />
                <line number="10" hits="0" branch="False" />
              </lines>
            </method>
            <method name=".ctor" signature="(Microsoft.EntityFrameworkCore.DbContextOptions`1&lt;KopiKala.Data.AppDbContext&gt;)" line-rate="1" branch-rate="1" complexity="1">
              <lines>
                <line number="13" hits="40" branch="False" />
                <line number="14" hits="40" branch="False" />
                <line number="15" hits="40" branch="False" />
              </lines>
            </method>
          </methods>
          <lines>
            <line number="18" hits="40" branch="False" />
            <line number="19" hits="40" branch="True" condition-coverage="50% (1/2)">
              <conditions>
                <condition number="12" type="jump" coverage="50%" />
              </conditions>
            </line>
            <line number="20" hits="0" branch="False" />
            <line number="21" hits="0" branch="False" />
            <line number="22" hits="0" branch="False" />
            <line number="23" hits="0" branch="False" />
            <line number="24" hits="0" branch="False" />
            <line number="25" hits="0" branch="False" />
            <line number="26" hits="0" branch="False" />
            <line number="28" hits="0" branch="False" />
            <line number="29" hits="0" branch="False" />
            <line number="30" hits="0" branch="False" />
            <line number="31" hits="40" branch="False" />
            <line number="50" hits="2" branch="False" />
            <line number="51" hits="2" branch="False" />
            <line number="54" hits="2" branch="False" />
            <line number="56" hits="2" branch="False" />
            <line number="57" hits="2" branch="False" />
            <line number="58" hits="2" branch="False" />
            <line number="59" hits="2" branch="False" />
            <line number="60" hits="2" branch="False" />
            <line number="61" hits="2" branch="False" />
            <line number="62" hits="2" branch="False" />
            <line number="63" hits="2" branch="False" />
            <line number="64" hits="2" branch="False" />
            <line number="65" hits="2" branch="False" />
            <line number="66" hits="2" branch="False" />
            <line number="67" hits="2" branch="False" />
            <line number="68" hits="2" branch="False" />
            <line number="69" hits="2" branch="False" />
            <line number="70" hits="2" branch="False" />
            <line number="71" hits="2" branch="False" />
            <line number="72" hits="2" branch="False" />
            <line number="73" hits="2" branch="False" />
            <line number="74" hits="2" branch="False" />
            <line number="75" hits="2" branch="False" />
            <line number="76" hits="2" branch="False" />
            <line number="77" hits="2" branch="False" />
            <line number="78" hits="2" branch="False" />
            <line number="79" hits="2" branch="False" />
            <line number="80" hits="2" branch="False" />
            <line number="81" hits="2" branch="False" />
            <line number="82" hits="2" branch="False" />
            <line number="83" hits="2" branch="False" />
            <line number="84" hits="2" branch="False" />
            <line number="85" hits="2" branch="False" />
            <line number="86" hits="2" branch="False" />
            <line number="87" hits="2" branch="False" />
            <line number="88" hits="2" branch="False" />
            <line number="89" hits="2" branch="False" />
            <line number="90" hits="2" branch="False" />
            <line number="91" hits="2" branch="False" />
            <line number="92" hits="2" branch="False" />
            <line number="93" hits="2" branch="False" />
            <line number="94" hits="2" branch="False" />
            <line number="95" hits="2" branch="False" />
            <line number="96" hits="2" branch="False" />
            <line number="97" hits="2" branch="False" />
            <line number="98" hits="2" branch="False" />
            <line number="99" hits="2" branch="False" />
            <line number="100" hits="2" branch="False" />
            <line number="101" hits="2" branch="False" />
            <line number="102" hits="2" branch="False" />
            <line number="103" hits="2" branch="False" />
            <line number="104" hits="2" branch="False" />
            <line number="105" hits="2" branch="False" />
            <line number="106" hits="2" branch="False" />
            <line number="107" hits="2" branch="False" />
            <line number="108" hits="2" branch="False" />
            <line number="109" hits="2" branch="False" />
            <line number="110" hits="2" branch="False" />
            <line number="111" hits="2" branch="False" />
            <line number="112" hits="2" branch="False" />
            <line number="113" hits="2" branch="False" />
            <line number="114" hits="2" branch="False" />
            <line number="115" hits="2" branch="False" />
            <line number="116" hits="2" branch="False" />
            <line number="117" hits="2" branch="False" />
            <line number="119" hits="2" branch="False" />
            <line number="120" hits="2" branch="False" />
            <line number="121" hits="2" branch="False" />
            <line number="122" hits="2" branch="False" />
            <line number="123" hits="2" branch="False" />
            <line number="124" hits="2" branch="False" />
            <line number="125" hits="2" branch="False" />
            <line number="126" hits="2" branch="False" />
            <line number="127" hits="2" branch="False" />
            <line number="128" hits="2" branch="False" />
            <line number="129" hits="2" branch="False" />
            <line number="130" hits="2" branch="False" />
            <line number="131" hits="2" branch="False" />
            <line number="132" hits="2" branch="False" />
            <line number="133" hits="2" branch="False" />
            <line number="134" hits="2" branch="False" />
            <line number="135" hits="2" branch="False" />
            <line number="136" hits="2" branch="False" />
            <line number="137" hits="2" branch="False" />
            <line number="138" hits="2" branch="False" />
            <line number="139" hits="2" branch="False" />
            <line number="140" hits="2" branch="False" />
            <line number="141" hits="2" branch="False" />
            <line number="142" hits="2" branch="False" />
            <line number="143" hits="2" branch="False" />
            <line number="144" hits="2" branch="False" />
            <line number="145" hits="2" branch="False" />
            <line number="146" hits="2" branch="False" />
            <line number="147" hits="2" branch="False" />
            <line number="148" hits="2" branch="False" />
            <line number="149" hits="2" branch="False" />
            <line number="150" hits="2" branch="False" />
            <line number="152" hits="2" branch="False" />
            <line number="153" hits="2" branch="False" />
            <line number="154" hits="2" branch="False" />
            <line number="155" hits="2" branch="False" />
            <line number="156" hits="2" branch="False" />
            <line number="157" hits="2" branch="False" />
            <line number="158" hits="2" branch="False" />
            <line number="159" hits="2" branch="False" />
            <line number="160" hits="2" branch="False" />
            <line number="161" hits="2" branch="False" />
            <line number="162" hits="2" branch="False" />
            <line number="163" hits="2" branch="False" />
            <line number="164" hits="2" branch="False" />
            <line number="165" hits="2" branch="False" />
            <line number="166" hits="2" branch="False" />
            <line number="167" hits="2" branch="False" />
            <line number="168" hits="2" branch="False" />
            <line number="169" hits="2" branch="False" />
            <line number="170" hits="2" branch="False" />
            <line number="171" hits="2" branch="False" />
            <line number="172" hits="2" branch="False" />
            <line number="173" hits="2" branch="False" />
            <line number="175" hits="2" branch="False" />
            <line number="176" hits="2" branch="False" />
            <line number="177" hits="2" branch="False" />
            <line number="178" hits="2" branch="False" />
            <line number="179" hits="2" branch="False" />
            <line number="180" hits="2" branch="False" />
            <line number="181" hits="2" branch="False" />
            <line number="182" hits="2" branch="False" />
            <line number="183" hits="2" branch="False" />
            <line number="184" hits="2" branch="False" />
            <line number="185" hits="2" branch="False" />
            <line number="186" hits="2" branch="False" />
            <line number="187" hits="2" branch="False" />
            <line number="188" hits="2" branch="False" />
            <line number="189" hits="2" branch="False" />
            <line number="190" hits="2" branch="False" />
            <line number="191" hits="2" branch="False" />
            <line number="192" hits="2" branch="False" />
            <line number="193" hits="2" branch="False" />
            <line number="194" hits="2" branch="False" />
            <line number="195" hits="2" branch="False" />
            <line number="196" hits="2" branch="False" />
            <line number="197" hits="2" branch="False" />
            <line number="198" hits="2" branch="False" />
            <line number="199" hits="2" branch="False" />
            <line number="200" hits="2" branch="False" />
            <line number="202" hits="2" branch="False" />
            <line number="203" hits="2" branch="False" />
            <line number="204" hits="2" branch="False" />
            <line number="205" hits="2" branch="False" />
            <line number="206" hits="2" branch="False" />
            <line number="207" hits="2" branch="False" />
            <line number="208" hits="2" branch="False" />
            <line number="209" hits="2" branch="False" />
            <line number="210" hits="2" branch="False" />
            <line number="211" hits="2" branch="False" />
            <line number="212" hits="2" branch="False" />
            <line number="213" hits="2" branch="False" />
            <line number="214" hits="2" branch="False" />
            <line number="215" hits="2" branch="False" />
            <line number="216" hits="2" branch="False" />
            <line number="217" hits="2" branch="False" />
            <line number="219" hits="2" branch="False" />
            <line number="220" hits="2" branch="False" />
            <line number="221" hits="2" branch="False" />
            <line number="222" hits="2" branch="False" />
            <line number="223" hits="2" branch="False" />
            <line number="224" hits="2" branch="False" />
            <line number="225" hits="2" branch="False" />
            <line number="226" hits="2" branch="False" />
            <line number="227" hits="2" branch="False" />
            <line number="228" hits="2" branch="False" />
            <line number="229" hits="2" branch="False" />
            <line number="230" hits="2" branch="False" />
            <line number="231" hits="2" branch="False" />
            <line number="232" hits="2" branch="False" />
            <line number="233" hits="2" branch="False" />
            <line number="234" hits="2" branch="False" />
            <line number="235" hits="2" branch="False" />
            <line number="236" hits="2" branch="False" />
            <line number="237" hits="2" branch="False" />
            <line number="238" hits="2" branch="False" />
            <line number="239" hits="2" branch="False" />
            <line number="240" hits="2" branch="False" />
            <line number="241" hits="2" branch="False" />
            <line number="242" hits="2" branch="False" />
            <line number="243" hits="2" branch="False" />
            <line number="244" hits="2" branch="False" />
            <line number="245" hits="2" branch="False" />
            <line number="246" hits="2" branch="False" />
            <line number="247" hits="2" branch="False" />
            <line number="248" hits="2" branch="False" />
            <line number="249" hits="2" branch="False" />
            <line number="250" hits="2" branch="False" />
            <line number="251" hits="2" branch="False" />
            <line number="252" hits="2" branch="False" />
            <line number="254" hits="2" branch="False" />
            <line number="255" hits="2" branch="False" />
            <line number="256" hits="2" branch="False" />
            <line number="257" hits="2" branch="False" />
            <line number="258" hits="2" branch="False" />
            <line number="259" hits="2" branch="False" />
            <line number="260" hits="2" branch="False" />
            <line number="261" hits="2" branch="False" />
            <line number="262" hits="2" branch="False" />
            <line number="263" hits="2" branch="False" />
            <line number="264" hits="2" branch="False" />
            <line number="265" hits="2" branch="False" />
            <line number="266" hits="2" branch="False" />
            <line number="268" hits="2" branch="False" />
            <line number="269" hits="2" branch="False" />
            <line number="270" hits="2" branch="False" />
            <line number="271" hits="2" branch="False" />
            <line number="272" hits="2" branch="False" />
            <line number="273" hits="2" branch="False" />
            <line number="274" hits="2" branch="False" />
            <line number="275" hits="2" branch="False" />
            <line number="276" hits="2" branch="False" />
            <line number="277" hits="2" branch="False" />
            <line number="278" hits="2" branch="False" />
            <line number="279" hits="2" branch="False" />
            <line number="280" hits="2" branch="False" />
            <line number="281" hits="2" branch="False" />
            <line number="282" hits="2" branch="False" />
            <line number="283" hits="2" branch="False" />
            <line number="284" hits="2" branch="False" />
            <line number="285" hits="2" branch="False" />
            <line number="286" hits="2" branch="False" />
            <line number="287" hits="2" branch="False" />
            <line number="288" hits="2" branch="False" />
            <line number="289" hits="2" branch="False" />
            <line number="290" hits="2" branch="False" />
            <line number="291" hits="2" branch="False" />
            <line number="292" hits="2" branch="False" />
            <line number="293" hits="2" branch="False" />
            <line number="294" hits="2" branch="False" />
            <line number="295" hits="2" branch="False" />
            <line number="296" hits="2" branch="False" />
            <line number="297" hits="2" branch="False" />
            <line number="298" hits="2" branch="False" />
            <line number="299" hits="2" branch="False" />
            <line number="300" hits="2" branch="False" />
            <line number="301" hits="2" branch="False" />
            <line number="302" hits="2" branch="False" />
            <line number="303" hits="2" branch="False" />
            <line number="304" hits="2" branch="False" />
            <line number="305" hits="2" branch="False" />
            <line number="306" hits="2" branch="False" />
            <line number="307" hits="2" branch="False" />
            <line number="308" hits="2" branch="False" />
            <line number="309" hits="2" branch="False" />
            <line number="310" hits="2" branch="False" />
            <line number="311" hits="2" branch="False" />
            <line number="312" hits="2" branch="False" />
            <line number="313" hits="2" branch="False" />
            <line number="314" hits="2" branch="False" />
            <line number="315" hits="2" branch="False" />
            <line number="318" hits="2" branch="False" />
            <line number="8" hits="0" branch="False" />
            <line number="9" hits="0" branch="False" />
            <line number="10" hits="0" branch="False" />
            <line number="13" hits="40" branch="False" />
            <line number="14" hits="40" branch="False" />
            <line number="15" hits="40" branch="False" />
          </lines>
        </class>
        <class name="KopiKala.Data.ApplicationDbContext" filename="Data\ApplicationDbContext.cs" line-rate="0" branch-rate="1" complexity="1">
          <methods>
            <method name=".ctor" signature="(Microsoft.EntityFrameworkCore.DbContextOptions`1&lt;KopiKala.Data.ApplicationDbContext&gt;)" line-rate="0" branch-rate="1" complexity="1">
              <lines>
                <line number="7" hits="0" branch="False" />
              </lines>
            </method>
          </methods>
          <lines>
            <line number="7" hits="0" branch="False" />
          </lines>
        </class>
        <class name="KopiKala.Controllers.AuthorizationController" filename="Controllers\AuthorizationController.cs" line-rate="1" branch-rate="1" complexity="1">
          <methods>
            <method name=".ctor" signature="(OpenIddict.Abstractions.IOpenIddictApplicationManager,OpenIddict.Abstractions.IOpenIddictAuthorizationManager,OpenIddict.Abstractions.IOpenIddictScopeManager,KopiKala.Data.AppDbContext)" line-rate="1" branch-rate="1" complexity="1">
              <lines>
                <line number="25" hits="1" branch="False" />
                <line number="26" hits="1" branch="False" />
                <line number="27" hits="1" branch="False" />
                <line number="28" hits="1" branch="False" />
                <line number="29" hits="1" branch="False" />
                <line number="30" hits="1" branch="False" />
                <line number="31" hits="1" branch="False" />
                <line number="32" hits="1" branch="False" />
                <line number="33" hits="1" branch="False" />
                <line number="34" hits="1" branch="False" />
                <line number="35" hits="1" branch="False" />
              </lines>
            </method>
          </methods>
          <lines>
            <line number="25" hits="1" branch="False" />
            <line number="26" hits="1" branch="False" />
            <line number="27" hits="1" branch="False" />
            <line number="28" hits="1" branch="False" />
            <line number="29" hits="1" branch="False" />
            <line number="30" hits="1" branch="False" />
            <line number="31" hits="1" branch="False" />
            <line number="32" hits="1" branch="False" />
            <line number="33" hits="1" branch="False" />
            <line number="34" hits="1" branch="False" />
            <line number="35" hits="1" branch="False" />
          </lines>
        </class>
      </classes>
    </package>
  </packages>
</coverage>